# lattice-depth-per-frame "ark:gunzip -c exp/tri2b_mmi/decode_it3/lat.2.gz|" "ark,t:|gzip -c > exp/tri2b_mmi/decode_it3/depth_tmp.2.gz" ark:- | lattice-best-path --acoustic-scale=0.1 ark:- ark:/dev/null "ark,t:|gzip -c >exp/tri2b_mmi/decode_it3/ali_tmp.2.gz" 
# Started at Sat Dec  9 11:39:51 IST 2023
#
lattice-depth-per-frame 'ark:gunzip -c exp/tri2b_mmi/decode_it3/lat.2.gz|' 'ark,t:|gzip -c > exp/tri2b_mmi/decode_it3/depth_tmp.2.gz' ark:- 
lattice-best-path --acoustic-scale=0.1 ark:- ark:/dev/null 'ark,t:|gzip -c >exp/tri2b_mmi/decode_it3/ali_tmp.2.gz' 
LOG (lattice-best-path[5.5.1074~1-71f3]:main():lattice-best-path.cc:99) For utterance srihari_2_3_3, best cost 18.9531 + 1103.64 = 1122.59 over 141 frames.
LOG (lattice-best-path[5.5.1074~1-71f3]:main():lattice-best-path.cc:99) For utterance srihari_3_4_1, best cost 35.4246 + 1600.6 = 1636.03 over 223 frames.
LOG (lattice-best-path[5.5.1074~1-71f3]:main():lattice-best-path.cc:99) For utterance srihari_3_6_6, best cost 31.84 + 1505.37 = 1537.21 over 223 frames.
LOG (lattice-depth-per-frame[5.5.1074~1-71f3]:main():lattice-depth-per-frame.cc:82) Done 10 lattices.
LOG (lattice-best-path[5.5.1074~1-71f3]:main():lattice-best-path.cc:99) For utterance srihari_4_1_3, best cost 20.1701 + 1242.87 = 1263.04 over 171 frames.
LOG (lattice-best-path[5.5.1074~1-71f3]:main():lattice-best-path.cc:99) For utterance srihari_4_5_6, best cost 29.2757 + 1410.94 = 1440.22 over 204 frames.
LOG (lattice-best-path[5.5.1074~1-71f3]:main():lattice-best-path.cc:99) For utterance srihari_5_3_3, best cost 31.5139 + 1905.33 = 1936.84 over 229 frames.
LOG (lattice-best-path[5.5.1074~1-71f3]:main():lattice-best-path.cc:99) For utterance srihari_5_9_8, best cost 26.864 + 1596.85 = 1623.72 over 209 frames.
LOG (lattice-best-path[5.5.1074~1-71f3]:main():lattice-best-path.cc:99) For utterance srihari_6_7_7, best cost 33.1543 + 1979.86 = 2013.02 over 270 frames.
LOG (lattice-best-path[5.5.1074~1-71f3]:main():lattice-best-path.cc:99) For utterance srihari_8_4_6, best cost 33.8787 + 1356.69 = 1390.57 over 187 frames.
LOG (lattice-best-path[5.5.1074~1-71f3]:main():lattice-best-path.cc:99) For utterance srihari_8_4_7, best cost 26.5455 + 1616.55 = 1643.1 over 228 frames.
LOG (lattice-best-path[5.5.1074~1-71f3]:main():lattice-best-path.cc:124) Overall cost per frame is 7.48505 = 0.137947 [graph] + 7.3471 [acoustic] over 2085 frames.
LOG (lattice-best-path[5.5.1074~1-71f3]:main():lattice-best-path.cc:128) Done 10 lattices, failed for 0
# Accounting: time=0 threads=1
# Ended (code 0) at Sat Dec  9 11:39:51 IST 2023, elapsed time 0 seconds
