# gmm-latgen-faster --max-active=7000 --beam=13.0 --lattice-beam=6.0 --acoustic-scale=0.083333 --allow-partial=true --word-symbol-table=exp/tri2b/graph/words.txt exp/tri2b/final.mdl exp/tri2b/graph/HCLG.fst "ark,s,cs:apply-cmvn  --utt2spk=ark:data/test/split2/2/utt2spk scp:data/test/split2/2/cmvn.scp scp:data/test/split2/2/feats.scp ark:- | splice-feats --left-context=3 --right-context=3 ark:- ark:- | transform-feats exp/tri2b/final.mat ark:- ark:- |" "ark:|gzip -c > exp/tri2b/decode/lat.2.gz" 
# Started at Sat Dec  9 11:39:48 IST 2023
#
gmm-latgen-faster --max-active=7000 --beam=13.0 --lattice-beam=6.0 --acoustic-scale=0.083333 --allow-partial=true --word-symbol-table=exp/tri2b/graph/words.txt exp/tri2b/final.mdl exp/tri2b/graph/HCLG.fst 'ark,s,cs:apply-cmvn  --utt2spk=ark:data/test/split2/2/utt2spk scp:data/test/split2/2/cmvn.scp scp:data/test/split2/2/feats.scp ark:- | splice-feats --left-context=3 --right-context=3 ark:- ark:- | transform-feats exp/tri2b/final.mat ark:- ark:- |' 'ark:|gzip -c > exp/tri2b/decode/lat.2.gz' 
apply-cmvn --utt2spk=ark:data/test/split2/2/utt2spk scp:data/test/split2/2/cmvn.scp scp:data/test/split2/2/feats.scp ark:- 
transform-feats exp/tri2b/final.mat ark:- ark:- 
splice-feats --left-context=3 --right-context=3 ark:- ark:- 
LOG (apply-cmvn[5.5.1074~1-71f3]:main():apply-cmvn.cc:162) Applied cepstral mean normalization to 10 utterances, errors on 0
srihari_2_3_3 2 3 3 
LOG (gmm-latgen-faster[5.5.1074~1-71f3]:DecodeUtteranceLatticeFaster():decoder-wrappers.cc:375) Log-like per frame for utterance srihari_2_3_3 is -6.64114 over 141 frames.
srihari_3_4_1 3 3 4 8 1 3 
LOG (gmm-latgen-faster[5.5.1074~1-71f3]:DecodeUtteranceLatticeFaster():decoder-wrappers.cc:375) Log-like per frame for utterance srihari_3_4_1 is -6.13284 over 223 frames.
srihari_3_6_6 3 3 6 1 6 0 
LOG (gmm-latgen-faster[5.5.1074~1-71f3]:DecodeUtteranceLatticeFaster():decoder-wrappers.cc:375) Log-like per frame for utterance srihari_3_6_6 is -5.77836 over 223 frames.
srihari_4_1_3 7 6 3 
LOG (gmm-latgen-faster[5.5.1074~1-71f3]:DecodeUtteranceLatticeFaster():decoder-wrappers.cc:375) Log-like per frame for utterance srihari_4_1_3 is -6.19717 over 171 frames.
srihari_4_5_6 3 4 6 0 
LOG (gmm-latgen-faster[5.5.1074~1-71f3]:DecodeUtteranceLatticeFaster():decoder-wrappers.cc:375) Log-like per frame for utterance srihari_4_5_6 is -5.87671 over 204 frames.
srihari_5_3_3 3 6 3 3 
LOG (gmm-latgen-faster[5.5.1074~1-71f3]:DecodeUtteranceLatticeFaster():decoder-wrappers.cc:375) Log-like per frame for utterance srihari_5_3_3 is -7.06925 over 229 frames.
srihari_5_9_8 3 0 8 
LOG (gmm-latgen-faster[5.5.1074~1-71f3]:DecodeUtteranceLatticeFaster():decoder-wrappers.cc:375) Log-like per frame for utterance srihari_5_9_8 is -6.50231 over 209 frames.
srihari_6_7_7 3 6 7 3 7 
LOG (gmm-latgen-faster[5.5.1074~1-71f3]:DecodeUtteranceLatticeFaster():decoder-wrappers.cc:375) Log-like per frame for utterance srihari_6_7_7 is -6.23427 over 270 frames.
LOG (transform-feats[5.5.1074~1-71f3]:main():transform-feats.cc:158) Overall average [pseudo-]logdet is -66.2233 over 2085 frames.
LOG (transform-feats[5.5.1074~1-71f3]:main():transform-feats.cc:161) Applied transform to 10 utterances; 0 had errors.
srihari_8_4_6 3 8 4 6 0 
LOG (gmm-latgen-faster[5.5.1074~1-71f3]:DecodeUtteranceLatticeFaster():decoder-wrappers.cc:375) Log-like per frame for utterance srihari_8_4_6 is -6.19655 over 187 frames.
srihari_8_4_7 3 7 4 7 
LOG (gmm-latgen-faster[5.5.1074~1-71f3]:DecodeUtteranceLatticeFaster():decoder-wrappers.cc:375) Log-like per frame for utterance srihari_8_4_7 is -6.01304 over 228 frames.
LOG (gmm-latgen-faster[5.5.1074~1-71f3]:main():gmm-latgen-faster.cc:176) Time taken 0.113275s: real-time factor assuming 100 frames/sec is 0.00543284
LOG (gmm-latgen-faster[5.5.1074~1-71f3]:main():gmm-latgen-faster.cc:179) Done 10 utterances, failed for 0
LOG (gmm-latgen-faster[5.5.1074~1-71f3]:main():gmm-latgen-faster.cc:181) Overall log-likelihood per frame is -6.25515 over 2085 frames.
# Accounting: time=0 threads=1
# Ended (code 0) at Sat Dec  9 11:39:48 IST 2023, elapsed time 0 seconds
