# gmm-latgen-faster --max-active=7000 --beam=13.0 --lattice-beam=6.0 --acoustic-scale=0.083333 --allow-partial=true --word-symbol-table=exp/tri2b/graph/words.txt exp/tri2b/final.mdl exp/tri2b/graph/HCLG.fst "ark,s,cs:apply-cmvn  --utt2spk=ark:data/test/split2/1/utt2spk scp:data/test/split2/1/cmvn.scp scp:data/test/split2/1/feats.scp ark:- | splice-feats --left-context=3 --right-context=3 ark:- ark:- | transform-feats exp/tri2b/final.mat ark:- ark:- |" "ark:|gzip -c > exp/tri2b/decode/lat.1.gz" 
# Started at Sat Dec  9 11:39:48 IST 2023
#
gmm-latgen-faster --max-active=7000 --beam=13.0 --lattice-beam=6.0 --acoustic-scale=0.083333 --allow-partial=true --word-symbol-table=exp/tri2b/graph/words.txt exp/tri2b/final.mdl exp/tri2b/graph/HCLG.fst 'ark,s,cs:apply-cmvn  --utt2spk=ark:data/test/split2/1/utt2spk scp:data/test/split2/1/cmvn.scp scp:data/test/split2/1/feats.scp ark:- | splice-feats --left-context=3 --right-context=3 ark:- ark:- | transform-feats exp/tri2b/final.mat ark:- ark:- |' 'ark:|gzip -c > exp/tri2b/decode/lat.1.gz' 
apply-cmvn --utt2spk=ark:data/test/split2/1/utt2spk scp:data/test/split2/1/cmvn.scp scp:data/test/split2/1/feats.scp ark:- 
transform-feats exp/tri2b/final.mat ark:- ark:- 
splice-feats --left-context=3 --right-context=3 ark:- ark:- 
LOG (apply-cmvn[5.5.1074~1-71f3]:main():apply-cmvn.cc:162) Applied cepstral mean normalization to 10 utterances, errors on 0
pramod_2_3_0 2 3 0 
LOG (gmm-latgen-faster[5.5.1074~1-71f3]:DecodeUtteranceLatticeFaster():decoder-wrappers.cc:375) Log-like per frame for utterance pramod_2_3_0 is -6.78842 over 161 frames.
pramod_2_5_6 2 8 6 
LOG (gmm-latgen-faster[5.5.1074~1-71f3]:DecodeUtteranceLatticeFaster():decoder-wrappers.cc:375) Log-like per frame for utterance pramod_2_5_6 is -7.15401 over 161 frames.
pramod_3_9_2 3 3 2 
LOG (gmm-latgen-faster[5.5.1074~1-71f3]:DecodeUtteranceLatticeFaster():decoder-wrappers.cc:375) Log-like per frame for utterance pramod_3_9_2 is -8.24231 over 151 frames.
pramod_4_5_7 4 8 7 
LOG (gmm-latgen-faster[5.5.1074~1-71f3]:DecodeUtteranceLatticeFaster():decoder-wrappers.cc:375) Log-like per frame for utterance pramod_4_5_7 is -6.16476 over 186 frames.
pramod_4_8_3 4 3 
LOG (gmm-latgen-faster[5.5.1074~1-71f3]:DecodeUtteranceLatticeFaster():decoder-wrappers.cc:375) Log-like per frame for utterance pramod_4_8_3 is -6.25186 over 152 frames.
pramod_5_2_5 3 8 2 7 
LOG (gmm-latgen-faster[5.5.1074~1-71f3]:DecodeUtteranceLatticeFaster():decoder-wrappers.cc:375) Log-like per frame for utterance pramod_5_2_5 is -6.53131 over 170 frames.
pramod_6_1_1 1 
LOG (gmm-latgen-faster[5.5.1074~1-71f3]:DecodeUtteranceLatticeFaster():decoder-wrappers.cc:375) Log-like per frame for utterance pramod_6_1_1 is -7.01842 over 165 frames.
LOG (transform-feats[5.5.1074~1-71f3]:main():transform-feats.cc:158) Overall average [pseudo-]logdet is -66.2233 over 1629 frames.
LOG (transform-feats[5.5.1074~1-71f3]:main():transform-feats.cc:161) Applied transform to 10 utterances; 0 had errors.
pramod_6_7_1 6 7 1 
LOG (gmm-latgen-faster[5.5.1074~1-71f3]:DecodeUtteranceLatticeFaster():decoder-wrappers.cc:375) Log-like per frame for utterance pramod_6_7_1 is -6.57278 over 151 frames.
pramod_7_0_9 4 0 9 
LOG (gmm-latgen-faster[5.5.1074~1-71f3]:DecodeUtteranceLatticeFaster():decoder-wrappers.cc:375) Log-like per frame for utterance pramod_7_0_9 is -7.00548 over 162 frames.
pramod_7_4_6 7 7 6 
LOG (gmm-latgen-faster[5.5.1074~1-71f3]:DecodeUtteranceLatticeFaster():decoder-wrappers.cc:375) Log-like per frame for utterance pramod_7_4_6 is -6.34878 over 170 frames.
LOG (gmm-latgen-faster[5.5.1074~1-71f3]:main():gmm-latgen-faster.cc:176) Time taken 0.088208s: real-time factor assuming 100 frames/sec is 0.00541485
LOG (gmm-latgen-faster[5.5.1074~1-71f3]:main():gmm-latgen-faster.cc:179) Done 10 utterances, failed for 0
LOG (gmm-latgen-faster[5.5.1074~1-71f3]:main():gmm-latgen-faster.cc:181) Overall log-likelihood per frame is -6.79023 over 1629 frames.
# Accounting: time=0 threads=1
# Ended (code 0) at Sat Dec  9 11:39:48 IST 2023, elapsed time 0 seconds
