# lattice-depth-per-frame "ark:gunzip -c exp/tri2b/decode/lat.1.gz|" "ark,t:|gzip -c > exp/tri2b/decode/depth_tmp.1.gz" ark:- | lattice-best-path --acoustic-scale=0.1 ark:- ark:/dev/null "ark,t:|gzip -c >exp/tri2b/decode/ali_tmp.1.gz" 
# Started at Sat Dec  9 11:39:48 IST 2023
#
lattice-depth-per-frame 'ark:gunzip -c exp/tri2b/decode/lat.1.gz|' 'ark,t:|gzip -c > exp/tri2b/decode/depth_tmp.1.gz' ark:- 
lattice-best-path --acoustic-scale=0.1 ark:- ark:/dev/null 'ark,t:|gzip -c >exp/tri2b/decode/ali_tmp.1.gz' 
LOG (lattice-best-path[5.5.1074~1-71f3]:main():lattice-best-path.cc:99) For utterance pramod_2_3_0, best cost 21.5946 + 1285.62 = 1307.21 over 161 frames.
LOG (lattice-depth-per-frame[5.5.1074~1-71f3]:main():lattice-depth-per-frame.cc:82) Done 10 lattices.
LOG (lattice-best-path[5.5.1074~1-71f3]:main():lattice-best-path.cc:99) For utterance pramod_2_5_6, best cost 25.799 + 1351.2 = 1377 over 161 frames.
LOG (lattice-best-path[5.5.1074~1-71f3]:main():lattice-best-path.cc:99) For utterance pramod_3_9_2, best cost 21.3067 + 1467.94 = 1489.25 over 151 frames.
LOG (lattice-best-path[5.5.1074~1-71f3]:main():lattice-best-path.cc:99) For utterance pramod_4_5_7, best cost 27.7971 + 1342.84 = 1370.64 over 186 frames.
LOG (lattice-best-path[5.5.1074~1-71f3]:main():lattice-best-path.cc:99) For utterance pramod_4_8_3, best cost 15.7451 + 1121.45 = 1137.19 over 152 frames.
LOG (lattice-best-path[5.5.1074~1-71f3]:main():lattice-best-path.cc:99) For utterance pramod_5_2_5, best cost 25.7593 + 1301.48 = 1327.24 over 170 frames.
LOG (lattice-best-path[5.5.1074~1-71f3]:main():lattice-best-path.cc:99) For utterance pramod_6_1_1, best cost 12.6032 + 1374.53 = 1387.13 over 165 frames.
LOG (lattice-best-path[5.5.1074~1-71f3]:main():lattice-best-path.cc:99) For utterance pramod_6_7_1, best cost 22.9017 + 1163.51 = 1186.41 over 151 frames.
LOG (lattice-best-path[5.5.1074~1-71f3]:main():lattice-best-path.cc:99) For utterance pramod_7_0_9, best cost 24.1235 + 1332.92 = 1357.05 over 162 frames.
LOG (lattice-best-path[5.5.1074~1-71f3]:main():lattice-best-path.cc:99) For utterance pramod_7_4_6, best cost 21.6573 + 1269.17 = 1290.82 over 170 frames.
LOG (lattice-best-path[5.5.1074~1-71f3]:main():lattice-best-path.cc:124) Overall cost per frame is 8.12152 = 0.134615 [graph] + 7.9869 [acoustic] over 1629 frames.
LOG (lattice-best-path[5.5.1074~1-71f3]:main():lattice-best-path.cc:128) Done 10 lattices, failed for 0
# Accounting: time=0 threads=1
# Ended (code 0) at Sat Dec  9 11:39:48 IST 2023, elapsed time 0 seconds
