gmm-init-model --write-occs=exp/tri2b/1.occs exp/tri2b/tree exp/tri2b/treeacc data/lang/topo exp/tri2b/1.mdl 
LOG (gmm-init-model[5.5.1074~1-71f3]:main():gmm-init-model.cc:271) Number of separate statistics is 524
WARNING (gmm-init-model[5.5.1074~1-71f3]:InitAmGmm():gmm-init-model.cc:55) Tree has pdf-id 1 with no stats; corresponding phone list: 6 7 8 9 10 
WARNING (gmm-init-model[5.5.1074~1-71f3]:InitAmGmm():gmm-init-model.cc:83) Very small count for state 2: 19; corresponding phone list: 11 12 13 14 
WARNING (gmm-init-model[5.5.1074~1-71f3]:InitAmGmm():gmm-init-model.cc:83) Very small count for state 11: 78; corresponding phone list: 47 48 49 50 
WARNING (gmm-init-model[5.5.1074~1-71f3]:InitAmGmm():gmm-init-model.cc:83) Very small count for state 16: 84; corresponding phone list: 67 68 69 70 
WARNING (gmm-init-model[5.5.1074~1-71f3]:InitAmGmm():gmm-init-model.cc:83) Very small count for state 18: 50; corresponding phone list: 75 76 77 78 
WARNING (gmm-init-model[5.5.1074~1-71f3]:InitAmGmm():gmm-init-model.cc:83) Very small count for state 21: 96; corresponding phone list: 27 28 29 30 
WARNING (gmm-init-model[5.5.1074~1-71f3]:InitAmGmm():gmm-init-model.cc:83) Very small count for state 25: 62; corresponding phone list: 35 36 37 38 
WARNING (gmm-init-model[5.5.1074~1-71f3]:InitAmGmm():gmm-init-model.cc:83) Very small count for state 33: 49; corresponding phone list: 43 44 45 46 
WARNING (gmm-init-model[5.5.1074~1-71f3]:InitAmGmm():gmm-init-model.cc:83) Very small count for state 35: 63; corresponding phone list: 67 68 69 70 
WARNING (gmm-init-model[5.5.1074~1-71f3]:InitAmGmm():gmm-init-model.cc:83) Very small count for state 39: 41; corresponding phone list: 27 28 29 30 
WARNING (gmm-init-model[5.5.1074~1-71f3]:InitAmGmm():gmm-init-model.cc:83) Very small count for state 47: 77; corresponding phone list: 19 20 21 22 
WARNING (gmm-init-model[5.5.1074~1-71f3]:InitAmGmm():gmm-init-model.cc:83) Very small count for state 51: 52; corresponding phone list: 19 20 21 22 
WARNING (gmm-init-model[5.5.1074~1-71f3]:InitAmGmm():gmm-init-model.cc:83) Very small count for state 68: 87; corresponding phone list: 27 28 29 30 
WARNING (gmm-init-model[5.5.1074~1-71f3]:InitAmGmm():gmm-init-model.cc:83) Very small count for state 69: 23; corresponding phone list: 27 28 29 30 
WARNING (gmm-init-model[5.5.1074~1-71f3]:InitAmGmm():gmm-init-model.cc:83) Very small count for state 72: 53; corresponding phone list: 55 56 57 58 
WARNING (gmm-init-model[5.5.1074~1-71f3]:InitAmGmm():gmm-init-model.cc:83) Very small count for state 75: 22; corresponding phone list: 19 20 21 22 
WARNING (gmm-init-model[5.5.1074~1-71f3]:InitAmGmm():gmm-init-model.cc:83) Very small count for state 78: 91; corresponding phone list: 27 28 29 30 
WARNING (gmm-init-model[5.5.1074~1-71f3]:InitAmGmm():gmm-init-model.cc:83) Very small count for state 80: 96; corresponding phone list: 19 20 21 22 
WARNING (gmm-init-model[5.5.1074~1-71f3]:InitAmGmm():gmm-init-model.cc:83) Very small count for state 88: 99; corresponding phone list: 11 12 13 14 
WARNING (gmm-init-model[5.5.1074~1-71f3]:InitAmGmm():gmm-init-model.cc:83) Very small count for state 89: 66; corresponding phone list: 23 24 25 26 
WARNING (gmm-init-model[5.5.1074~1-71f3]:InitAmGmm():gmm-init-model.cc:83) Very small count for state 91: 82; corresponding phone list: 67 68 69 70 
WARNING (gmm-init-model[5.5.1074~1-71f3]:InitAmGmm():gmm-init-model.cc:83) Very small count for state 94: 77; corresponding phone list: 39 40 41 42 
LOG (gmm-init-model[5.5.1074~1-71f3]:main():gmm-init-model.cc:306) Wrote model.
