# ali-to-post "ark:gunzip -c exp/tri2b/ali.1.gz|" ark:- | weight-silence-post 0.0 1:2:3:4:5:6:7:8:9:10 exp/tri2b/12.mdl ark:- ark:- | gmm-acc-mllt --rand-prune=4.0 exp/tri2b/12.mdl "ark,s,cs:apply-cmvn  --utt2spk=ark:data/train/split2/1/utt2spk scp:data/train/split2/1/cmvn.scp scp:data/train/split2/1/feats.scp ark:- | splice-feats --left-context=3 --right-context=3 ark:- ark:- | transform-feats exp/tri2b/6.mat ark:- ark:- |" ark,s,o,cs:- exp/tri2b/12.1.macc 
# Started at Sat Dec  9 11:39:45 IST 2023
#
ali-to-post 'ark:gunzip -c exp/tri2b/ali.1.gz|' ark:- 
weight-silence-post 0.0 1:2:3:4:5:6:7:8:9:10 exp/tri2b/12.mdl ark:- ark:- 
gmm-acc-mllt --rand-prune=4.0 exp/tri2b/12.mdl 'ark,s,cs:apply-cmvn  --utt2spk=ark:data/train/split2/1/utt2spk scp:data/train/split2/1/cmvn.scp scp:data/train/split2/1/feats.scp ark:- | splice-feats --left-context=3 --right-context=3 ark:- ark:- | transform-feats exp/tri2b/6.mat ark:- ark:- |' ark,s,o,cs:- exp/tri2b/12.1.macc 
splice-feats --left-context=3 --right-context=3 ark:- ark:- 
apply-cmvn --utt2spk=ark:data/train/split2/1/utt2spk scp:data/train/split2/1/cmvn.scp scp:data/train/split2/1/feats.scp ark:- 
transform-feats exp/tri2b/6.mat ark:- ark:- 
LOG (gmm-acc-mllt[5.5.1074~1-71f3]:main():gmm-acc-mllt.cc:108) Average like for this file is -41.9514 over 393 frames.
LOG (gmm-acc-mllt[5.5.1074~1-71f3]:main():gmm-acc-mllt.cc:108) Average like for this file is -34.2887 over 294 frames.
LOG (gmm-acc-mllt[5.5.1074~1-71f3]:main():gmm-acc-mllt.cc:108) Average like for this file is -38.006 over 317 frames.
LOG (gmm-acc-mllt[5.5.1074~1-71f3]:main():gmm-acc-mllt.cc:108) Average like for this file is -55.9257 over 106 frames.
LOG (gmm-acc-mllt[5.5.1074~1-71f3]:main():gmm-acc-mllt.cc:108) Average like for this file is -40.1274 over 380 frames.
LOG (gmm-acc-mllt[5.5.1074~1-71f3]:main():gmm-acc-mllt.cc:108) Average like for this file is -37.4414 over 272 frames.
LOG (gmm-acc-mllt[5.5.1074~1-71f3]:main():gmm-acc-mllt.cc:108) Average like for this file is -36.136 over 296 frames.
LOG (gmm-acc-mllt[5.5.1074~1-71f3]:main():gmm-acc-mllt.cc:108) Average like for this file is -39.9126 over 352 frames.
LOG (gmm-acc-mllt[5.5.1074~1-71f3]:main():gmm-acc-mllt.cc:108) Average like for this file is -34.1204 over 289 frames.
LOG (ali-to-post[5.5.1074~1-71f3]:main():ali-to-post.cc:73) Converted 50 alignments.
LOG (gmm-acc-mllt[5.5.1074~1-71f3]:main():gmm-acc-mllt.cc:108) Average like for this file is -36.9416 over 296 frames.
LOG (gmm-acc-mllt[5.5.1074~1-71f3]:main():gmm-acc-mllt.cc:114) Avg like per frame so far is -38.57
LOG (gmm-acc-mllt[5.5.1074~1-71f3]:main():gmm-acc-mllt.cc:108) Average like for this file is -54.3277 over 174 frames.
LOG (gmm-acc-mllt[5.5.1074~1-71f3]:main():gmm-acc-mllt.cc:108) Average like for this file is -53.8006 over 199 frames.
LOG (gmm-acc-mllt[5.5.1074~1-71f3]:main():gmm-acc-mllt.cc:108) Average like for this file is -51.9404 over 169 frames.
LOG (gmm-acc-mllt[5.5.1074~1-71f3]:main():gmm-acc-mllt.cc:108) Average like for this file is -53.049 over 149 frames.
LOG (gmm-acc-mllt[5.5.1074~1-71f3]:main():gmm-acc-mllt.cc:108) Average like for this file is -51.2036 over 182 frames.
LOG (gmm-acc-mllt[5.5.1074~1-71f3]:main():gmm-acc-mllt.cc:108) Average like for this file is -52.1283 over 165 frames.
LOG (gmm-acc-mllt[5.5.1074~1-71f3]:main():gmm-acc-mllt.cc:108) Average like for this file is -57.9129 over 169 frames.
LOG (gmm-acc-mllt[5.5.1074~1-71f3]:main():gmm-acc-mllt.cc:108) Average like for this file is -52.9768 over 170 frames.
LOG (gmm-acc-mllt[5.5.1074~1-71f3]:main():gmm-acc-mllt.cc:108) Average like for this file is -47.3963 over 176 frames.
LOG (gmm-acc-mllt[5.5.1074~1-71f3]:main():gmm-acc-mllt.cc:108) Average like for this file is -47.0905 over 176 frames.
LOG (gmm-acc-mllt[5.5.1074~1-71f3]:main():gmm-acc-mllt.cc:114) Avg like per frame so far is -43.5441
LOG (gmm-acc-mllt[5.5.1074~1-71f3]:main():gmm-acc-mllt.cc:108) Average like for this file is -51.6811 over 161 frames.
LOG (gmm-acc-mllt[5.5.1074~1-71f3]:main():gmm-acc-mllt.cc:108) Average like for this file is -56.4101 over 138 frames.
LOG (gmm-acc-mllt[5.5.1074~1-71f3]:main():gmm-acc-mllt.cc:108) Average like for this file is -50.155 over 171 frames.
LOG (gmm-acc-mllt[5.5.1074~1-71f3]:main():gmm-acc-mllt.cc:108) Average like for this file is -51.6641 over 152 frames.
LOG (gmm-acc-mllt[5.5.1074~1-71f3]:main():gmm-acc-mllt.cc:108) Average like for this file is -57.4446 over 162 frames.
LOG (gmm-acc-mllt[5.5.1074~1-71f3]:main():gmm-acc-mllt.cc:108) Average like for this file is -52.4736 over 116 frames.
LOG (gmm-acc-mllt[5.5.1074~1-71f3]:main():gmm-acc-mllt.cc:108) Average like for this file is -48.7182 over 127 frames.
LOG (gmm-acc-mllt[5.5.1074~1-71f3]:main():gmm-acc-mllt.cc:108) Average like for this file is -49.9603 over 116 frames.
LOG (gmm-acc-mllt[5.5.1074~1-71f3]:main():gmm-acc-mllt.cc:108) Average like for this file is -52.0318 over 127 frames.
LOG (gmm-acc-mllt[5.5.1074~1-71f3]:main():gmm-acc-mllt.cc:108) Average like for this file is -49.9177 over 133 frames.
LOG (gmm-acc-mllt[5.5.1074~1-71f3]:main():gmm-acc-mllt.cc:114) Avg like per frame so far is -45.5132
LOG (gmm-acc-mllt[5.5.1074~1-71f3]:main():gmm-acc-mllt.cc:108) Average like for this file is -57.7577 over 192 frames.
LOG (weight-silence-post[5.5.1074~1-71f3]:main():weight-silence-post.cc:95) Done 50 posteriors.
LOG (gmm-acc-mllt[5.5.1074~1-71f3]:main():gmm-acc-mllt.cc:108) Average like for this file is -53.1618 over 180 frames.
LOG (gmm-acc-mllt[5.5.1074~1-71f3]:main():gmm-acc-mllt.cc:108) Average like for this file is -54.3512 over 151 frames.
LOG (gmm-acc-mllt[5.5.1074~1-71f3]:main():gmm-acc-mllt.cc:108) Average like for this file is -53.8611 over 183 frames.
LOG (gmm-acc-mllt[5.5.1074~1-71f3]:main():gmm-acc-mllt.cc:108) Average like for this file is -55.056 over 160 frames.
LOG (gmm-acc-mllt[5.5.1074~1-71f3]:main():gmm-acc-mllt.cc:108) Average like for this file is -56.4125 over 134 frames.
LOG (gmm-acc-mllt[5.5.1074~1-71f3]:main():gmm-acc-mllt.cc:108) Average like for this file is -53.7367 over 210 frames.
LOG (apply-cmvn[5.5.1074~1-71f3]:main():apply-cmvn.cc:162) Applied cepstral mean normalization to 50 utterances, errors on 0
LOG (gmm-acc-mllt[5.5.1074~1-71f3]:main():gmm-acc-mllt.cc:108) Average like for this file is -56.4974 over 158 frames.
LOG (gmm-acc-mllt[5.5.1074~1-71f3]:main():gmm-acc-mllt.cc:108) Average like for this file is -53.9184 over 197 frames.
LOG (gmm-acc-mllt[5.5.1074~1-71f3]:main():gmm-acc-mllt.cc:108) Average like for this file is -50.4692 over 197 frames.
LOG (gmm-acc-mllt[5.5.1074~1-71f3]:main():gmm-acc-mllt.cc:114) Avg like per frame so far is -47.4998
LOG (gmm-acc-mllt[5.5.1074~1-71f3]:main():gmm-acc-mllt.cc:108) Average like for this file is -55.7577 over 151 frames.
LOG (gmm-acc-mllt[5.5.1074~1-71f3]:main():gmm-acc-mllt.cc:108) Average like for this file is -52.0508 over 154 frames.
LOG (gmm-acc-mllt[5.5.1074~1-71f3]:main():gmm-acc-mllt.cc:108) Average like for this file is -59.3234 over 127 frames.
LOG (gmm-acc-mllt[5.5.1074~1-71f3]:main():gmm-acc-mllt.cc:108) Average like for this file is -55.5243 over 137 frames.
LOG (gmm-acc-mllt[5.5.1074~1-71f3]:main():gmm-acc-mllt.cc:108) Average like for this file is -54.949 over 143 frames.
LOG (gmm-acc-mllt[5.5.1074~1-71f3]:main():gmm-acc-mllt.cc:108) Average like for this file is -57.1933 over 126 frames.
LOG (gmm-acc-mllt[5.5.1074~1-71f3]:main():gmm-acc-mllt.cc:108) Average like for this file is -57.9189 over 143 frames.
LOG (transform-feats[5.5.1074~1-71f3]:main():transform-feats.cc:158) Overall average [pseudo-]logdet is -66.7622 over 12110 frames.
LOG (transform-feats[5.5.1074~1-71f3]:main():transform-feats.cc:161) Applied transform to 50 utterances; 0 had errors.
LOG (gmm-acc-mllt[5.5.1074~1-71f3]:main():gmm-acc-mllt.cc:108) Average like for this file is -55.9653 over 126 frames.
LOG (gmm-acc-mllt[5.5.1074~1-71f3]:main():gmm-acc-mllt.cc:108) Average like for this file is -56.716 over 140 frames.
LOG (gmm-acc-mllt[5.5.1074~1-71f3]:main():gmm-acc-mllt.cc:108) Average like for this file is -55.0862 over 154 frames.
LOG (gmm-acc-mllt[5.5.1074~1-71f3]:main():gmm-acc-mllt.cc:114) Avg like per frame so far is -48.7754
LOG (gmm-acc-mllt[5.5.1074~1-71f3]:main():gmm-acc-mllt.cc:119) Done 50 files, 0 with no posteriors, 0 with other errors.
LOG (gmm-acc-mllt[5.5.1074~1-71f3]:main():gmm-acc-mllt.cc:123) Overall avg like per frame (Gaussian only) = -48.7754 over 9290 frames.
LOG (gmm-acc-mllt[5.5.1074~1-71f3]:main():gmm-acc-mllt.cc:127) Written accs.
# Accounting: time=0 threads=1
# Ended (code 0) at Sat Dec  9 11:39:45 IST 2023, elapsed time 0 seconds
