# gmm-est --write-occs=exp/tri2b/13.occs --mix-up=1488 --power=0.25 exp/tri2b/12.mdl "gmm-sum-accs - exp/tri2b/12.*.acc |" exp/tri2b/13.mdl 
# Started at Sat Dec  9 11:39:45 IST 2023
#
gmm-est --write-occs=exp/tri2b/13.occs --mix-up=1488 --power=0.25 exp/tri2b/12.mdl 'gmm-sum-accs - exp/tri2b/12.*.acc |' exp/tri2b/13.mdl 
gmm-sum-accs - exp/tri2b/12.1.acc exp/tri2b/12.2.acc 
LOG (gmm-sum-accs[5.5.1074~1-71f3]:main():gmm-sum-accs.cc:63) Summed 2 stats, total count 28546, avg like/frame -47.6139
LOG (gmm-sum-accs[5.5.1074~1-71f3]:main():gmm-sum-accs.cc:66) Total count of stats is 28546
LOG (gmm-sum-accs[5.5.1074~1-71f3]:main():gmm-sum-accs.cc:67) Written stats to -
LOG (gmm-est[5.5.1074~1-71f3]:MleUpdate():transition-model.cc:528) TransitionModel::Update, objf change is 0 per frame over 28546 frames. 
LOG (gmm-est[5.5.1074~1-71f3]:MleUpdate():transition-model.cc:531) 34 probabilities floored, 360 out of 486 transition-states skipped due to insuffient data (it is normal to have some skipped.)
LOG (gmm-est[5.5.1074~1-71f3]:main():gmm-est.cc:102) Transition model update: Overall 0 log-like improvement per frame over 28546 frames.
WARNING (gmm-est[5.5.1074~1-71f3]:MleDiagGmmUpdate():mle-diag-gmm.cc:359) Too little data - removing Gaussian (weight 0.009623, occupation count 6.428028, vector size 40)
WARNING (gmm-est[5.5.1074~1-71f3]:MleDiagGmmUpdate():mle-diag-gmm.cc:359) Too little data - removing Gaussian (weight 0.013505, occupation count 9.021517, vector size 40)
WARNING (gmm-est[5.5.1074~1-71f3]:MleDiagGmmUpdate():mle-diag-gmm.cc:365) Gaussian has too little data but not removing it because it is the last Gaussian: i = 0, occ = 0, weight = 1
WARNING (gmm-est[5.5.1074~1-71f3]:MleDiagGmmUpdate():mle-diag-gmm.cc:359) Too little data - removing Gaussian (weight 0.015206, occupation count 8.135196, vector size 40)
WARNING (gmm-est[5.5.1074~1-71f3]:MleDiagGmmUpdate():mle-diag-gmm.cc:359) Too little data - removing Gaussian (weight 0.046297, occupation count 9.074284, vector size 40)
WARNING (gmm-est[5.5.1074~1-71f3]:MleDiagGmmUpdate():mle-diag-gmm.cc:359) Too little data - removing Gaussian (weight 0.004435, occupation count 9.215279, vector size 40)
WARNING (gmm-est[5.5.1074~1-71f3]:MleDiagGmmUpdate():mle-diag-gmm.cc:359) Too little data - removing Gaussian (weight 0.004773, occupation count 9.918405, vector size 40)
WARNING (gmm-est[5.5.1074~1-71f3]:MleDiagGmmUpdate():mle-diag-gmm.cc:359) Too little data - removing Gaussian (weight 0.004480, occupation count 9.308699, vector size 40)
WARNING (gmm-est[5.5.1074~1-71f3]:MleDiagGmmUpdate():mle-diag-gmm.cc:359) Too little data - removing Gaussian (weight 0.008573, occupation count 9.370689, vector size 40)
WARNING (gmm-est[5.5.1074~1-71f3]:MleDiagGmmUpdate():mle-diag-gmm.cc:359) Too little data - removing Gaussian (weight 0.008093, occupation count 8.845147, vector size 40)
WARNING (gmm-est[5.5.1074~1-71f3]:MleDiagGmmUpdate():mle-diag-gmm.cc:359) Too little data - removing Gaussian (weight 0.022151, occupation count 8.793946, vector size 40)
WARNING (gmm-est[5.5.1074~1-71f3]:MleDiagGmmUpdate():mle-diag-gmm.cc:359) Too little data - removing Gaussian (weight 0.035191, occupation count 9.994382, vector size 40)
WARNING (gmm-est[5.5.1074~1-71f3]:MleDiagGmmUpdate():mle-diag-gmm.cc:359) Too little data - removing Gaussian (weight 0.027756, occupation count 9.547981, vector size 40)
WARNING (gmm-est[5.5.1074~1-71f3]:MleDiagGmmUpdate():mle-diag-gmm.cc:359) Too little data - removing Gaussian (weight 0.020712, occupation count 8.844147, vector size 40)
WARNING (gmm-est[5.5.1074~1-71f3]:MleDiagGmmUpdate():mle-diag-gmm.cc:359) Too little data - removing Gaussian (weight 0.019718, occupation count 8.439457, vector size 40)
LOG (gmm-est[5.5.1074~1-71f3]:MleAmDiagGmmUpdate():mle-am-diag-gmm.cc:225) 0 variance elements floored in 0 Gaussians, out of 1371
LOG (gmm-est[5.5.1074~1-71f3]:MleAmDiagGmmUpdate():mle-am-diag-gmm.cc:229) Removed 14 Gaussians due to counts < --min-gaussian-occupancy=10 and --remove-low-count-gaussians=true
LOG (gmm-est[5.5.1074~1-71f3]:main():gmm-est.cc:113) GMM update: Overall 0.367564 objective function improvement per frame over 28546 frames
LOG (gmm-est[5.5.1074~1-71f3]:main():gmm-est.cc:116) GMM update: Overall avg like per frame = -47.6139 over 28546 frames.
WARNING (gmm-est[5.5.1074~1-71f3]:GetSplitTargets():model-common.cc:134) Could not split up to 1488 due to min-count = 20 (or no counts at all)

LOG (gmm-est[5.5.1074~1-71f3]:SplitByCount():am-diag-gmm.cc:116) Split 96 states with target = 1488, power = 0.25, perturb_factor = 0.01 and min_count = 20, split #Gauss from 1371 to 1386
LOG (gmm-est[5.5.1074~1-71f3]:main():gmm-est.cc:146) Written model to exp/tri2b/13.mdl
# Accounting: time=0 threads=1
# Ended (code 0) at Sat Dec  9 11:39:45 IST 2023, elapsed time 0 seconds
