# gmm-est --write-occs=exp/tri2b/2.occs --mix-up=300 --power=0.25 exp/tri2b/1.mdl "gmm-sum-accs - exp/tri2b/1.*.acc |" exp/tri2b/2.mdl 
# Started at Sat Dec  9 11:39:43 IST 2023
#
gmm-est --write-occs=exp/tri2b/2.occs --mix-up=300 --power=0.25 exp/tri2b/1.mdl 'gmm-sum-accs - exp/tri2b/1.*.acc |' exp/tri2b/2.mdl 
gmm-sum-accs - exp/tri2b/1.1.acc exp/tri2b/1.2.acc 
LOG (gmm-sum-accs[5.5.1074~1-71f3]:main():gmm-sum-accs.cc:63) Summed 2 stats, total count 28546, avg like/frame -53.6585
LOG (gmm-sum-accs[5.5.1074~1-71f3]:main():gmm-sum-accs.cc:66) Total count of stats is 28546
LOG (gmm-sum-accs[5.5.1074~1-71f3]:main():gmm-sum-accs.cc:67) Written stats to -
LOG (gmm-est[5.5.1074~1-71f3]:MleUpdate():transition-model.cc:528) TransitionModel::Update, objf change is 0.322004 per frame over 28546 frames. 
LOG (gmm-est[5.5.1074~1-71f3]:MleUpdate():transition-model.cc:531) 32 probabilities floored, 359 out of 486 transition-states skipped due to insuffient data (it is normal to have some skipped.)
LOG (gmm-est[5.5.1074~1-71f3]:main():gmm-est.cc:102) Transition model update: Overall 0.322004 log-like improvement per frame over 28546 frames.
WARNING (gmm-est[5.5.1074~1-71f3]:MleDiagGmmUpdate():mle-diag-gmm.cc:365) Gaussian has too little data but not removing it because it is the last Gaussian: i = 0, occ = 0, weight = 1
LOG (gmm-est[5.5.1074~1-71f3]:MleAmDiagGmmUpdate():mle-am-diag-gmm.cc:225) 0 variance elements floored in 0 Gaussians, out of 96
LOG (gmm-est[5.5.1074~1-71f3]:MleAmDiagGmmUpdate():mle-am-diag-gmm.cc:229) Removed 0 Gaussians due to counts < --min-gaussian-occupancy=10 and --remove-low-count-gaussians=true
LOG (gmm-est[5.5.1074~1-71f3]:main():gmm-est.cc:113) GMM update: Overall -6.62821e-07 objective function improvement per frame over 28546 frames
LOG (gmm-est[5.5.1074~1-71f3]:main():gmm-est.cc:116) GMM update: Overall avg like per frame = -53.6585 over 28546 frames.
LOG (gmm-est[5.5.1074~1-71f3]:SplitByCount():am-diag-gmm.cc:116) Split 96 states with target = 300, power = 0.25, perturb_factor = 0.01 and min_count = 20, split #Gauss from 96 to 300
LOG (gmm-est[5.5.1074~1-71f3]:main():gmm-est.cc:146) Written model to exp/tri2b/2.mdl
# Accounting: time=0 threads=1
# Ended (code 0) at Sat Dec  9 11:39:43 IST 2023, elapsed time 0 seconds
