# ali-to-post "ark:gunzip -c exp/tri3b_ali/pre_ali.2.gz|" ark:- | weight-silence-post 0.0 1:2:3:4:5:6:7:8:9:10 exp/tri3b/final.alimdl ark:- ark:- | gmm-post-to-gpost exp/tri3b/final.alimdl "ark,s,cs:apply-cmvn  --utt2spk=ark:data/train/split2/2/utt2spk scp:data/train/split2/2/cmvn.scp scp:data/train/split2/2/feats.scp ark:- | splice-feats --left-context=3 --right-context=3 ark:- ark:- | transform-feats exp/tri3b/final.mat ark:- ark:- |" ark:- ark:- | gmm-est-fmllr-gpost --fmllr-update-type=full --spk2utt=ark:data/train/split2/2/spk2utt exp/tri3b/final.mdl "ark,s,cs:apply-cmvn  --utt2spk=ark:data/train/split2/2/utt2spk scp:data/train/split2/2/cmvn.scp scp:data/train/split2/2/feats.scp ark:- | splice-feats --left-context=3 --right-context=3 ark:- ark:- | transform-feats exp/tri3b/final.mat ark:- ark:- |" ark,s,cs:- ark:exp/tri3b_ali/trans.2 
# Started at Sat Dec  9 11:40:01 IST 2023
#
ali-to-post 'ark:gunzip -c exp/tri3b_ali/pre_ali.2.gz|' ark:- 
weight-silence-post 0.0 1:2:3:4:5:6:7:8:9:10 exp/tri3b/final.alimdl ark:- ark:- 
gmm-post-to-gpost exp/tri3b/final.alimdl 'ark,s,cs:apply-cmvn  --utt2spk=ark:data/train/split2/2/utt2spk scp:data/train/split2/2/cmvn.scp scp:data/train/split2/2/feats.scp ark:- | splice-feats --left-context=3 --right-context=3 ark:- ark:- | transform-feats exp/tri3b/final.mat ark:- ark:- |' ark:- ark:- 
gmm-est-fmllr-gpost --fmllr-update-type=full --spk2utt=ark:data/train/split2/2/spk2utt exp/tri3b/final.mdl 'ark,s,cs:apply-cmvn  --utt2spk=ark:data/train/split2/2/utt2spk scp:data/train/split2/2/cmvn.scp scp:data/train/split2/2/feats.scp ark:- | splice-feats --left-context=3 --right-context=3 ark:- ark:- | transform-feats exp/tri3b/final.mat ark:- ark:- |' ark,s,cs:- ark:exp/tri3b_ali/trans.2 
apply-cmvn --utt2spk=ark:data/train/split2/2/utt2spk scp:data/train/split2/2/cmvn.scp scp:data/train/split2/2/feats.scp ark:- 
transform-feats exp/tri3b/final.mat ark:- ark:- 
splice-feats --left-context=3 --right-context=3 ark:- ark:- 
transform-feats exp/tri3b/final.mat ark:- ark:- 
splice-feats --left-context=3 --right-context=3 ark:- ark:- 
apply-cmvn --utt2spk=ark:data/train/split2/2/utt2spk scp:data/train/split2/2/cmvn.scp scp:data/train/split2/2/feats.scp ark:- 
LOG (gmm-est-fmllr-gpost[5.5.1074~1-71f3]:ComputeFmllrMatrixDiagGmmFull():fmllr-diag-gmm.cc:262) fMLLR objf improvement is 17.0786 per frame over 1685 frames.
LOG (gmm-est-fmllr-gpost[5.5.1074~1-71f3]:main():gmm-est-fmllr-gpost.cc:141) For speaker pramod, auxf-impr from fMLLR is 17.0786, over 1685 frames.

LOG (gmm-est-fmllr-gpost[5.5.1074~1-71f3]:ComputeFmllrMatrixDiagGmmFull():fmllr-diag-gmm.cc:262) fMLLR objf improvement is 9.27075 per frame over 2361 frames.
LOG (gmm-est-fmllr-gpost[5.5.1074~1-71f3]:main():gmm-est-fmllr-gpost.cc:141) For speaker priyanka, auxf-impr from fMLLR is 9.27075, over 2361 frames.

LOG (ali-to-post[5.5.1074~1-71f3]:main():ali-to-post.cc:73) Converted 50 alignments.
LOG (gmm-est-fmllr-gpost[5.5.1074~1-71f3]:ComputeFmllrMatrixDiagGmmFull():fmllr-diag-gmm.cc:262) fMLLR objf improvement is 19.6245 per frame over 2798 frames.
LOG (gmm-est-fmllr-gpost[5.5.1074~1-71f3]:main():gmm-est-fmllr-gpost.cc:141) For speaker shubankar, auxf-impr from fMLLR is 19.6245, over 2798 frames.

LOG (weight-silence-post[5.5.1074~1-71f3]:main():weight-silence-post.cc:95) Done 50 posteriors.
LOG (gmm-est-fmllr-gpost[5.5.1074~1-71f3]:ComputeFmllrMatrixDiagGmmFull():fmllr-diag-gmm.cc:262) fMLLR objf improvement is 19.9644 per frame over 1642 frames.
LOG (gmm-est-fmllr-gpost[5.5.1074~1-71f3]:main():gmm-est-fmllr-gpost.cc:141) For speaker srihari, auxf-impr from fMLLR is 19.9644, over 1642 frames.

LOG (apply-cmvn[5.5.1074~1-71f3]:main():apply-cmvn.cc:162) Applied cepstral mean normalization to 50 utterances, errors on 0
LOG (apply-cmvn[5.5.1074~1-71f3]:main():apply-cmvn.cc:162) Applied cepstral mean normalization to 50 utterances, errors on 0
LOG (transform-feats[5.5.1074~1-71f3]:main():transform-feats.cc:158) Overall average [pseudo-]logdet is -66.2233 over 16436 frames.
LOG (transform-feats[5.5.1074~1-71f3]:main():transform-feats.cc:161) Applied transform to 50 utterances; 0 had errors.
LOG (gmm-post-to-gpost[5.5.1074~1-71f3]:main():gmm-post-to-gpost.cc:124) Done 50 files, 0 with no posteriors, 0 with other errors.
LOG (gmm-post-to-gpost[5.5.1074~1-71f3]:main():gmm-post-to-gpost.cc:128) Overall avg like per frame (Gaussian only) = -44.26 over 11508 frames.
LOG (gmm-post-to-gpost[5.5.1074~1-71f3]:main():gmm-post-to-gpost.cc:131) Done converting post to gpost
LOG (transform-feats[5.5.1074~1-71f3]:main():transform-feats.cc:158) Overall average [pseudo-]logdet is -66.2233 over 16436 frames.
LOG (transform-feats[5.5.1074~1-71f3]:main():transform-feats.cc:161) Applied transform to 50 utterances; 0 had errors.
LOG (gmm-est-fmllr-gpost[5.5.1074~1-71f3]:ComputeFmllrMatrixDiagGmmFull():fmllr-diag-gmm.cc:262) fMLLR objf improvement is 9.02172 per frame over 3022 frames.
LOG (gmm-est-fmllr-gpost[5.5.1074~1-71f3]:main():gmm-est-fmllr-gpost.cc:141) For speaker subhangi, auxf-impr from fMLLR is 9.02172, over 3022 frames.

LOG (gmm-est-fmllr-gpost[5.5.1074~1-71f3]:main():gmm-est-fmllr-gpost.cc:186) Done 50 files, 0 with no gposts, 0 with other errors.
LOG (gmm-est-fmllr-gpost[5.5.1074~1-71f3]:main():gmm-est-fmllr-gpost.cc:188) Overall fMLLR auxf impr per frame is 14.3917 over 11508 frames.
# Accounting: time=1 threads=1
# Ended (code 0) at Sat Dec  9 11:40:02 IST 2023, elapsed time 1 seconds
