# gmm-init-model --write-occs=exp/tri2a/1.occs exp/tri2a/tree exp/tri2a/treeacc data/lang/topo exp/tri2a/1.mdl 
# Started at Sat Dec  9 11:39:39 IST 2023
#
gmm-init-model --write-occs=exp/tri2a/1.occs exp/tri2a/tree exp/tri2a/treeacc data/lang/topo exp/tri2a/1.mdl 
LOG (gmm-init-model[5.5.1074~1-71f3]:main():gmm-init-model.cc:271) Number of separate statistics is 524
WARNING (gmm-init-model[5.5.1074~1-71f3]:InitAmGmm():gmm-init-model.cc:55) Tree has pdf-id 1 with no stats; corresponding phone list: 6 7 8 9 10 
WARNING (gmm-init-model[5.5.1074~1-71f3]:InitAmGmm():gmm-init-model.cc:83) Very small count for state 2: 19; corresponding phone list: 11 12 13 14 
WARNING (gmm-init-model[5.5.1074~1-71f3]:InitAmGmm():gmm-init-model.cc:83) Very small count for state 6: 96; corresponding phone list: 27 28 29 30 
WARNING (gmm-init-model[5.5.1074~1-71f3]:InitAmGmm():gmm-init-model.cc:83) Very small count for state 11: 78; corresponding phone list: 47 48 49 50 
WARNING (gmm-init-model[5.5.1074~1-71f3]:InitAmGmm():gmm-init-model.cc:83) Very small count for state 26: 62; corresponding phone list: 35 36 37 38 
WARNING (gmm-init-model[5.5.1074~1-71f3]:InitAmGmm():gmm-init-model.cc:83) Very small count for state 38: 88; corresponding phone list: 55 56 57 58 
WARNING (gmm-init-model[5.5.1074~1-71f3]:InitAmGmm():gmm-init-model.cc:83) Very small count for state 42: 66; corresponding phone list: 23 24 25 26 
WARNING (gmm-init-model[5.5.1074~1-71f3]:InitAmGmm():gmm-init-model.cc:83) Very small count for state 47: 52; corresponding phone list: 19 20 21 22 
WARNING (gmm-init-model[5.5.1074~1-71f3]:InitAmGmm():gmm-init-model.cc:83) Very small count for state 58: 92; corresponding phone list: 55 56 57 58 
WARNING (gmm-init-model[5.5.1074~1-71f3]:InitAmGmm():gmm-init-model.cc:83) Very small count for state 64: 23; corresponding phone list: 27 28 29 30 
WARNING (gmm-init-model[5.5.1074~1-71f3]:InitAmGmm():gmm-init-model.cc:83) Very small count for state 68: 91; corresponding phone list: 27 28 29 30 
WARNING (gmm-init-model[5.5.1074~1-71f3]:InitAmGmm():gmm-init-model.cc:83) Very small count for state 69: 85; corresponding phone list: 27 28 29 30 
WARNING (gmm-init-model[5.5.1074~1-71f3]:InitAmGmm():gmm-init-model.cc:83) Very small count for state 71: 77; corresponding phone list: 19 20 21 22 
WARNING (gmm-init-model[5.5.1074~1-71f3]:InitAmGmm():gmm-init-model.cc:83) Very small count for state 73: 75; corresponding phone list: 51 52 53 54 
WARNING (gmm-init-model[5.5.1074~1-71f3]:InitAmGmm():gmm-init-model.cc:83) Very small count for state 78: 86; corresponding phone list: 39 40 41 42 
WARNING (gmm-init-model[5.5.1074~1-71f3]:InitAmGmm():gmm-init-model.cc:83) Very small count for state 79: 96; corresponding phone list: 19 20 21 22 
LOG (gmm-init-model[5.5.1074~1-71f3]:main():gmm-init-model.cc:306) Wrote model.
# Accounting: time=0 threads=1
# Ended (code 0) at Sat Dec  9 11:39:39 IST 2023, elapsed time 0 seconds
