# gmm-est --mix-up=1056 --power=0.25 --write-occs=exp/tri2a/9.occs exp/tri2a/8.mdl "gmm-sum-accs - exp/tri2a/8.*.acc |" exp/tri2a/9.mdl 
# Started at Sat Dec  9 11:39:40 IST 2023
#
gmm-est --mix-up=1056 --power=0.25 --write-occs=exp/tri2a/9.occs exp/tri2a/8.mdl 'gmm-sum-accs - exp/tri2a/8.*.acc |' exp/tri2a/9.mdl 
gmm-sum-accs - exp/tri2a/8.1.acc exp/tri2a/8.2.acc 
LOG (gmm-sum-accs[5.5.1074~1-71f3]:main():gmm-sum-accs.cc:63) Summed 2 stats, total count 28546, avg like/frame -79.2987
LOG (gmm-sum-accs[5.5.1074~1-71f3]:main():gmm-sum-accs.cc:66) Total count of stats is 28546
LOG (gmm-sum-accs[5.5.1074~1-71f3]:main():gmm-sum-accs.cc:67) Written stats to -
LOG (gmm-est[5.5.1074~1-71f3]:MleUpdate():transition-model.cc:528) TransitionModel::Update, objf change is 0 per frame over 28546 frames. 
LOG (gmm-est[5.5.1074~1-71f3]:MleUpdate():transition-model.cc:531) 31 probabilities floored, 353 out of 470 transition-states skipped due to insuffient data (it is normal to have some skipped.)
LOG (gmm-est[5.5.1074~1-71f3]:main():gmm-est.cc:102) Transition model update: Overall 0 log-like improvement per frame over 28546 frames.
WARNING (gmm-est[5.5.1074~1-71f3]:MleDiagGmmUpdate():mle-diag-gmm.cc:365) Gaussian has too little data but not removing it because it is the last Gaussian: i = 0, occ = 0, weight = 1
WARNING (gmm-est[5.5.1074~1-71f3]:MleDiagGmmUpdate():mle-diag-gmm.cc:359) Too little data - removing Gaussian (weight 0.027547, occupation count 7.575410, vector size 39)
WARNING (gmm-est[5.5.1074~1-71f3]:MleDiagGmmUpdate():mle-diag-gmm.cc:359) Too little data - removing Gaussian (weight 0.004894, occupation count 1.296958, vector size 39)
WARNING (gmm-est[5.5.1074~1-71f3]:MleDiagGmmUpdate():mle-diag-gmm.cc:359) Too little data - removing Gaussian (weight 0.022545, occupation count 8.882817, vector size 39)
WARNING (gmm-est[5.5.1074~1-71f3]:MleDiagGmmUpdate():mle-diag-gmm.cc:359) Too little data - removing Gaussian (weight 0.081301, occupation count 10.000000, vector size 39)
WARNING (gmm-est[5.5.1074~1-71f3]:MleDiagGmmUpdate():mle-diag-gmm.cc:359) Too little data - removing Gaussian (weight 0.075787, occupation count 9.852292, vector size 39)
LOG (gmm-est[5.5.1074~1-71f3]:MleAmDiagGmmUpdate():mle-am-diag-gmm.cc:225) 0 variance elements floored in 0 Gaussians, out of 943
LOG (gmm-est[5.5.1074~1-71f3]:MleAmDiagGmmUpdate():mle-am-diag-gmm.cc:229) Removed 5 Gaussians due to counts < --min-gaussian-occupancy=10 and --remove-low-count-gaussians=true
LOG (gmm-est[5.5.1074~1-71f3]:main():gmm-est.cc:113) GMM update: Overall 0.44962 objective function improvement per frame over 28546 frames
LOG (gmm-est[5.5.1074~1-71f3]:main():gmm-est.cc:116) GMM update: Overall avg like per frame = -79.2987 over 28546 frames.
LOG (gmm-est[5.5.1074~1-71f3]:SplitByCount():am-diag-gmm.cc:116) Split 88 states with target = 1056, power = 0.25, perturb_factor = 0.01 and min_count = 20, split #Gauss from 943 to 1056
LOG (gmm-est[5.5.1074~1-71f3]:main():gmm-est.cc:146) Written model to exp/tri2a/9.mdl
# Accounting: time=0 threads=1
# Ended (code 0) at Sat Dec  9 11:39:40 IST 2023, elapsed time 0 seconds
