# lattice-best-path --lm-scale=15 --word-symbol-table=exp/tri3b/graph/words.txt "ark:gunzip -c exp/tri3b/decode/lat.*.gz|" ark,t:exp/tri3b/decode/scoring/15.tra 
# Started at Sat Dec  9 11:40:01 IST 2023
#
lattice-best-path --lm-scale=15 --word-symbol-table=exp/tri3b/graph/words.txt 'ark:gunzip -c exp/tri3b/decode/lat.*.gz|' ark,t:exp/tri3b/decode/scoring/15.tra 
LOG (lattice-best-path[5.5.1074~1-71f3]:main():lattice-best-path.cc:99) For utterance pramod_2_3_0, best cost 298.217 + 9976.53 = 10274.7 over 161 frames.
pramod_2_3_0 2 3 0 
LOG (lattice-best-path[5.5.1074~1-71f3]:main():lattice-best-path.cc:99) For utterance pramod_2_5_6, best cost 331.405 + 10154.8 = 10486.2 over 161 frames.
pramod_2_5_6 2 5 6 
LOG (lattice-best-path[5.5.1074~1-71f3]:main():lattice-best-path.cc:99) For utterance pramod_3_9_2, best cost 344.483 + 11222.6 = 11567.1 over 151 frames.
pramod_3_9_2 6 3 2 
LOG (lattice-best-path[5.5.1074~1-71f3]:main():lattice-best-path.cc:99) For utterance pramod_4_5_7, best cost 352.631 + 10732.3 = 11084.9 over 186 frames.
pramod_4_5_7 4 5 7 
LOG (lattice-best-path[5.5.1074~1-71f3]:main():lattice-best-path.cc:99) For utterance pramod_4_8_3, best cost 308.004 + 9107.9 = 9415.91 over 152 frames.
pramod_4_8_3 4 8 3 
LOG (lattice-best-path[5.5.1074~1-71f3]:main():lattice-best-path.cc:99) For utterance pramod_5_2_5, best cost 360.299 + 10330.3 = 10690.6 over 170 frames.
pramod_5_2_5 8 2 5 
LOG (lattice-best-path[5.5.1074~1-71f3]:main():lattice-best-path.cc:99) For utterance pramod_6_1_1, best cost 341.287 + 11030.8 = 11372.1 over 165 frames.
pramod_6_1_1 6 1 1 
LOG (lattice-best-path[5.5.1074~1-71f3]:main():lattice-best-path.cc:99) For utterance pramod_6_7_1, best cost 327.503 + 8981.05 = 9308.55 over 151 frames.
pramod_6_7_1 6 7 1 
LOG (lattice-best-path[5.5.1074~1-71f3]:main():lattice-best-path.cc:99) For utterance pramod_7_0_9, best cost 330.062 + 10663.9 = 10994 over 162 frames.
pramod_7_0_9 7 0 9 
LOG (lattice-best-path[5.5.1074~1-71f3]:main():lattice-best-path.cc:99) For utterance pramod_7_4_6, best cost 309.933 + 10026.8 = 10336.7 over 170 frames.
pramod_7_4_6 7 4 6 
LOG (lattice-best-path[5.5.1074~1-71f3]:main():lattice-best-path.cc:99) For utterance srihari_2_3_3, best cost 293.416 + 9256.01 = 9549.43 over 141 frames.
srihari_2_3_3 2 3 3 
LOG (lattice-best-path[5.5.1074~1-71f3]:main():lattice-best-path.cc:99) For utterance srihari_3_4_1, best cost 397.683 + 13677.2 = 14074.9 over 223 frames.
srihari_3_4_1 3 4 3 1 
LOG (lattice-best-path[5.5.1074~1-71f3]:main():lattice-best-path.cc:99) For utterance srihari_3_6_6, best cost 359.123 + 12538.8 = 12898 over 223 frames.
srihari_3_6_6 3 6 6 
LOG (lattice-best-path[5.5.1074~1-71f3]:main():lattice-best-path.cc:99) For utterance srihari_4_1_3, best cost 345.316 + 10438.3 = 10783.7 over 171 frames.
srihari_4_1_3 4 6 3 
LOG (lattice-best-path[5.5.1074~1-71f3]:main():lattice-best-path.cc:99) For utterance srihari_4_5_6, best cost 414.516 + 11985.8 = 12400.3 over 204 frames.
srihari_4_5_6 3 4 4 6 
LOG (lattice-best-path[5.5.1074~1-71f3]:main():lattice-best-path.cc:99) For utterance srihari_5_3_3, best cost 424.593 + 16135 = 16559.6 over 229 frames.
srihari_5_3_3 6 3 3 
LOG (lattice-best-path[5.5.1074~1-71f3]:main():lattice-best-path.cc:99) For utterance srihari_5_9_8, best cost 463.026 + 13260.8 = 13723.8 over 209 frames.
srihari_5_9_8 3 8 6 9 8 
LOG (lattice-best-path[5.5.1074~1-71f3]:main():lattice-best-path.cc:99) For utterance srihari_6_7_7, best cost 407.811 + 16207.3 = 16615.1 over 270 frames.
srihari_6_7_7 6 7 7 
LOG (lattice-best-path[5.5.1074~1-71f3]:main():lattice-best-path.cc:99) For utterance srihari_8_4_6, best cost 383.484 + 11362.4 = 11745.9 over 187 frames.
srihari_8_4_6 8 4 6 
LOG (lattice-best-path[5.5.1074~1-71f3]:main():lattice-best-path.cc:99) For utterance srihari_8_4_7, best cost 448.913 + 13395.9 = 13844.8 over 228 frames.
srihari_8_4_7 8 4 8 7 
LOG (lattice-best-path[5.5.1074~1-71f3]:main():lattice-best-path.cc:124) Overall cost per frame is 64.0082 = 1.94984 [graph] + 62.0583 [acoustic] over 3714 frames.
LOG (lattice-best-path[5.5.1074~1-71f3]:main():lattice-best-path.cc:128) Done 20 lattices, failed for 0
# Accounting: time=0 threads=1
# Ended (code 0) at Sat Dec  9 11:40:01 IST 2023, elapsed time 0 seconds
