# lattice-best-path --lm-scale=11 --word-symbol-table=exp/tri3b/graph/words.txt "ark:gunzip -c exp/tri3b/decode/lat.*.gz|" ark,t:exp/tri3b/decode/scoring/11.tra 
# Started at Sat Dec  9 11:40:01 IST 2023
#
lattice-best-path --lm-scale=11 --word-symbol-table=exp/tri3b/graph/words.txt 'ark:gunzip -c exp/tri3b/decode/lat.*.gz|' ark,t:exp/tri3b/decode/scoring/11.tra 
LOG (lattice-best-path[5.5.1074~1-71f3]:main():lattice-best-path.cc:99) For utterance pramod_2_3_0, best cost 218.692 + 9976.53 = 10195.2 over 161 frames.
pramod_2_3_0 2 3 0 
LOG (lattice-best-path[5.5.1074~1-71f3]:main():lattice-best-path.cc:99) For utterance pramod_2_5_6, best cost 243.03 + 10154.8 = 10397.9 over 161 frames.
pramod_2_5_6 2 5 6 
LOG (lattice-best-path[5.5.1074~1-71f3]:main():lattice-best-path.cc:99) For utterance pramod_3_9_2, best cost 252.621 + 11222.6 = 11475.2 over 151 frames.
pramod_3_9_2 6 3 2 
LOG (lattice-best-path[5.5.1074~1-71f3]:main():lattice-best-path.cc:99) For utterance pramod_4_5_7, best cost 258.596 + 10732.3 = 10990.8 over 186 frames.
pramod_4_5_7 4 5 7 
LOG (lattice-best-path[5.5.1074~1-71f3]:main():lattice-best-path.cc:99) For utterance pramod_4_8_3, best cost 225.869 + 9107.9 = 9333.77 over 152 frames.
pramod_4_8_3 4 8 3 
LOG (lattice-best-path[5.5.1074~1-71f3]:main():lattice-best-path.cc:99) For utterance pramod_5_2_5, best cost 264.219 + 10330.3 = 10594.5 over 170 frames.
pramod_5_2_5 8 2 5 
LOG (lattice-best-path[5.5.1074~1-71f3]:main():lattice-best-path.cc:99) For utterance pramod_6_1_1, best cost 298.922 + 10972.3 = 11271.2 over 165 frames.
pramod_6_1_1 6 6 1 1 
LOG (lattice-best-path[5.5.1074~1-71f3]:main():lattice-best-path.cc:99) For utterance pramod_6_7_1, best cost 240.169 + 8981.05 = 9221.21 over 151 frames.
pramod_6_7_1 6 7 1 
LOG (lattice-best-path[5.5.1074~1-71f3]:main():lattice-best-path.cc:99) For utterance pramod_7_0_9, best cost 242.046 + 10663.9 = 10906 over 162 frames.
pramod_7_0_9 7 0 9 
LOG (lattice-best-path[5.5.1074~1-71f3]:main():lattice-best-path.cc:99) For utterance pramod_7_4_6, best cost 227.284 + 10026.8 = 10254.1 over 170 frames.
pramod_7_4_6 7 4 6 
LOG (lattice-best-path[5.5.1074~1-71f3]:main():lattice-best-path.cc:99) For utterance srihari_2_3_3, best cost 215.172 + 9256.01 = 9471.18 over 141 frames.
srihari_2_3_3 2 3 3 
LOG (lattice-best-path[5.5.1074~1-71f3]:main():lattice-best-path.cc:99) For utterance srihari_3_4_1, best cost 291.634 + 13677.2 = 13968.8 over 223 frames.
srihari_3_4_1 3 4 3 1 
LOG (lattice-best-path[5.5.1074~1-71f3]:main():lattice-best-path.cc:99) For utterance srihari_3_6_6, best cost 263.357 + 12538.8 = 12802.2 over 223 frames.
srihari_3_6_6 3 6 6 
LOG (lattice-best-path[5.5.1074~1-71f3]:main():lattice-best-path.cc:99) For utterance srihari_4_1_3, best cost 253.232 + 10438.3 = 10691.6 over 171 frames.
srihari_4_1_3 4 6 3 
LOG (lattice-best-path[5.5.1074~1-71f3]:main():lattice-best-path.cc:99) For utterance srihari_4_5_6, best cost 303.979 + 11985.8 = 12289.8 over 204 frames.
srihari_4_5_6 3 4 4 6 
LOG (lattice-best-path[5.5.1074~1-71f3]:main():lattice-best-path.cc:99) For utterance srihari_5_3_3, best cost 311.368 + 16135 = 16446.4 over 229 frames.
srihari_5_3_3 6 3 3 
LOG (lattice-best-path[5.5.1074~1-71f3]:main():lattice-best-path.cc:99) For utterance srihari_5_9_8, best cost 339.552 + 13260.8 = 13600.3 over 209 frames.
srihari_5_9_8 3 8 6 9 8 
LOG (lattice-best-path[5.5.1074~1-71f3]:main():lattice-best-path.cc:99) For utterance srihari_6_7_7, best cost 299.061 + 16207.3 = 16506.4 over 270 frames.
srihari_6_7_7 6 7 7 
LOG (lattice-best-path[5.5.1074~1-71f3]:main():lattice-best-path.cc:99) For utterance srihari_8_4_6, best cost 281.222 + 11362.4 = 11643.6 over 187 frames.
srihari_8_4_6 8 4 6 
LOG (lattice-best-path[5.5.1074~1-71f3]:main():lattice-best-path.cc:99) For utterance srihari_8_4_7, best cost 329.203 + 13395.9 = 13725.1 over 228 frames.
srihari_8_4_7 8 4 8 7 
LOG (lattice-best-path[5.5.1074~1-71f3]:main():lattice-best-path.cc:124) Overall cost per frame is 63.4855 = 1.44298 [graph] + 62.0426 [acoustic] over 3714 frames.
LOG (lattice-best-path[5.5.1074~1-71f3]:main():lattice-best-path.cc:128) Done 20 lattices, failed for 0
# Accounting: time=0 threads=1
# Ended (code 0) at Sat Dec  9 11:40:01 IST 2023, elapsed time 0 seconds
