# lattice-best-path --lm-scale=14 --word-symbol-table=exp/tri3b/graph/words.txt "ark:gunzip -c exp/tri3b/decode/lat.*.gz|" ark,t:exp/tri3b/decode/scoring/14.tra 
# Started at Sat Dec  9 11:40:01 IST 2023
#
lattice-best-path --lm-scale=14 --word-symbol-table=exp/tri3b/graph/words.txt 'ark:gunzip -c exp/tri3b/decode/lat.*.gz|' ark,t:exp/tri3b/decode/scoring/14.tra 
LOG (lattice-best-path[5.5.1074~1-71f3]:main():lattice-best-path.cc:99) For utterance pramod_2_3_0, best cost 278.336 + 9976.53 = 10254.9 over 161 frames.
pramod_2_3_0 2 3 0 
LOG (lattice-best-path[5.5.1074~1-71f3]:main():lattice-best-path.cc:99) For utterance pramod_2_5_6, best cost 309.311 + 10154.8 = 10464.1 over 161 frames.
pramod_2_5_6 2 5 6 
LOG (lattice-best-path[5.5.1074~1-71f3]:main():lattice-best-path.cc:99) For utterance pramod_3_9_2, best cost 321.518 + 11222.6 = 11544.1 over 151 frames.
pramod_3_9_2 6 3 2 
LOG (lattice-best-path[5.5.1074~1-71f3]:main():lattice-best-path.cc:99) For utterance pramod_4_5_7, best cost 329.122 + 10732.3 = 11061.4 over 186 frames.
pramod_4_5_7 4 5 7 
LOG (lattice-best-path[5.5.1074~1-71f3]:main():lattice-best-path.cc:99) For utterance pramod_4_8_3, best cost 287.47 + 9107.9 = 9395.37 over 152 frames.
pramod_4_8_3 4 8 3 
LOG (lattice-best-path[5.5.1074~1-71f3]:main():lattice-best-path.cc:99) For utterance pramod_5_2_5, best cost 336.279 + 10330.3 = 10666.6 over 170 frames.
pramod_5_2_5 8 2 5 
LOG (lattice-best-path[5.5.1074~1-71f3]:main():lattice-best-path.cc:99) For utterance pramod_6_1_1, best cost 318.534 + 11030.8 = 11349.4 over 165 frames.
pramod_6_1_1 6 1 1 
LOG (lattice-best-path[5.5.1074~1-71f3]:main():lattice-best-path.cc:99) For utterance pramod_6_7_1, best cost 305.669 + 8981.05 = 9286.71 over 151 frames.
pramod_6_7_1 6 7 1 
LOG (lattice-best-path[5.5.1074~1-71f3]:main():lattice-best-path.cc:99) For utterance pramod_7_0_9, best cost 308.058 + 10663.9 = 10972 over 162 frames.
pramod_7_0_9 7 0 9 
LOG (lattice-best-path[5.5.1074~1-71f3]:main():lattice-best-path.cc:99) For utterance pramod_7_4_6, best cost 289.271 + 10026.8 = 10316 over 170 frames.
pramod_7_4_6 7 4 6 
LOG (lattice-best-path[5.5.1074~1-71f3]:main():lattice-best-path.cc:99) For utterance srihari_2_3_3, best cost 273.855 + 9256.01 = 9529.87 over 141 frames.
srihari_2_3_3 2 3 3 
LOG (lattice-best-path[5.5.1074~1-71f3]:main():lattice-best-path.cc:99) For utterance srihari_3_4_1, best cost 371.171 + 13677.2 = 14048.3 over 223 frames.
srihari_3_4_1 3 4 3 1 
LOG (lattice-best-path[5.5.1074~1-71f3]:main():lattice-best-path.cc:99) For utterance srihari_3_6_6, best cost 335.182 + 12538.8 = 12874 over 223 frames.
srihari_3_6_6 3 6 6 
LOG (lattice-best-path[5.5.1074~1-71f3]:main():lattice-best-path.cc:99) For utterance srihari_4_1_3, best cost 322.295 + 10438.3 = 10760.6 over 171 frames.
srihari_4_1_3 4 6 3 
LOG (lattice-best-path[5.5.1074~1-71f3]:main():lattice-best-path.cc:99) For utterance srihari_4_5_6, best cost 386.882 + 11985.8 = 12372.7 over 204 frames.
srihari_4_5_6 3 4 4 6 
LOG (lattice-best-path[5.5.1074~1-71f3]:main():lattice-best-path.cc:99) For utterance srihari_5_3_3, best cost 396.286 + 16135 = 16531.3 over 229 frames.
srihari_5_3_3 6 3 3 
LOG (lattice-best-path[5.5.1074~1-71f3]:main():lattice-best-path.cc:99) For utterance srihari_5_9_8, best cost 432.158 + 13260.8 = 13692.9 over 209 frames.
srihari_5_9_8 3 8 6 9 8 
LOG (lattice-best-path[5.5.1074~1-71f3]:main():lattice-best-path.cc:99) For utterance srihari_6_7_7, best cost 380.624 + 16207.3 = 16587.9 over 270 frames.
srihari_6_7_7 6 7 7 
LOG (lattice-best-path[5.5.1074~1-71f3]:main():lattice-best-path.cc:99) For utterance srihari_8_4_6, best cost 357.919 + 11362.4 = 11720.3 over 187 frames.
srihari_8_4_6 8 4 6 
LOG (lattice-best-path[5.5.1074~1-71f3]:main():lattice-best-path.cc:99) For utterance srihari_8_4_7, best cost 418.985 + 13395.9 = 13814.9 over 228 frames.
srihari_8_4_7 8 4 8 7 
LOG (lattice-best-path[5.5.1074~1-71f3]:main():lattice-best-path.cc:124) Overall cost per frame is 63.8782 = 1.81985 [graph] + 62.0583 [acoustic] over 3714 frames.
LOG (lattice-best-path[5.5.1074~1-71f3]:main():lattice-best-path.cc:128) Done 20 lattices, failed for 0
# Accounting: time=0 threads=1
# Ended (code 0) at Sat Dec  9 11:40:01 IST 2023, elapsed time 0 seconds
