# lattice-best-path --lm-scale=17 --word-symbol-table=exp/tri3b/graph/words.txt "ark:gunzip -c exp/tri3b/decode/lat.*.gz|" ark,t:exp/tri3b/decode/scoring/17.tra 
# Started at Sat Dec  9 11:40:01 IST 2023
#
lattice-best-path --lm-scale=17 --word-symbol-table=exp/tri3b/graph/words.txt 'ark:gunzip -c exp/tri3b/decode/lat.*.gz|' ark,t:exp/tri3b/decode/scoring/17.tra 
LOG (lattice-best-path[5.5.1074~1-71f3]:main():lattice-best-path.cc:99) For utterance pramod_2_3_0, best cost 337.979 + 9976.53 = 10314.5 over 161 frames.
pramod_2_3_0 2 3 0 
LOG (lattice-best-path[5.5.1074~1-71f3]:main():lattice-best-path.cc:99) For utterance pramod_2_5_6, best cost 375.592 + 10154.8 = 10530.4 over 161 frames.
pramod_2_5_6 2 5 6 
LOG (lattice-best-path[5.5.1074~1-71f3]:main():lattice-best-path.cc:99) For utterance pramod_3_9_2, best cost 390.415 + 11222.6 = 11613 over 151 frames.
pramod_3_9_2 6 3 2 
LOG (lattice-best-path[5.5.1074~1-71f3]:main():lattice-best-path.cc:99) For utterance pramod_4_5_7, best cost 399.648 + 10732.3 = 11131.9 over 186 frames.
pramod_4_5_7 4 5 7 
LOG (lattice-best-path[5.5.1074~1-71f3]:main():lattice-best-path.cc:99) For utterance pramod_4_8_3, best cost 349.071 + 9107.9 = 9456.97 over 152 frames.
pramod_4_8_3 4 8 3 
LOG (lattice-best-path[5.5.1074~1-71f3]:main():lattice-best-path.cc:99) For utterance pramod_5_2_5, best cost 408.338 + 10330.3 = 10738.6 over 170 frames.
pramod_5_2_5 8 2 5 
LOG (lattice-best-path[5.5.1074~1-71f3]:main():lattice-best-path.cc:99) For utterance pramod_6_1_1, best cost 386.792 + 11030.8 = 11417.6 over 165 frames.
pramod_6_1_1 6 1 1 
LOG (lattice-best-path[5.5.1074~1-71f3]:main():lattice-best-path.cc:99) For utterance pramod_6_7_1, best cost 371.17 + 8981.05 = 9352.22 over 151 frames.
pramod_6_7_1 6 7 1 
LOG (lattice-best-path[5.5.1074~1-71f3]:main():lattice-best-path.cc:99) For utterance pramod_7_0_9, best cost 374.07 + 10663.9 = 11038 over 162 frames.
pramod_7_0_9 7 0 9 
LOG (lattice-best-path[5.5.1074~1-71f3]:main():lattice-best-path.cc:99) For utterance pramod_7_4_6, best cost 351.258 + 10026.8 = 10378 over 170 frames.
pramod_7_4_6 7 4 6 
LOG (lattice-best-path[5.5.1074~1-71f3]:main():lattice-best-path.cc:99) For utterance srihari_2_3_3, best cost 332.538 + 9256.01 = 9588.55 over 141 frames.
srihari_2_3_3 2 3 3 
LOG (lattice-best-path[5.5.1074~1-71f3]:main():lattice-best-path.cc:99) For utterance srihari_3_4_1, best cost 450.708 + 13677.2 = 14127.9 over 223 frames.
srihari_3_4_1 3 4 3 1 
LOG (lattice-best-path[5.5.1074~1-71f3]:main():lattice-best-path.cc:99) For utterance srihari_3_6_6, best cost 407.006 + 12538.8 = 12945.8 over 223 frames.
srihari_3_6_6 3 6 6 
LOG (lattice-best-path[5.5.1074~1-71f3]:main():lattice-best-path.cc:99) For utterance srihari_4_1_3, best cost 391.359 + 10438.3 = 10829.7 over 171 frames.
srihari_4_1_3 4 6 3 
LOG (lattice-best-path[5.5.1074~1-71f3]:main():lattice-best-path.cc:99) For utterance srihari_4_5_6, best cost 469.785 + 11985.8 = 12455.6 over 204 frames.
srihari_4_5_6 3 4 4 6 
LOG (lattice-best-path[5.5.1074~1-71f3]:main():lattice-best-path.cc:99) For utterance srihari_5_3_3, best cost 481.205 + 16135 = 16616.2 over 229 frames.
srihari_5_3_3 6 3 3 
LOG (lattice-best-path[5.5.1074~1-71f3]:main():lattice-best-path.cc:99) For utterance srihari_5_9_8, best cost 524.763 + 13260.8 = 13785.5 over 209 frames.
srihari_5_9_8 3 8 6 9 8 
LOG (lattice-best-path[5.5.1074~1-71f3]:main():lattice-best-path.cc:99) For utterance srihari_6_7_7, best cost 462.186 + 16207.3 = 16669.5 over 270 frames.
srihari_6_7_7 6 7 7 
LOG (lattice-best-path[5.5.1074~1-71f3]:main():lattice-best-path.cc:99) For utterance srihari_8_4_6, best cost 434.615 + 11362.4 = 11797 over 187 frames.
srihari_8_4_6 8 4 6 
LOG (lattice-best-path[5.5.1074~1-71f3]:main():lattice-best-path.cc:99) For utterance srihari_8_4_7, best cost 422.133 + 13477.4 = 13899.5 over 228 frames.
srihari_8_4_7 8 4 7 
LOG (lattice-best-path[5.5.1074~1-71f3]:main():lattice-best-path.cc:124) Overall cost per frame is 64.2668 = 2.18649 [graph] + 62.0803 [acoustic] over 3714 frames.
LOG (lattice-best-path[5.5.1074~1-71f3]:main():lattice-best-path.cc:128) Done 20 lattices, failed for 0
# Accounting: time=0 threads=1
# Ended (code 0) at Sat Dec  9 11:40:01 IST 2023, elapsed time 0 seconds
