# lattice-depth-per-frame "ark:gunzip -c exp/mono/decode/lat.2.gz|" "ark,t:|gzip -c > exp/mono/decode/depth_tmp.2.gz" ark:- | lattice-best-path --acoustic-scale=0.1 ark:- ark:/dev/null "ark,t:|gzip -c >exp/mono/decode/ali_tmp.2.gz" 
# Started at Sat Dec  9 11:39:34 IST 2023
#
lattice-depth-per-frame 'ark:gunzip -c exp/mono/decode/lat.2.gz|' 'ark,t:|gzip -c > exp/mono/decode/depth_tmp.2.gz' ark:- 
lattice-best-path --acoustic-scale=0.1 ark:- ark:/dev/null 'ark,t:|gzip -c >exp/mono/decode/ali_tmp.2.gz' 
LOG (lattice-best-path[5.5.1074~1-71f3]:main():lattice-best-path.cc:99) For utterance srihari_2_3_3, best cost 25.4828 + 1464.56 = 1490.04 over 141 frames.
LOG (lattice-best-path[5.5.1074~1-71f3]:main():lattice-best-path.cc:99) For utterance srihari_3_4_1, best cost 27.1529 + 2196.91 = 2224.06 over 223 frames.
LOG (lattice-best-path[5.5.1074~1-71f3]:main():lattice-best-path.cc:99) For utterance srihari_3_6_6, best cost 23.3061 + 2094.93 = 2118.24 over 223 frames.
LOG (lattice-best-path[5.5.1074~1-71f3]:main():lattice-best-path.cc:99) For utterance srihari_4_1_3, best cost 29.973 + 1690.22 = 1720.19 over 171 frames.
LOG (lattice-best-path[5.5.1074~1-71f3]:main():lattice-best-path.cc:99) For utterance srihari_4_5_6, best cost 21.4289 + 1949.93 = 1971.36 over 204 frames.
LOG (lattice-depth-per-frame[5.5.1074~1-71f3]:main():lattice-depth-per-frame.cc:82) Done 10 lattices.
LOG (lattice-best-path[5.5.1074~1-71f3]:main():lattice-best-path.cc:99) For utterance srihari_5_3_3, best cost 28.5133 + 2376.15 = 2404.66 over 229 frames.
LOG (lattice-best-path[5.5.1074~1-71f3]:main():lattice-best-path.cc:99) For utterance srihari_5_9_8, best cost 21.0989 + 2079.04 = 2100.14 over 209 frames.
LOG (lattice-best-path[5.5.1074~1-71f3]:main():lattice-best-path.cc:99) For utterance srihari_6_7_7, best cost 31.9259 + 2662.74 = 2694.67 over 270 frames.
LOG (lattice-best-path[5.5.1074~1-71f3]:main():lattice-best-path.cc:99) For utterance srihari_8_4_6, best cost 25.8761 + 1797.92 = 1823.8 over 187 frames.
LOG (lattice-best-path[5.5.1074~1-71f3]:main():lattice-best-path.cc:99) For utterance srihari_8_4_7, best cost 23.4585 + 2172.6 = 2196.06 over 228 frames.
LOG (lattice-best-path[5.5.1074~1-71f3]:main():lattice-best-path.cc:124) Overall cost per frame is 9.94878 = 0.123845 [graph] + 9.82493 [acoustic] over 2085 frames.
LOG (lattice-best-path[5.5.1074~1-71f3]:main():lattice-best-path.cc:128) Done 10 lattices, failed for 0
# Accounting: time=0 threads=1
# Ended (code 0) at Sat Dec  9 11:39:34 IST 2023, elapsed time 0 seconds
