# lattice-depth-per-frame "ark:gunzip -c exp/mono/decode/lat.1.gz|" "ark,t:|gzip -c > exp/mono/decode/depth_tmp.1.gz" ark:- | lattice-best-path --acoustic-scale=0.1 ark:- ark:/dev/null "ark,t:|gzip -c >exp/mono/decode/ali_tmp.1.gz" 
# Started at Sat Dec  9 11:39:34 IST 2023
#
lattice-depth-per-frame 'ark:gunzip -c exp/mono/decode/lat.1.gz|' 'ark,t:|gzip -c > exp/mono/decode/depth_tmp.1.gz' ark:- 
lattice-best-path --acoustic-scale=0.1 ark:- ark:/dev/null 'ark,t:|gzip -c >exp/mono/decode/ali_tmp.1.gz' 
LOG (lattice-best-path[5.5.1074~1-71f3]:main():lattice-best-path.cc:99) For utterance pramod_2_3_0, best cost 25.3459 + 1631.21 = 1656.56 over 161 frames.
LOG (lattice-best-path[5.5.1074~1-71f3]:main():lattice-best-path.cc:99) For utterance pramod_2_5_6, best cost 26.0235 + 1665.14 = 1691.17 over 161 frames.
LOG (lattice-best-path[5.5.1074~1-71f3]:main():lattice-best-path.cc:99) For utterance pramod_3_9_2, best cost 31.8911 + 1744.03 = 1775.92 over 151 frames.
LOG (lattice-best-path[5.5.1074~1-71f3]:main():lattice-best-path.cc:99) For utterance pramod_4_5_7, best cost 26.2644 + 1790.63 = 1816.9 over 186 frames.
LOG (lattice-best-path[5.5.1074~1-71f3]:main():lattice-best-path.cc:99) For utterance pramod_4_8_3, best cost 16.0897 + 1506.82 = 1522.91 over 152 frames.
LOG (lattice-best-path[5.5.1074~1-71f3]:main():lattice-best-path.cc:99) For utterance pramod_5_2_5, best cost 19.9908 + 1671.16 = 1691.15 over 170 frames.
LOG (lattice-depth-per-frame[5.5.1074~1-71f3]:main():lattice-depth-per-frame.cc:82) Done 10 lattices.
LOG (lattice-best-path[5.5.1074~1-71f3]:main():lattice-best-path.cc:99) For utterance pramod_6_1_1, best cost 30.5701 + 1722.22 = 1752.79 over 165 frames.
LOG (lattice-best-path[5.5.1074~1-71f3]:main():lattice-best-path.cc:99) For utterance pramod_6_7_1, best cost 23.0781 + 1488.04 = 1511.12 over 151 frames.
LOG (lattice-best-path[5.5.1074~1-71f3]:main():lattice-best-path.cc:99) For utterance pramod_7_0_9, best cost 23.6982 + 1695.93 = 1719.63 over 162 frames.
LOG (lattice-best-path[5.5.1074~1-71f3]:main():lattice-best-path.cc:99) For utterance pramod_7_4_6, best cost 22.289 + 1665.14 = 1687.43 over 170 frames.
LOG (lattice-best-path[5.5.1074~1-71f3]:main():lattice-best-path.cc:124) Overall cost per frame is 10.3288 = 0.150547 [graph] + 10.1782 [acoustic] over 1629 frames.
LOG (lattice-best-path[5.5.1074~1-71f3]:main():lattice-best-path.cc:128) Done 10 lattices, failed for 0
# Accounting: time=0 threads=1
# Ended (code 0) at Sat Dec  9 11:39:34 IST 2023, elapsed time 0 seconds
