# lattice-best-path --lm-scale=9 --word-symbol-table=exp/mono/graph/words.txt "ark:gunzip -c exp/mono/decode/lat.*.gz|" ark,t:exp/mono/decode/scoring/9.tra 
# Started at Sat Dec  9 11:39:34 IST 2023
#
lattice-best-path --lm-scale=9 --word-symbol-table=exp/mono/graph/words.txt 'ark:gunzip -c exp/mono/decode/lat.*.gz|' ark,t:exp/mono/decode/scoring/9.tra 
LOG (lattice-best-path[5.5.1074~1-71f3]:main():lattice-best-path.cc:99) For utterance pramod_2_3_0, best cost 228.113 + 16312.1 = 16540.3 over 161 frames.
pramod_2_3_0 2 8 3 0 
LOG (lattice-best-path[5.5.1074~1-71f3]:main():lattice-best-path.cc:99) For utterance pramod_2_5_6, best cost 234.211 + 16651.4 = 16885.6 over 161 frames.
pramod_2_5_6 7 2 8 6 
LOG (lattice-best-path[5.5.1074~1-71f3]:main():lattice-best-path.cc:99) For utterance pramod_3_9_2, best cost 298.126 + 17429 = 17727.1 over 151 frames.
pramod_3_9_2 6 7 8 2 0 
LOG (lattice-best-path[5.5.1074~1-71f3]:main():lattice-best-path.cc:99) For utterance pramod_4_5_7, best cost 276.322 + 17864.1 = 18140.4 over 186 frames.
pramod_4_5_7 3 4 8 4 3 
LOG (lattice-best-path[5.5.1074~1-71f3]:main():lattice-best-path.cc:99) For utterance pramod_4_8_3, best cost 144.808 + 15068.2 = 15213 over 152 frames.
pramod_4_8_3 4 3 
LOG (lattice-best-path[5.5.1074~1-71f3]:main():lattice-best-path.cc:99) For utterance pramod_5_2_5, best cost 179.918 + 16711.6 = 16891.5 over 170 frames.
pramod_5_2_5 7 2 7 
LOG (lattice-best-path[5.5.1074~1-71f3]:main():lattice-best-path.cc:99) For utterance pramod_6_1_1, best cost 275.131 + 17222.2 = 17497.4 over 165 frames.
pramod_6_1_1 6 6 7 6 
LOG (lattice-best-path[5.5.1074~1-71f3]:main():lattice-best-path.cc:99) For utterance pramod_6_7_1, best cost 207.703 + 14880.4 = 15088.1 over 151 frames.
pramod_6_7_1 6 7 6 
LOG (lattice-best-path[5.5.1074~1-71f3]:main():lattice-best-path.cc:99) For utterance pramod_7_0_9, best cost 213.284 + 16959.3 = 17172.6 over 162 frames.
pramod_7_0_9 1 4 0 9 
LOG (lattice-best-path[5.5.1074~1-71f3]:main():lattice-best-path.cc:99) For utterance pramod_7_4_6, best cost 200.601 + 16651.4 = 16852 over 170 frames.
pramod_7_4_6 7 4 4 
LOG (lattice-best-path[5.5.1074~1-71f3]:main():lattice-best-path.cc:99) For utterance srihari_2_3_3, best cost 229.345 + 14645.6 = 14874.9 over 141 frames.
srihari_2_3_3 2 7 6 3 
LOG (lattice-best-path[5.5.1074~1-71f3]:main():lattice-best-path.cc:99) For utterance srihari_3_4_1, best cost 244.376 + 21969.1 = 22213.4 over 223 frames.
srihari_3_4_1 3 4 1 8 
LOG (lattice-best-path[5.5.1074~1-71f3]:main():lattice-best-path.cc:99) For utterance srihari_3_6_6, best cost 209.755 + 20949.3 = 21159 over 223 frames.
srihari_3_6_6 3 3 6 6 
LOG (lattice-best-path[5.5.1074~1-71f3]:main():lattice-best-path.cc:99) For utterance srihari_4_1_3, best cost 269.757 + 16902.2 = 17171.9 over 171 frames.
srihari_4_1_3 1 7 1 3 8 
LOG (lattice-best-path[5.5.1074~1-71f3]:main():lattice-best-path.cc:99) For utterance srihari_4_5_6, best cost 192.86 + 19499.3 = 19692.1 over 204 frames.
srihari_4_5_6 1 4 6 
LOG (lattice-best-path[5.5.1074~1-71f3]:main():lattice-best-path.cc:99) For utterance srihari_5_3_3, best cost 256.62 + 23761.5 = 24018.1 over 229 frames.
srihari_5_3_3 6 1 6 1 
LOG (lattice-best-path[5.5.1074~1-71f3]:main():lattice-best-path.cc:99) For utterance srihari_5_9_8, best cost 189.89 + 20790.4 = 20980.3 over 209 frames.
srihari_5_9_8 6 7 8 
LOG (lattice-best-path[5.5.1074~1-71f3]:main():lattice-best-path.cc:99) For utterance srihari_6_7_7, best cost 287.333 + 26627.4 = 26914.7 over 270 frames.
srihari_6_7_7 1 6 1 7 7 
LOG (lattice-best-path[5.5.1074~1-71f3]:main():lattice-best-path.cc:99) For utterance srihari_8_4_6, best cost 232.885 + 17979.2 = 18212.1 over 187 frames.
srihari_8_4_6 8 8 4 6 
LOG (lattice-best-path[5.5.1074~1-71f3]:main():lattice-best-path.cc:99) For utterance srihari_8_4_7, best cost 211.126 + 21726 = 21937.1 over 228 frames.
srihari_8_4_7 4 4 7 
LOG (lattice-best-path[5.5.1074~1-71f3]:main():lattice-best-path.cc:124) Overall cost per frame is 101.018 = 1.23375 [graph] + 99.7845 [acoustic] over 3714 frames.
LOG (lattice-best-path[5.5.1074~1-71f3]:main():lattice-best-path.cc:128) Done 20 lattices, failed for 0
# Accounting: time=0 threads=1
# Ended (code 0) at Sat Dec  9 11:39:34 IST 2023, elapsed time 0 seconds
