# gunzip -c exp/tri1/decode/depth_tmp.*.gz | steps/diagnostic/analyze_lattice_depth_stats.py exp/tri1/graph exp/tri1/decode/ali_frame_tmp.gz 
# Started at Sat Dec  9 11:39:38 IST 2023
#
The total amount of data analyzed assuming 100 frames per second is 0.0 hours
Overall, lattice depth (10,50,90-percentile)=(1,3,10) and mean=4.4
Nonsilence phones as a group account for 88.3% of frames, with lattice depth (10,50,90-percentile)=(1,3,10) and mean=4.5
Phone AH_I accounts for 17.6% of frames, with lattice depth (10,50,90-percentile)=(2,4,13) and mean=5.4
Phone sil accounts for 11.7% of frames, with lattice depth (10,50,90-percentile)=(1,3,7) and mean=3.7
Phone EY_B accounts for 9.4% of frames, with lattice depth (10,50,90-percentile)=(1,2,4) and mean=2.4
Phone CH_B accounts for 9.3% of frames, with lattice depth (10,50,90-percentile)=(1,3,8) and mean=3.8
Phone IY_I accounts for 7.4% of frames, with lattice depth (10,50,90-percentile)=(1,3,8) and mean=4.9
Phone TH_B accounts for 7.3% of frames, with lattice depth (10,50,90-percentile)=(1,5,8) and mean=4.6
Phone N_E accounts for 7.3% of frames, with lattice depth (10,50,90-percentile)=(2,5,14) and mean=5.8
Phone AH_B accounts for 4.5% of frames, with lattice depth (10,50,90-percentile)=(2,6,15) and mean=7.1
Phone S_B accounts for 4.5% of frames, with lattice depth (10,50,90-percentile)=(1,3,10) and mean=3.7
Phone OW_E accounts for 3.2% of frames, with lattice depth (10,50,90-percentile)=(2,2,12) and mean=5.5
Phone K_E accounts for 2.8% of frames, with lattice depth (10,50,90-percentile)=(2,3,12) and mean=4.2
Phone TH_E accounts for 2.7% of frames, with lattice depth (10,50,90-percentile)=(1,3,6) and mean=3.6
Phone DH_B accounts for 2.4% of frames, with lattice depth (10,50,90-percentile)=(2,4,14) and mean=5.0
Phone EY_E accounts for 2.0% of frames, with lattice depth (10,50,90-percentile)=(1,3,6) and mean=3.4
Phone UW_I accounts for 1.5% of frames, with lattice depth (10,50,90-percentile)=(2,2,2) and mean=2.0
Phone T_E accounts for 1.5% of frames, with lattice depth (10,50,90-percentile)=(1,4,15) and mean=7.1
Phone R_E accounts for 1.2% of frames, with lattice depth (10,50,90-percentile)=(2,2,4) and mean=2.8
Phone AW_E accounts for 1.1% of frames, with lattice depth (10,50,90-percentile)=(1,1,1) and mean=1.0
Phone N_I accounts for 0.8% of frames, with lattice depth (10,50,90-percentile)=(1,5,5) and mean=3.6
Phone P_B accounts for 0.7% of frames, with lattice depth (10,50,90-percentile)=(2,2,2) and mean=2.0
Phone CH_E accounts for 0.5% of frames, with lattice depth (10,50,90-percentile)=(2,2,5) and mean=2.5
# Accounting: time=0 threads=1
# Ended (code 0) at Sat Dec  9 11:39:38 IST 2023, elapsed time 0 seconds
