# gmm-init-model --write-occs=exp/tri1/1.occs exp/tri1/tree exp/tri1/treeacc data/lang/topo exp/tri1/1.mdl 
# Started at Sat Dec  9 11:39:34 IST 2023
#
gmm-init-model --write-occs=exp/tri1/1.occs exp/tri1/tree exp/tri1/treeacc data/lang/topo exp/tri1/1.mdl 
LOG (gmm-init-model[5.5.1074~1-71f3]:main():gmm-init-model.cc:271) Number of separate statistics is 530
WARNING (gmm-init-model[5.5.1074~1-71f3]:InitAmGmm():gmm-init-model.cc:55) Tree has pdf-id 1 with no stats; corresponding phone list: 6 7 8 9 10 
WARNING (gmm-init-model[5.5.1074~1-71f3]:InitAmGmm():gmm-init-model.cc:83) Very small count for state 2: 18; corresponding phone list: 11 12 13 14 
WARNING (gmm-init-model[5.5.1074~1-71f3]:InitAmGmm():gmm-init-model.cc:83) Very small count for state 6: 99; corresponding phone list: 27 28 29 30 
WARNING (gmm-init-model[5.5.1074~1-71f3]:InitAmGmm():gmm-init-model.cc:83) Very small count for state 11: 78; corresponding phone list: 47 48 49 50 
WARNING (gmm-init-model[5.5.1074~1-71f3]:InitAmGmm():gmm-init-model.cc:83) Very small count for state 18: 52; corresponding phone list: 75 76 77 78 
WARNING (gmm-init-model[5.5.1074~1-71f3]:InitAmGmm():gmm-init-model.cc:83) Very small count for state 26: 62; corresponding phone list: 35 36 37 38 
WARNING (gmm-init-model[5.5.1074~1-71f3]:InitAmGmm():gmm-init-model.cc:83) Very small count for state 40: 64; corresponding phone list: 23 24 25 26 
WARNING (gmm-init-model[5.5.1074~1-71f3]:InitAmGmm():gmm-init-model.cc:83) Very small count for state 42: 96; corresponding phone list: 55 56 57 58 
WARNING (gmm-init-model[5.5.1074~1-71f3]:InitAmGmm():gmm-init-model.cc:83) Very small count for state 43: 60; corresponding phone list: 43 44 45 46 
WARNING (gmm-init-model[5.5.1074~1-71f3]:InitAmGmm():gmm-init-model.cc:83) Very small count for state 45: 44; corresponding phone list: 19 20 21 22 
WARNING (gmm-init-model[5.5.1074~1-71f3]:InitAmGmm():gmm-init-model.cc:83) Very small count for state 64: 79; corresponding phone list: 39 40 41 42 
WARNING (gmm-init-model[5.5.1074~1-71f3]:InitAmGmm():gmm-init-model.cc:83) Very small count for state 65: 22; corresponding phone list: 27 28 29 30 
WARNING (gmm-init-model[5.5.1074~1-71f3]:InitAmGmm():gmm-init-model.cc:83) Very small count for state 67: 91; corresponding phone list: 27 28 29 30 
WARNING (gmm-init-model[5.5.1074~1-71f3]:InitAmGmm():gmm-init-model.cc:83) Very small count for state 70: 74; corresponding phone list: 19 20 21 22 
WARNING (gmm-init-model[5.5.1074~1-71f3]:InitAmGmm():gmm-init-model.cc:83) Very small count for state 71: 80; corresponding phone list: 27 28 29 30 
LOG (gmm-init-model[5.5.1074~1-71f3]:main():gmm-init-model.cc:306) Wrote model.
# Accounting: time=0 threads=1
# Ended (code 0) at Sat Dec  9 11:39:34 IST 2023, elapsed time 0 seconds
