# gunzip -c exp/tri3b/decode/depth_tmp.*.gz | steps/diagnostic/analyze_lattice_depth_stats.py exp/tri3b/graph exp/tri3b/decode/ali_frame_tmp.gz 
# Started at Sat Dec  9 11:40:01 IST 2023
#
The total amount of data analyzed assuming 100 frames per second is 0.0 hours
Overall, lattice depth (10,50,90-percentile)=(1,2,3) and mean=1.7
Nonsilence phones as a group account for 83.1% of frames, with lattice depth (10,50,90-percentile)=(1,2,3) and mean=1.7
Phone AH_I accounts for 17.7% of frames, with lattice depth (10,50,90-percentile)=(1,2,3) and mean=2.0
Phone sil accounts for 16.9% of frames, with lattice depth (10,50,90-percentile)=(1,2,3) and mean=1.7
Phone CH_B accounts for 11.4% of frames, with lattice depth (10,50,90-percentile)=(1,2,2) and mean=1.7
Phone EY_E accounts for 9.8% of frames, with lattice depth (10,50,90-percentile)=(1,2,3) and mean=2.1
Phone TH_B accounts for 7.1% of frames, with lattice depth (10,50,90-percentile)=(1,1,2) and mean=1.4
Phone IY_I accounts for 5.1% of frames, with lattice depth (10,50,90-percentile)=(1,1,2) and mean=1.4
Phone EY_B accounts for 4.0% of frames, with lattice depth (10,50,90-percentile)=(1,1,2) and mean=1.3
Phone N_E accounts for 4.0% of frames, with lattice depth (10,50,90-percentile)=(1,2,2) and mean=1.7
Phone OW_E accounts for 3.4% of frames, with lattice depth (10,50,90-percentile)=(1,1,3) and mean=1.3
Phone S_B accounts for 2.9% of frames, with lattice depth (10,50,90-percentile)=(1,2,3) and mean=1.9
Phone AH_B accounts for 2.7% of frames, with lattice depth (10,50,90-percentile)=(1,2,3) and mean=1.7
Phone DH_B accounts for 2.5% of frames, with lattice depth (10,50,90-percentile)=(1,1,3) and mean=1.3
Phone AW_E accounts for 2.0% of frames, with lattice depth (10,50,90-percentile)=(1,1,1) and mean=1.0
Phone T_E accounts for 1.8% of frames, with lattice depth (10,50,90-percentile)=(2,3,3) and mean=2.8
Phone P_B accounts for 1.3% of frames, with lattice depth (10,50,90-percentile)=(1,1,1) and mean=1.0
Phone R_E accounts for 1.3% of frames, with lattice depth (10,50,90-percentile)=(1,2,2) and mean=1.8
Phone SH_B accounts for 1.1% of frames, with lattice depth (10,50,90-percentile)=(1,1,1) and mean=1.0
Phone K_E accounts for 1.0% of frames, with lattice depth (10,50,90-percentile)=(1,3,3) and mean=2.6
Phone UW_I accounts for 0.9% of frames, with lattice depth (10,50,90-percentile)=(1,1,1) and mean=1.0
Phone CH_E accounts for 0.9% of frames, with lattice depth (10,50,90-percentile)=(1,1,1) and mean=1.0
Phone N_I accounts for 0.9% of frames, with lattice depth (10,50,90-percentile)=(1,2,2) and mean=1.6
Phone TH_E accounts for 0.8% of frames, with lattice depth (10,50,90-percentile)=(1,1,3) and mean=1.6
# Accounting: time=0 threads=1
# Ended (code 0) at Sat Dec  9 11:40:01 IST 2023, elapsed time 0 seconds
