# lattice-determinize-pruned --acoustic-scale=0.083333 --beam=4.0 "ark:gunzip -c exp/tri3b/decode/lat.tmp.1.gz|" ark:- | lattice-to-post --acoustic-scale=0.083333 ark:- ark:- | weight-silence-post 0.01 1:2:3:4:5:6:7:8:9:10 exp/tri3b/final.mdl ark:- ark:- | gmm-est-fmllr --fmllr-update-type=full --spk2utt=ark:data/test/split2/1/spk2utt exp/tri3b/final.mdl "ark,s,cs:apply-cmvn  --utt2spk=ark:data/test/split2/1/utt2spk scp:data/test/split2/1/cmvn.scp scp:data/test/split2/1/feats.scp ark:- | splice-feats --left-context=3 --right-context=3 ark:- ark:- | transform-feats exp/tri3b/final.mat ark:- ark:- | transform-feats --utt2spk=ark:data/test/split2/1/utt2spk ark:exp/tri3b/decode/pre_trans.1 ark:- ark:- |" ark,s,cs:- ark:exp/tri3b/decode/trans_tmp.1 && compose-transforms --b-is-affine=true ark:exp/tri3b/decode/trans_tmp.1 ark:exp/tri3b/decode/pre_trans.1 ark:exp/tri3b/decode/trans.1 
# Started at Sat Dec  9 11:40:01 IST 2023
#
weight-silence-post 0.01 1:2:3:4:5:6:7:8:9:10 exp/tri3b/final.mdl ark:- ark:- 
gmm-est-fmllr --fmllr-update-type=full --spk2utt=ark:data/test/split2/1/spk2utt exp/tri3b/final.mdl 'ark,s,cs:apply-cmvn  --utt2spk=ark:data/test/split2/1/utt2spk scp:data/test/split2/1/cmvn.scp scp:data/test/split2/1/feats.scp ark:- | splice-feats --left-context=3 --right-context=3 ark:- ark:- | transform-feats exp/tri3b/final.mat ark:- ark:- | transform-feats --utt2spk=ark:data/test/split2/1/utt2spk ark:exp/tri3b/decode/pre_trans.1 ark:- ark:- |' ark,s,cs:- ark:exp/tri3b/decode/trans_tmp.1 
lattice-to-post --acoustic-scale=0.083333 ark:- ark:- 
apply-cmvn --utt2spk=ark:data/test/split2/1/utt2spk scp:data/test/split2/1/cmvn.scp scp:data/test/split2/1/feats.scp ark:- 
transform-feats --utt2spk=ark:data/test/split2/1/utt2spk ark:exp/tri3b/decode/pre_trans.1 ark:- ark:- 
transform-feats exp/tri3b/final.mat ark:- ark:- 
splice-feats --left-context=3 --right-context=3 ark:- ark:- 
LOG (apply-cmvn[5.5.1074~1-71f3]:main():apply-cmvn.cc:162) Applied cepstral mean normalization to 10 utterances, errors on 0
lattice-determinize-pruned --acoustic-scale=0.083333 --beam=4.0 'ark:gunzip -c exp/tri3b/decode/lat.tmp.1.gz|' ark:- 
LOG (transform-feats[5.5.1074~1-71f3]:main():transform-feats.cc:158) Overall average [pseudo-]logdet is -66.2233 over 1629 frames.
LOG (transform-feats[5.5.1074~1-71f3]:main():transform-feats.cc:161) Applied transform to 10 utterances; 0 had errors.
LOG (lattice-determinize-pruned[5.5.1074~1-71f3]:main():lattice-determinize-pruned.cc:159) Average input-lattice depth (measured at at state level) is 8.60712, output depth is 1.52793, over 1629 frames  (average num-frames = 162.9).
LOG (lattice-determinize-pruned[5.5.1074~1-71f3]:main():lattice-determinize-pruned.cc:164) Done 10 lattices, determinization finished earlier than specified by the beam (or output was empty) on 0 of these.
LOG (lattice-to-post[5.5.1074~1-71f3]:main():lattice-to-post.cc:107) Overall average log-like/frame is -5.41977 over 1629 frames.  Average acoustic like/frame is -5.28425
LOG (lattice-to-post[5.5.1074~1-71f3]:main():lattice-to-post.cc:111) Done 10 lattices.
LOG (weight-silence-post[5.5.1074~1-71f3]:main():weight-silence-post.cc:95) Done 10 posteriors.
LOG (transform-feats[5.5.1074~1-71f3]:main():transform-feats.cc:158) Overall average logdet is -3.55799 over 1629 frames.
LOG (transform-feats[5.5.1074~1-71f3]:main():transform-feats.cc:161) Applied transform to 10 utterances; 0 had errors.
LOG (gmm-est-fmllr[5.5.1074~1-71f3]:ComputeFmllrMatrixDiagGmmFull():fmllr-diag-gmm.cc:262) fMLLR objf improvement is 1.1834 per frame over 1323.78 frames.
LOG (gmm-est-fmllr[5.5.1074~1-71f3]:main():gmm-est-fmllr.cc:143) For speaker pramod, auxf-impr from fMLLR is 1.1834, over 1323.78 frames.
LOG (gmm-est-fmllr[5.5.1074~1-71f3]:main():gmm-est-fmllr.cc:188) Done 10 files, 0 with no posts, 0 with other errors.
LOG (gmm-est-fmllr[5.5.1074~1-71f3]:main():gmm-est-fmllr.cc:190) Overall fMLLR auxf impr per frame is 1.1834 over 1323.78 frames.
compose-transforms --b-is-affine=true ark:exp/tri3b/decode/trans_tmp.1 ark:exp/tri3b/decode/pre_trans.1 ark:exp/tri3b/decode/trans.1 
# Accounting: time=0 threads=1
# Ended (code 0) at Sat Dec  9 11:40:01 IST 2023, elapsed time 0 seconds
