# ali-to-post "ark:gunzip -c exp/tri3b/ali.1.gz|" ark:- | gmm-acc-stats-twofeats exp/tri3b/35.mdl "ark,s,cs:apply-cmvn  --utt2spk=ark:data/train/split2/1/utt2spk scp:data/train/split2/1/cmvn.scp scp:data/train/split2/1/feats.scp ark:- | splice-feats --left-context=3 --right-context=3 ark:- ark:- | transform-feats exp/tri2b_ali/final.mat ark:- ark:- | transform-feats --utt2spk=ark:data/train/split2/1/utt2spk ark:exp/tri3b/trans.1 ark:- ark:- |" "ark,s,cs:apply-cmvn  --utt2spk=ark:data/train/split2/1/utt2spk scp:data/train/split2/1/cmvn.scp scp:data/train/split2/1/feats.scp ark:- | splice-feats --left-context=3 --right-context=3 ark:- ark:- | transform-feats exp/tri2b_ali/final.mat ark:- ark:- |" ark,s,cs:- exp/tri3b/35.1.acc 
# Started at Sat Dec  9 11:40:00 IST 2023
#
ali-to-post 'ark:gunzip -c exp/tri3b/ali.1.gz|' ark:- 
gmm-acc-stats-twofeats exp/tri3b/35.mdl 'ark,s,cs:apply-cmvn  --utt2spk=ark:data/train/split2/1/utt2spk scp:data/train/split2/1/cmvn.scp scp:data/train/split2/1/feats.scp ark:- | splice-feats --left-context=3 --right-context=3 ark:- ark:- | transform-feats exp/tri2b_ali/final.mat ark:- ark:- | transform-feats --utt2spk=ark:data/train/split2/1/utt2spk ark:exp/tri3b/trans.1 ark:- ark:- |' 'ark,s,cs:apply-cmvn  --utt2spk=ark:data/train/split2/1/utt2spk scp:data/train/split2/1/cmvn.scp scp:data/train/split2/1/feats.scp ark:- | splice-feats --left-context=3 --right-context=3 ark:- ark:- | transform-feats exp/tri2b_ali/final.mat ark:- ark:- |' ark,s,cs:- exp/tri3b/35.1.acc 
apply-cmvn --utt2spk=ark:data/train/split2/1/utt2spk scp:data/train/split2/1/cmvn.scp scp:data/train/split2/1/feats.scp ark:- 
transform-feats exp/tri2b_ali/final.mat ark:- ark:- 
transform-feats --utt2spk=ark:data/train/split2/1/utt2spk ark:exp/tri3b/trans.1 ark:- ark:- 
splice-feats --left-context=3 --right-context=3 ark:- ark:- 
splice-feats --left-context=3 --right-context=3 ark:- ark:- 
transform-feats exp/tri2b_ali/final.mat ark:- ark:- 
apply-cmvn --utt2spk=ark:data/train/split2/1/utt2spk scp:data/train/split2/1/cmvn.scp scp:data/train/split2/1/feats.scp ark:- 
LOG (gmm-acc-stats-twofeats[5.5.1074~1-71f3]:main():gmm-acc-stats-twofeats.cc:140) Average like for this file is -46.9528 over 429 frames.
LOG (gmm-acc-stats-twofeats[5.5.1074~1-71f3]:main():gmm-acc-stats-twofeats.cc:140) Average like for this file is -45.3348 over 408 frames.
LOG (gmm-acc-stats-twofeats[5.5.1074~1-71f3]:main():gmm-acc-stats-twofeats.cc:140) Average like for this file is -45.0014 over 417 frames.
LOG (gmm-acc-stats-twofeats[5.5.1074~1-71f3]:main():gmm-acc-stats-twofeats.cc:140) Average like for this file is -45.1487 over 419 frames.
LOG (gmm-acc-stats-twofeats[5.5.1074~1-71f3]:main():gmm-acc-stats-twofeats.cc:140) Average like for this file is -45.236 over 402 frames.
LOG (gmm-acc-stats-twofeats[5.5.1074~1-71f3]:main():gmm-acc-stats-twofeats.cc:140) Average like for this file is -47.4318 over 389 frames.
LOG (gmm-acc-stats-twofeats[5.5.1074~1-71f3]:main():gmm-acc-stats-twofeats.cc:140) Average like for this file is -46.8116 over 421 frames.
LOG (gmm-acc-stats-twofeats[5.5.1074~1-71f3]:main():gmm-acc-stats-twofeats.cc:140) Average like for this file is -44.2225 over 401 frames.
LOG (gmm-acc-stats-twofeats[5.5.1074~1-71f3]:main():gmm-acc-stats-twofeats.cc:140) Average like for this file is -46.197 over 428 frames.
LOG (gmm-acc-stats-twofeats[5.5.1074~1-71f3]:main():gmm-acc-stats-twofeats.cc:140) Average like for this file is -46.2609 over 435 frames.
LOG (gmm-acc-stats-twofeats[5.5.1074~1-71f3]:main():gmm-acc-stats-twofeats.cc:146) Avg like per frame so far is -45.8652
LOG (gmm-acc-stats-twofeats[5.5.1074~1-71f3]:main():gmm-acc-stats-twofeats.cc:140) Average like for this file is -53.0224 over 250 frames.
LOG (gmm-acc-stats-twofeats[5.5.1074~1-71f3]:main():gmm-acc-stats-twofeats.cc:140) Average like for this file is -56.3097 over 265 frames.
LOG (gmm-acc-stats-twofeats[5.5.1074~1-71f3]:main():gmm-acc-stats-twofeats.cc:140) Average like for this file is -52.9621 over 250 frames.
LOG (gmm-acc-stats-twofeats[5.5.1074~1-71f3]:main():gmm-acc-stats-twofeats.cc:140) Average like for this file is -52.8648 over 245 frames.
LOG (gmm-acc-stats-twofeats[5.5.1074~1-71f3]:main():gmm-acc-stats-twofeats.cc:140) Average like for this file is -53.7623 over 259 frames.
LOG (gmm-acc-stats-twofeats[5.5.1074~1-71f3]:main():gmm-acc-stats-twofeats.cc:140) Average like for this file is -52.0764 over 244 frames.
LOG (gmm-acc-stats-twofeats[5.5.1074~1-71f3]:main():gmm-acc-stats-twofeats.cc:140) Average like for this file is -56.8941 over 216 frames.
LOG (gmm-acc-stats-twofeats[5.5.1074~1-71f3]:main():gmm-acc-stats-twofeats.cc:140) Average like for this file is -53.2404 over 277 frames.
LOG (gmm-acc-stats-twofeats[5.5.1074~1-71f3]:main():gmm-acc-stats-twofeats.cc:140) Average like for this file is -50.9603 over 234 frames.
LOG (gmm-acc-stats-twofeats[5.5.1074~1-71f3]:main():gmm-acc-stats-twofeats.cc:140) Average like for this file is -49.9465 over 238 frames.
LOG (gmm-acc-stats-twofeats[5.5.1074~1-71f3]:main():gmm-acc-stats-twofeats.cc:146) Avg like per frame so far is -48.6109
LOG (gmm-acc-stats-twofeats[5.5.1074~1-71f3]:main():gmm-acc-stats-twofeats.cc:140) Average like for this file is -54.6633 over 164 frames.
LOG (gmm-acc-stats-twofeats[5.5.1074~1-71f3]:main():gmm-acc-stats-twofeats.cc:140) Average like for this file is -55.5905 over 141 frames.
LOG (gmm-acc-stats-twofeats[5.5.1074~1-71f3]:main():gmm-acc-stats-twofeats.cc:140) Average like for this file is -53.4876 over 171 frames.
LOG (gmm-acc-stats-twofeats[5.5.1074~1-71f3]:main():gmm-acc-stats-twofeats.cc:140) Average like for this file is -54.5777 over 152 frames.
LOG (gmm-acc-stats-twofeats[5.5.1074~1-71f3]:main():gmm-acc-stats-twofeats.cc:140) Average like for this file is -58.3573 over 162 frames.
LOG (gmm-acc-stats-twofeats[5.5.1074~1-71f3]:main():gmm-acc-stats-twofeats.cc:140) Average like for this file is -54.115 over 116 frames.
LOG (ali-to-post[5.5.1074~1-71f3]:main():ali-to-post.cc:73) Converted 50 alignments.
LOG (gmm-acc-stats-twofeats[5.5.1074~1-71f3]:main():gmm-acc-stats-twofeats.cc:140) Average like for this file is -51.6479 over 130 frames.
LOG (gmm-acc-stats-twofeats[5.5.1074~1-71f3]:main():gmm-acc-stats-twofeats.cc:140) Average like for this file is -52.6674 over 116 frames.
LOG (gmm-acc-stats-twofeats[5.5.1074~1-71f3]:main():gmm-acc-stats-twofeats.cc:140) Average like for this file is -53.9674 over 127 frames.
LOG (gmm-acc-stats-twofeats[5.5.1074~1-71f3]:main():gmm-acc-stats-twofeats.cc:140) Average like for this file is -52.8848 over 133 frames.
LOG (gmm-acc-stats-twofeats[5.5.1074~1-71f3]:main():gmm-acc-stats-twofeats.cc:146) Avg like per frame so far is -49.6122
LOG (gmm-acc-stats-twofeats[5.5.1074~1-71f3]:main():gmm-acc-stats-twofeats.cc:140) Average like for this file is -52.859 over 307 frames.
LOG (gmm-acc-stats-twofeats[5.5.1074~1-71f3]:main():gmm-acc-stats-twofeats.cc:140) Average like for this file is -49.5459 over 248 frames.
LOG (gmm-acc-stats-twofeats[5.5.1074~1-71f3]:main():gmm-acc-stats-twofeats.cc:140) Average like for this file is -52.5029 over 231 frames.
LOG (gmm-acc-stats-twofeats[5.5.1074~1-71f3]:main():gmm-acc-stats-twofeats.cc:140) Average like for this file is -53.1398 over 242 frames.
LOG (gmm-acc-stats-twofeats[5.5.1074~1-71f3]:main():gmm-acc-stats-twofeats.cc:140) Average like for this file is -50.6047 over 256 frames.
LOG (apply-cmvn[5.5.1074~1-71f3]:main():apply-cmvn.cc:162) Applied cepstral mean normalization to 50 utterances, errors on 0
LOG (gmm-acc-stats-twofeats[5.5.1074~1-71f3]:main():gmm-acc-stats-twofeats.cc:140) Average like for this file is -53.5425 over 270 frames.
LOG (gmm-acc-stats-twofeats[5.5.1074~1-71f3]:main():gmm-acc-stats-twofeats.cc:140) Average like for this file is -52.1999 over 265 frames.
LOG (apply-cmvn[5.5.1074~1-71f3]:main():apply-cmvn.cc:162) Applied cepstral mean normalization to 50 utterances, errors on 0
LOG (gmm-acc-stats-twofeats[5.5.1074~1-71f3]:main():gmm-acc-stats-twofeats.cc:140) Average like for this file is -53.1624 over 270 frames.
LOG (gmm-acc-stats-twofeats[5.5.1074~1-71f3]:main():gmm-acc-stats-twofeats.cc:140) Average like for this file is -52.5626 over 262 frames.
LOG (gmm-acc-stats-twofeats[5.5.1074~1-71f3]:main():gmm-acc-stats-twofeats.cc:140) Average like for this file is -49.5378 over 280 frames.
LOG (gmm-acc-stats-twofeats[5.5.1074~1-71f3]:main():gmm-acc-stats-twofeats.cc:146) Avg like per frame so far is -50.1945
LOG (gmm-acc-stats-twofeats[5.5.1074~1-71f3]:main():gmm-acc-stats-twofeats.cc:140) Average like for this file is -54.5214 over 154 frames.
LOG (gmm-acc-stats-twofeats[5.5.1074~1-71f3]:main():gmm-acc-stats-twofeats.cc:140) Average like for this file is -50.7212 over 154 frames.
LOG (gmm-acc-stats-twofeats[5.5.1074~1-71f3]:main():gmm-acc-stats-twofeats.cc:140) Average like for this file is -56.3705 over 127 frames.
LOG (gmm-acc-stats-twofeats[5.5.1074~1-71f3]:main():gmm-acc-stats-twofeats.cc:140) Average like for this file is -55.5037 over 137 frames.
LOG (gmm-acc-stats-twofeats[5.5.1074~1-71f3]:main():gmm-acc-stats-twofeats.cc:140) Average like for this file is -53.7003 over 156 frames.
LOG (transform-feats[5.5.1074~1-71f3]:main():transform-feats.cc:158) Overall average [pseudo-]logdet is -66.2233 over 12110 frames.
LOG (transform-feats[5.5.1074~1-71f3]:main():transform-feats.cc:161) Applied transform to 50 utterances; 0 had errors.
LOG (gmm-acc-stats-twofeats[5.5.1074~1-71f3]:main():gmm-acc-stats-twofeats.cc:140) Average like for this file is -55.0224 over 145 frames.
LOG (gmm-acc-stats-twofeats[5.5.1074~1-71f3]:main():gmm-acc-stats-twofeats.cc:140) Average like for this file is -53.6228 over 143 frames.
LOG (transform-feats[5.5.1074~1-71f3]:main():transform-feats.cc:158) Overall average [pseudo-]logdet is -66.2233 over 12110 frames.
LOG (gmm-acc-stats-twofeats[5.5.1074~1-71f3]:main():gmm-acc-stats-twofeats.cc:140) Average like for this file is -53.5733 over 126 frames.
LOG (transform-feats[5.5.1074~1-71f3]:main():transform-feats.cc:161) Applied transform to 50 utterances; 0 had errors.
LOG (transform-feats[5.5.1074~1-71f3]:main():transform-feats.cc:158) Overall average logdet is 4.27325 over 12110 frames.
LOG (transform-feats[5.5.1074~1-71f3]:main():transform-feats.cc:161) Applied transform to 50 utterances; 0 had errors.
LOG (gmm-acc-stats-twofeats[5.5.1074~1-71f3]:main():gmm-acc-stats-twofeats.cc:140) Average like for this file is -54.5686 over 144 frames.
LOG (gmm-acc-stats-twofeats[5.5.1074~1-71f3]:main():gmm-acc-stats-twofeats.cc:140) Average like for this file is -53.6398 over 154 frames.
LOG (gmm-acc-stats-twofeats[5.5.1074~1-71f3]:main():gmm-acc-stats-twofeats.cc:146) Avg like per frame so far is -50.6555
LOG (gmm-acc-stats-twofeats[5.5.1074~1-71f3]:main():gmm-acc-stats-twofeats.cc:150) Done 50 files, 0 with no posteriors, 0 with no second features, 0 with other errors.
LOG (gmm-acc-stats-twofeats[5.5.1074~1-71f3]:main():gmm-acc-stats-twofeats.cc:155) Overall avg like per frame (Gaussian only) = -50.6555 over 12110 frames.
LOG (gmm-acc-stats-twofeats[5.5.1074~1-71f3]:main():gmm-acc-stats-twofeats.cc:163) Written accs.
# Accounting: time=0 threads=1
# Ended (code 0) at Sat Dec  9 11:40:00 IST 2023, elapsed time 0 seconds
