# build-tree --verbose=1 --max-leaves=300 --cluster-thresh=-1 exp/tri3b/treeacc data/lang/phones/roots.int exp/tri3b/questions.qst data/lang/topo exp/tri3b/tree 
# Started at Sat Dec  9 11:39:55 IST 2023
#
build-tree --verbose=1 --max-leaves=300 --cluster-thresh=-1 exp/tri3b/treeacc data/lang/phones/roots.int exp/tri3b/questions.qst data/lang/topo exp/tri3b/tree 
LOG (build-tree[5.5.1074~1-71f3]:main():build-tree.cc:104) Number of separate statistics is 524
LOG (build-tree[5.5.1074~1-71f3]:BuildTree():build-tree.cc:161) BuildTree: before building trees, map has 19 leaves.
LOG (build-tree[5.5.1074~1-71f3]:SplitDecisionTree():build-tree-utils.cc:577) DoDecisionTreeSplit: split 108 times, #leaves now 127
LOG (build-tree[5.5.1074~1-71f3]:BuildTree():build-tree.cc:187) Setting clustering threshold to smallest split 304.658
VLOG[1] (build-tree[5.5.1074~1-71f3]:BuildTree():build-tree.cc:196) After decision tree split, num-leaves = 127, like-impr = 8.7887 per frame over 28546 frames.
VLOG[1] (build-tree[5.5.1074~1-71f3]:BuildTree():build-tree.cc:200) Including just phones that were split, improvement is 8.7887 per frame over 28546 frames.
LOG (build-tree[5.5.1074~1-71f3]:BuildTree():build-tree.cc:215) BuildTree: removed 26 leaves.
VLOG[1] (build-tree[5.5.1074~1-71f3]:ClusterEventMapToNClustersRestrictedByMap():build-tree-utils.cc:914) Number of non-empty clusters in map = 18
VLOG[1] (build-tree[5.5.1074~1-71f3]:ClusterEventMapToNClustersRestrictedByMap():build-tree-utils.cc:915) Number of non-empty clusters = 100
LOG (build-tree[5.5.1074~1-71f3]:BuildTree():build-tree.cc:231) BuildTree: Rounded num leaves to multiple of 8 by removing 5 leaves.
VLOG[1] (build-tree[5.5.1074~1-71f3]:BuildTree():build-tree.cc:256) Objf change due to clustering -0.204486 per frame.
VLOG[1] (build-tree[5.5.1074~1-71f3]:BuildTree():build-tree.cc:259) Normalizing over only split phones, this is: -0.204486 per frame.
VLOG[1] (build-tree[5.5.1074~1-71f3]:BuildTree():build-tree.cc:262) Num-leaves is now 96
VLOG[1] (build-tree[5.5.1074~1-71f3]:main():build-tree.cc:143) For pdf-id 1, low count 0
VLOG[1] (build-tree[5.5.1074~1-71f3]:main():build-tree.cc:143) For pdf-id 2, low count 18
VLOG[1] (build-tree[5.5.1074~1-71f3]:main():build-tree.cc:143) For pdf-id 4, low count 58
VLOG[1] (build-tree[5.5.1074~1-71f3]:main():build-tree.cc:143) For pdf-id 6, low count 96
VLOG[1] (build-tree[5.5.1074~1-71f3]:main():build-tree.cc:143) For pdf-id 10, low count 97
VLOG[1] (build-tree[5.5.1074~1-71f3]:main():build-tree.cc:143) For pdf-id 11, low count 78
VLOG[1] (build-tree[5.5.1074~1-71f3]:main():build-tree.cc:143) For pdf-id 16, low count 75
VLOG[1] (build-tree[5.5.1074~1-71f3]:main():build-tree.cc:143) For pdf-id 18, low count 50
VLOG[1] (build-tree[5.5.1074~1-71f3]:main():build-tree.cc:143) For pdf-id 26, low count 62
VLOG[1] (build-tree[5.5.1074~1-71f3]:main():build-tree.cc:143) For pdf-id 34, low count 93
VLOG[1] (build-tree[5.5.1074~1-71f3]:main():build-tree.cc:143) For pdf-id 36, low count 62
VLOG[1] (build-tree[5.5.1074~1-71f3]:main():build-tree.cc:143) For pdf-id 49, low count 51
VLOG[1] (build-tree[5.5.1074~1-71f3]:main():build-tree.cc:143) For pdf-id 53, low count 23
VLOG[1] (build-tree[5.5.1074~1-71f3]:main():build-tree.cc:143) For pdf-id 60, low count 90
VLOG[1] (build-tree[5.5.1074~1-71f3]:main():build-tree.cc:143) For pdf-id 64, low count 50
VLOG[1] (build-tree[5.5.1074~1-71f3]:main():build-tree.cc:143) For pdf-id 76, low count 76
VLOG[1] (build-tree[5.5.1074~1-71f3]:main():build-tree.cc:143) For pdf-id 79, low count 76
VLOG[1] (build-tree[5.5.1074~1-71f3]:main():build-tree.cc:143) For pdf-id 80, low count 63
VLOG[1] (build-tree[5.5.1074~1-71f3]:main():build-tree.cc:143) For pdf-id 92, low count 74
WARNING (build-tree[5.5.1074~1-71f3]:main():build-tree.cc:185) Saw no stats for following phones: 2 3 4 5 6 7 8 9 10 12 14 15 17 18 21 22 24 25 26 29 30 31 32 34 35 37 38 42 43 45 46 48 49 50 51 53 54 56 57 58 60 61 62 63 65 66 69 70 71 72 74 75 77 78 
LOG (build-tree[5.5.1074~1-71f3]:main():build-tree.cc:189) Wrote tree
# Accounting: time=0 threads=1
# Ended (code 0) at Sat Dec  9 11:39:55 IST 2023, elapsed time 0 seconds
