# ali-to-post "ark:gunzip -c exp/tri3b/ali.1.gz|" ark:- | weight-silence-post 0.0 1:2:3:4:5:6:7:8:9:10 exp/tri3b/4.mdl ark:- ark:- | gmm-est-fmllr --fmllr-update-type=full --spk2utt=ark:data/train/split2/1/spk2utt exp/tri3b/4.mdl "ark,s,cs:apply-cmvn  --utt2spk=ark:data/train/split2/1/utt2spk scp:data/train/split2/1/cmvn.scp scp:data/train/split2/1/feats.scp ark:- | splice-feats --left-context=3 --right-context=3 ark:- ark:- | transform-feats exp/tri2b_ali/final.mat ark:- ark:- | transform-feats --utt2spk=ark:data/train/split2/1/utt2spk ark:exp/tri3b/trans.1 ark:- ark:- |" ark:- ark:exp/tri3b/tmp_trans.1 
# Started at Sat Dec  9 11:39:56 IST 2023
#
ali-to-post 'ark:gunzip -c exp/tri3b/ali.1.gz|' ark:- 
weight-silence-post 0.0 1:2:3:4:5:6:7:8:9:10 exp/tri3b/4.mdl ark:- ark:- 
gmm-est-fmllr --fmllr-update-type=full --spk2utt=ark:data/train/split2/1/spk2utt exp/tri3b/4.mdl 'ark,s,cs:apply-cmvn  --utt2spk=ark:data/train/split2/1/utt2spk scp:data/train/split2/1/cmvn.scp scp:data/train/split2/1/feats.scp ark:- | splice-feats --left-context=3 --right-context=3 ark:- ark:- | transform-feats exp/tri2b_ali/final.mat ark:- ark:- | transform-feats --utt2spk=ark:data/train/split2/1/utt2spk ark:exp/tri3b/trans.1 ark:- ark:- |' ark:- ark:exp/tri3b/tmp_trans.1 
splice-feats --left-context=3 --right-context=3 ark:- ark:- 
transform-feats --utt2spk=ark:data/train/split2/1/utt2spk ark:exp/tri3b/trans.1 ark:- ark:- 
apply-cmvn --utt2spk=ark:data/train/split2/1/utt2spk scp:data/train/split2/1/cmvn.scp scp:data/train/split2/1/feats.scp ark:- 
transform-feats exp/tri2b_ali/final.mat ark:- ark:- 
LOG (ali-to-post[5.5.1074~1-71f3]:main():ali-to-post.cc:73) Converted 50 alignments.
LOG (gmm-est-fmllr[5.5.1074~1-71f3]:ComputeFmllrMatrixDiagGmmFull():fmllr-diag-gmm.cc:262) fMLLR objf improvement is 0.320709 per frame over 2992 frames.
LOG (gmm-est-fmllr[5.5.1074~1-71f3]:main():gmm-est-fmllr.cc:143) For speaker akarsh, auxf-impr from fMLLR is 0.320709, over 2992 frames.
LOG (gmm-est-fmllr[5.5.1074~1-71f3]:ComputeFmllrMatrixDiagGmmFull():fmllr-diag-gmm.cc:262) fMLLR objf improvement is 0.283911 per frame over 1729 frames.
LOG (gmm-est-fmllr[5.5.1074~1-71f3]:main():gmm-est-fmllr.cc:143) For speaker anindita, auxf-impr from fMLLR is 0.283911, over 1729 frames.
LOG (gmm-est-fmllr[5.5.1074~1-71f3]:ComputeFmllrMatrixDiagGmmFull():fmllr-diag-gmm.cc:262) fMLLR objf improvement is 0.308839 per frame over 1403 frames.
LOG (gmm-est-fmllr[5.5.1074~1-71f3]:main():gmm-est-fmllr.cc:143) For speaker anirudh, auxf-impr from fMLLR is 0.308839, over 1403 frames.
LOG (weight-silence-post[5.5.1074~1-71f3]:main():weight-silence-post.cc:95) Done 50 posteriors.
LOG (apply-cmvn[5.5.1074~1-71f3]:main():apply-cmvn.cc:162) Applied cepstral mean normalization to 50 utterances, errors on 0
LOG (gmm-est-fmllr[5.5.1074~1-71f3]:ComputeFmllrMatrixDiagGmmFull():fmllr-diag-gmm.cc:262) fMLLR objf improvement is 0.241096 per frame over 1763 frames.
LOG (gmm-est-fmllr[5.5.1074~1-71f3]:main():gmm-est-fmllr.cc:143) For speaker harinie, auxf-impr from fMLLR is 0.241096, over 1763 frames.
LOG (transform-feats[5.5.1074~1-71f3]:main():transform-feats.cc:158) Overall average [pseudo-]logdet is -66.2233 over 12110 frames.
LOG (transform-feats[5.5.1074~1-71f3]:main():transform-feats.cc:161) Applied transform to 50 utterances; 0 had errors.
LOG (transform-feats[5.5.1074~1-71f3]:main():transform-feats.cc:158) Overall average logdet is 3.34095 over 12110 frames.
LOG (transform-feats[5.5.1074~1-71f3]:main():transform-feats.cc:161) Applied transform to 50 utterances; 0 had errors.
LOG (gmm-est-fmllr[5.5.1074~1-71f3]:ComputeFmllrMatrixDiagGmmFull():fmllr-diag-gmm.cc:262) fMLLR objf improvement is 0.299631 per frame over 1400 frames.
LOG (gmm-est-fmllr[5.5.1074~1-71f3]:main():gmm-est-fmllr.cc:143) For speaker manogna, auxf-impr from fMLLR is 0.299631, over 1400 frames.
LOG (gmm-est-fmllr[5.5.1074~1-71f3]:main():gmm-est-fmllr.cc:188) Done 50 files, 0 with no posts, 0 with other errors.
LOG (gmm-est-fmllr[5.5.1074~1-71f3]:main():gmm-est-fmllr.cc:190) Overall fMLLR auxf impr per frame is 0.293774 over 9287 frames.
# Accounting: time=0 threads=1
# Ended (code 0) at Sat Dec  9 11:39:56 IST 2023, elapsed time 0 seconds
