# gmm-est --power=0.2 --write-occs=exp/tri3b/9.occs --mix-up=1056 exp/tri3b/8.mdl "gmm-sum-accs - exp/tri3b/8.*.acc |" exp/tri3b/9.mdl 
# Started at Sat Dec  9 11:39:57 IST 2023
#
gmm-est --power=0.2 --write-occs=exp/tri3b/9.occs --mix-up=1056 exp/tri3b/8.mdl 'gmm-sum-accs - exp/tri3b/8.*.acc |' exp/tri3b/9.mdl 
gmm-sum-accs - exp/tri3b/8.1.acc exp/tri3b/8.2.acc 
LOG (gmm-sum-accs[5.5.1074~1-71f3]:main():gmm-sum-accs.cc:63) Summed 2 stats, total count 28546, avg like/frame -53.2216
LOG (gmm-sum-accs[5.5.1074~1-71f3]:main():gmm-sum-accs.cc:66) Total count of stats is 28546
LOG (gmm-sum-accs[5.5.1074~1-71f3]:main():gmm-sum-accs.cc:67) Written stats to -
LOG (gmm-est[5.5.1074~1-71f3]:MleUpdate():transition-model.cc:528) TransitionModel::Update, objf change is 0 per frame over 28546 frames. 
LOG (gmm-est[5.5.1074~1-71f3]:MleUpdate():transition-model.cc:531) 35 probabilities floored, 385 out of 517 transition-states skipped due to insuffient data (it is normal to have some skipped.)
LOG (gmm-est[5.5.1074~1-71f3]:main():gmm-est.cc:102) Transition model update: Overall 0 log-like improvement per frame over 28546 frames.
WARNING (gmm-est[5.5.1074~1-71f3]:MleDiagGmmUpdate():mle-diag-gmm.cc:365) Gaussian has too little data but not removing it because it is the last Gaussian: i = 0, occ = 0, weight = 1
WARNING (gmm-est[5.5.1074~1-71f3]:MleDiagGmmUpdate():mle-diag-gmm.cc:359) Too little data - removing Gaussian (weight 0.063147, occupation count 9.345762, vector size 40)
WARNING (gmm-est[5.5.1074~1-71f3]:MleDiagGmmUpdate():mle-diag-gmm.cc:359) Too little data - removing Gaussian (weight 0.028364, occupation count 8.565907, vector size 40)
WARNING (gmm-est[5.5.1074~1-71f3]:MleDiagGmmUpdate():mle-diag-gmm.cc:359) Too little data - removing Gaussian (weight 0.045719, occupation count 8.412211, vector size 40)
WARNING (gmm-est[5.5.1074~1-71f3]:MleDiagGmmUpdate():mle-diag-gmm.cc:359) Too little data - removing Gaussian (weight 0.047365, occupation count 9.567747, vector size 40)
WARNING (gmm-est[5.5.1074~1-71f3]:MleDiagGmmUpdate():mle-diag-gmm.cc:359) Too little data - removing Gaussian (weight 0.033219, occupation count 6.577319, vector size 40)
LOG (gmm-est[5.5.1074~1-71f3]:MleAmDiagGmmUpdate():mle-am-diag-gmm.cc:225) 0 variance elements floored in 0 Gaussians, out of 943
LOG (gmm-est[5.5.1074~1-71f3]:MleAmDiagGmmUpdate():mle-am-diag-gmm.cc:229) Removed 5 Gaussians due to counts < --min-gaussian-occupancy=10 and --remove-low-count-gaussians=true
LOG (gmm-est[5.5.1074~1-71f3]:main():gmm-est.cc:113) GMM update: Overall 0.370557 objective function improvement per frame over 28546 frames
LOG (gmm-est[5.5.1074~1-71f3]:main():gmm-est.cc:116) GMM update: Overall avg like per frame = -53.2216 over 28546 frames.
LOG (gmm-est[5.5.1074~1-71f3]:SplitByCount():am-diag-gmm.cc:116) Split 96 states with target = 1056, power = 0.2, perturb_factor = 0.01 and min_count = 20, split #Gauss from 943 to 1056
LOG (gmm-est[5.5.1074~1-71f3]:main():gmm-est.cc:146) Written model to exp/tri3b/9.mdl
# Accounting: time=0 threads=1
# Ended (code 0) at Sat Dec  9 11:39:57 IST 2023, elapsed time 0 seconds
