# lattice-best-path --lm-scale=11 --word-symbol-table=exp/tri2b/graph/words.txt "ark:gunzip -c exp/tri2b_mpe/decode_it4/lat.*.gz|" ark,t:exp/tri2b_mpe/decode_it4/scoring/11.tra 
# Started at Sat Dec  9 11:39:54 IST 2023
#
lattice-best-path --lm-scale=11 --word-symbol-table=exp/tri2b/graph/words.txt 'ark:gunzip -c exp/tri2b_mpe/decode_it4/lat.*.gz|' ark,t:exp/tri2b_mpe/decode_it4/scoring/11.tra 
LOG (lattice-best-path[5.5.1074~1-71f3]:main():lattice-best-path.cc:99) For utterance pramod_2_3_0, best cost 233.476 + 12993.9 = 13227.4 over 161 frames.
pramod_2_3_0 2 3 0 
LOG (lattice-best-path[5.5.1074~1-71f3]:main():lattice-best-path.cc:99) For utterance pramod_2_5_6, best cost 267.289 + 13511.6 = 13778.9 over 161 frames.
pramod_2_5_6 2 8 6 
LOG (lattice-best-path[5.5.1074~1-71f3]:main():lattice-best-path.cc:99) For utterance pramod_3_9_2, best cost 230.797 + 14795.4 = 15026.2 over 151 frames.
pramod_3_9_2 3 3 2 
LOG (lattice-best-path[5.5.1074~1-71f3]:main():lattice-best-path.cc:99) For utterance pramod_4_5_7, best cost 251.069 + 13520.2 = 13771.2 over 186 frames.
pramod_4_5_7 4 8 7 
LOG (lattice-best-path[5.5.1074~1-71f3]:main():lattice-best-path.cc:99) For utterance pramod_4_8_3, best cost 172.156 + 11212.6 = 11384.8 over 152 frames.
pramod_4_8_3 4 3 
LOG (lattice-best-path[5.5.1074~1-71f3]:main():lattice-best-path.cc:99) For utterance pramod_5_2_5, best cost 235.892 + 13053.9 = 13289.8 over 170 frames.
pramod_5_2_5 8 2 7 
LOG (lattice-best-path[5.5.1074~1-71f3]:main():lattice-best-path.cc:99) For utterance pramod_6_1_1, best cost 116.734 + 13776.2 = 13893 over 165 frames.
pramod_6_1_1 1 
LOG (lattice-best-path[5.5.1074~1-71f3]:main():lattice-best-path.cc:99) For utterance pramod_6_7_1, best cost 251.902 + 11656.2 = 11908.1 over 151 frames.
pramod_6_7_1 6 7 1 
LOG (lattice-best-path[5.5.1074~1-71f3]:main():lattice-best-path.cc:99) For utterance pramod_7_0_9, best cost 265.358 + 13346.9 = 13612.3 over 162 frames.
pramod_7_0_9 4 0 9 
LOG (lattice-best-path[5.5.1074~1-71f3]:main():lattice-best-path.cc:99) For utterance pramod_7_4_6, best cost 237.939 + 12714 = 12952 over 170 frames.
pramod_7_4_6 7 7 6 
LOG (lattice-best-path[5.5.1074~1-71f3]:main():lattice-best-path.cc:99) For utterance srihari_2_3_3, best cost 206.652 + 11069.3 = 11276 over 141 frames.
srihari_2_3_3 2 3 3 
LOG (lattice-best-path[5.5.1074~1-71f3]:main():lattice-best-path.cc:99) For utterance srihari_3_4_1, best cost 372.689 + 16164 = 16536.7 over 223 frames.
srihari_3_4_1 3 3 4 8 1 3 
LOG (lattice-best-path[5.5.1074~1-71f3]:main():lattice-best-path.cc:99) For utterance srihari_3_6_6, best cost 312.048 + 15216.5 = 15528.6 over 223 frames.
srihari_3_6_6 3 3 6 1 6 
LOG (lattice-best-path[5.5.1074~1-71f3]:main():lattice-best-path.cc:99) For utterance srihari_4_1_3, best cost 222.581 + 12503.4 = 12726 over 171 frames.
srihari_4_1_3 7 6 3 
LOG (lattice-best-path[5.5.1074~1-71f3]:main():lattice-best-path.cc:99) For utterance srihari_4_5_6, best cost 274.258 + 14176.9 = 14451.2 over 204 frames.
srihari_4_5_6 3 4 6 0 
LOG (lattice-best-path[5.5.1074~1-71f3]:main():lattice-best-path.cc:99) For utterance srihari_5_3_3, best cost 308.893 + 19118.3 = 19427.2 over 229 frames.
srihari_5_3_3 7 6 3 3 
LOG (lattice-best-path[5.5.1074~1-71f3]:main():lattice-best-path.cc:99) For utterance srihari_5_9_8, best cost 298.061 + 16063.5 = 16361.6 over 209 frames.
srihari_5_9_8 3 0 8 
LOG (lattice-best-path[5.5.1074~1-71f3]:main():lattice-best-path.cc:99) For utterance srihari_6_7_7, best cost 333.854 + 19858 = 20191.9 over 270 frames.
srihari_6_7_7 8 6 7 7 
LOG (lattice-best-path[5.5.1074~1-71f3]:main():lattice-best-path.cc:99) For utterance srihari_8_4_6, best cost 365.513 + 13615 = 13980.5 over 187 frames.
srihari_8_4_6 3 8 4 6 0 
LOG (lattice-best-path[5.5.1074~1-71f3]:main():lattice-best-path.cc:99) For utterance srihari_8_4_7, best cost 289.423 + 16150 = 16439.5 over 228 frames.
srihari_8_4_7 3 7 4 7 
LOG (lattice-best-path[5.5.1074~1-71f3]:main():lattice-best-path.cc:124) Overall cost per frame is 78.019 = 1.41265 [graph] + 76.6064 [acoustic] over 3714 frames.
LOG (lattice-best-path[5.5.1074~1-71f3]:main():lattice-best-path.cc:128) Done 20 lattices, failed for 0
# Accounting: time=0 threads=1
# Ended (code 0) at Sat Dec  9 11:39:54 IST 2023, elapsed time 0 seconds
