# lattice-best-path --lm-scale=14 --word-symbol-table=exp/tri2b/graph/words.txt "ark:gunzip -c exp/tri2b_mpe/decode_it4/lat.*.gz|" ark,t:exp/tri2b_mpe/decode_it4/scoring/14.tra 
# Started at Sat Dec  9 11:39:54 IST 2023
#
lattice-best-path --lm-scale=14 --word-symbol-table=exp/tri2b/graph/words.txt 'ark:gunzip -c exp/tri2b_mpe/decode_it4/lat.*.gz|' ark,t:exp/tri2b_mpe/decode_it4/scoring/14.tra 
LOG (lattice-best-path[5.5.1074~1-71f3]:main():lattice-best-path.cc:99) For utterance pramod_2_3_0, best cost 297.151 + 12993.9 = 13291 over 161 frames.
pramod_2_3_0 2 3 0 
LOG (lattice-best-path[5.5.1074~1-71f3]:main():lattice-best-path.cc:99) For utterance pramod_2_5_6, best cost 340.185 + 13511.6 = 13851.8 over 161 frames.
pramod_2_5_6 2 8 6 
LOG (lattice-best-path[5.5.1074~1-71f3]:main():lattice-best-path.cc:99) For utterance pramod_3_9_2, best cost 293.742 + 14795.4 = 15089.1 over 151 frames.
pramod_3_9_2 3 3 2 
LOG (lattice-best-path[5.5.1074~1-71f3]:main():lattice-best-path.cc:99) For utterance pramod_4_5_7, best cost 319.543 + 13520.2 = 13839.7 over 186 frames.
pramod_4_5_7 4 8 7 
LOG (lattice-best-path[5.5.1074~1-71f3]:main():lattice-best-path.cc:99) For utterance pramod_4_8_3, best cost 219.108 + 11212.6 = 11431.7 over 152 frames.
pramod_4_8_3 4 3 
LOG (lattice-best-path[5.5.1074~1-71f3]:main():lattice-best-path.cc:99) For utterance pramod_5_2_5, best cost 300.226 + 13053.9 = 13354.1 over 170 frames.
pramod_5_2_5 8 2 7 
LOG (lattice-best-path[5.5.1074~1-71f3]:main():lattice-best-path.cc:99) For utterance pramod_6_1_1, best cost 148.57 + 13776.2 = 13924.8 over 165 frames.
pramod_6_1_1 1 
LOG (lattice-best-path[5.5.1074~1-71f3]:main():lattice-best-path.cc:99) For utterance pramod_6_7_1, best cost 320.602 + 11656.2 = 11976.8 over 151 frames.
pramod_6_7_1 6 7 1 
LOG (lattice-best-path[5.5.1074~1-71f3]:main():lattice-best-path.cc:99) For utterance pramod_7_0_9, best cost 337.729 + 13346.9 = 13684.7 over 162 frames.
pramod_7_0_9 4 0 9 
LOG (lattice-best-path[5.5.1074~1-71f3]:main():lattice-best-path.cc:99) For utterance pramod_7_4_6, best cost 302.832 + 12714 = 13016.9 over 170 frames.
pramod_7_4_6 7 7 6 
LOG (lattice-best-path[5.5.1074~1-71f3]:main():lattice-best-path.cc:99) For utterance srihari_2_3_3, best cost 263.012 + 11069.3 = 11332.3 over 141 frames.
srihari_2_3_3 2 3 3 
LOG (lattice-best-path[5.5.1074~1-71f3]:main():lattice-best-path.cc:99) For utterance srihari_3_4_1, best cost 474.331 + 16164 = 16638.4 over 223 frames.
srihari_3_4_1 3 3 4 8 1 3 
LOG (lattice-best-path[5.5.1074~1-71f3]:main():lattice-best-path.cc:99) For utterance srihari_3_6_6, best cost 397.153 + 15216.5 = 15613.7 over 223 frames.
srihari_3_6_6 3 3 6 1 6 
LOG (lattice-best-path[5.5.1074~1-71f3]:main():lattice-best-path.cc:99) For utterance srihari_4_1_3, best cost 283.285 + 12503.4 = 12786.7 over 171 frames.
srihari_4_1_3 7 6 3 
LOG (lattice-best-path[5.5.1074~1-71f3]:main():lattice-best-path.cc:99) For utterance srihari_4_5_6, best cost 349.055 + 14176.9 = 14526 over 204 frames.
srihari_4_5_6 3 4 6 0 
LOG (lattice-best-path[5.5.1074~1-71f3]:main():lattice-best-path.cc:99) For utterance srihari_5_3_3, best cost 393.136 + 19118.3 = 19511.4 over 229 frames.
srihari_5_3_3 7 6 3 3 
LOG (lattice-best-path[5.5.1074~1-71f3]:main():lattice-best-path.cc:99) For utterance srihari_5_9_8, best cost 379.35 + 16063.5 = 16442.9 over 209 frames.
srihari_5_9_8 3 0 8 
LOG (lattice-best-path[5.5.1074~1-71f3]:main():lattice-best-path.cc:99) For utterance srihari_6_7_7, best cost 424.905 + 19858 = 20282.9 over 270 frames.
srihari_6_7_7 8 6 7 7 
LOG (lattice-best-path[5.5.1074~1-71f3]:main():lattice-best-path.cc:99) For utterance srihari_8_4_6, best cost 465.198 + 13615 = 14080.2 over 187 frames.
srihari_8_4_6 3 8 4 6 0 
LOG (lattice-best-path[5.5.1074~1-71f3]:main():lattice-best-path.cc:99) For utterance srihari_8_4_7, best cost 324.792 + 16187.8 = 16512.6 over 228 frames.
srihari_8_4_7 7 4 7 
LOG (lattice-best-path[5.5.1074~1-71f3]:main():lattice-best-path.cc:124) Overall cost per frame is 78.4027 = 1.78619 [graph] + 76.6165 [acoustic] over 3714 frames.
LOG (lattice-best-path[5.5.1074~1-71f3]:main():lattice-best-path.cc:128) Done 20 lattices, failed for 0
# Accounting: time=0 threads=1
# Ended (code 0) at Sat Dec  9 11:39:54 IST 2023, elapsed time 0 seconds
