# gunzip -c exp/tri2a/decode/depth_tmp.*.gz | steps/diagnostic/analyze_lattice_depth_stats.py exp/tri2a/graph exp/tri2a/decode/ali_frame_tmp.gz 
# Started at Sat Dec  9 11:39:43 IST 2023
#
The total amount of data analyzed assuming 100 frames per second is 0.0 hours
Overall, lattice depth (10,50,90-percentile)=(1,4,7) and mean=4.4
Nonsilence phones as a group account for 90.2% of frames, with lattice depth (10,50,90-percentile)=(1,3,7) and mean=4.4
Phone AH_I accounts for 21.6% of frames, with lattice depth (10,50,90-percentile)=(2,3,7) and mean=5.1
Phone TH_B accounts for 12.4% of frames, with lattice depth (10,50,90-percentile)=(2,4,5) and mean=3.5
Phone CH_B accounts for 11.4% of frames, with lattice depth (10,50,90-percentile)=(1,3,6) and mean=3.4
Phone sil accounts for 9.8% of frames, with lattice depth (10,50,90-percentile)=(1,4,7) and mean=4.2
Phone N_E accounts for 7.6% of frames, with lattice depth (10,50,90-percentile)=(2,4,5) and mean=4.4
Phone EY_B accounts for 4.9% of frames, with lattice depth (10,50,90-percentile)=(1,3,5) and mean=2.5
Phone TH_E accounts for 3.7% of frames, with lattice depth (10,50,90-percentile)=(2,2,6) and mean=3.0
Phone S_B accounts for 3.5% of frames, with lattice depth (10,50,90-percentile)=(2,4,8) and mean=4.9
Phone EY_E accounts for 3.0% of frames, with lattice depth (10,50,90-percentile)=(1,4,6) and mean=4.1
Phone OW_E accounts for 3.0% of frames, with lattice depth (10,50,90-percentile)=(2,4,20) and mean=7.7
Phone IY_I accounts for 2.4% of frames, with lattice depth (10,50,90-percentile)=(1,4,5) and mean=3.8
Phone DH_B accounts for 2.1% of frames, with lattice depth (10,50,90-percentile)=(2,4,20) and mean=5.7
Phone K_E accounts for 2.0% of frames, with lattice depth (10,50,90-percentile)=(3,3,7) and mean=4.2
Phone R_E accounts for 2.0% of frames, with lattice depth (10,50,90-percentile)=(2,3,17) and mean=9.3
Phone P_B accounts for 1.9% of frames, with lattice depth (10,50,90-percentile)=(2,5,6) and mean=5.1
Phone T_E accounts for 1.9% of frames, with lattice depth (10,50,90-percentile)=(2,5,7) and mean=4.7
Phone AH_B accounts for 1.6% of frames, with lattice depth (10,50,90-percentile)=(2,3,6) and mean=3.3
Phone UW_I accounts for 1.5% of frames, with lattice depth (10,50,90-percentile)=(2,2,7) and mean=4.2
Phone AW_E accounts for 1.1% of frames, with lattice depth (10,50,90-percentile)=(1,1,1) and mean=1.0
Phone CH_E accounts for 0.9% of frames, with lattice depth (10,50,90-percentile)=(2,18,21) and mean=12.3
Phone N_I accounts for 0.6% of frames, with lattice depth (10,50,90-percentile)=(1,2,18) and mean=5.2
Phone Y_E accounts for 0.5% of frames, with lattice depth (10,50,90-percentile)=(1,1,2) and mean=1.3
Phone SH_B accounts for 0.5% of frames, with lattice depth (10,50,90-percentile)=(2,2,7) and mean=4.4
# Accounting: time=0 threads=1
# Ended (code 0) at Sat Dec  9 11:39:43 IST 2023, elapsed time 0 seconds
