# lattice-depth-per-frame "ark:gunzip -c exp/tri2a/decode/lat.2.gz|" "ark,t:|gzip -c > exp/tri2a/decode/depth_tmp.2.gz" ark:- | lattice-best-path --acoustic-scale=0.1 ark:- ark:/dev/null "ark,t:|gzip -c >exp/tri2a/decode/ali_tmp.2.gz" 
# Started at Sat Dec  9 11:39:43 IST 2023
#
lattice-depth-per-frame 'ark:gunzip -c exp/tri2a/decode/lat.2.gz|' 'ark,t:|gzip -c > exp/tri2a/decode/depth_tmp.2.gz' ark:- 
lattice-best-path --acoustic-scale=0.1 ark:- ark:/dev/null 'ark,t:|gzip -c >exp/tri2a/decode/ali_tmp.2.gz' 
LOG (lattice-best-path[5.5.1074~1-71f3]:main():lattice-best-path.cc:99) For utterance srihari_2_3_3, best cost 20.836 + 1483.95 = 1504.78 over 141 frames.
LOG (lattice-best-path[5.5.1074~1-71f3]:main():lattice-best-path.cc:99) For utterance srihari_3_4_1, best cost 23.679 + 2183.32 = 2207 over 223 frames.
LOG (lattice-best-path[5.5.1074~1-71f3]:main():lattice-best-path.cc:99) For utterance srihari_3_6_6, best cost 28.2031 + 2097.9 = 2126.1 over 223 frames.
LOG (lattice-best-path[5.5.1074~1-71f3]:main():lattice-best-path.cc:99) For utterance srihari_4_1_3, best cost 23.3908 + 1696.9 = 1720.29 over 171 frames.
LOG (lattice-best-path[5.5.1074~1-71f3]:main():lattice-best-path.cc:99) For utterance srihari_4_5_6, best cost 28.2963 + 1975.27 = 2003.57 over 204 frames.
LOG (lattice-depth-per-frame[5.5.1074~1-71f3]:main():lattice-depth-per-frame.cc:82) Done 10 lattices.
LOG (lattice-best-path[5.5.1074~1-71f3]:main():lattice-best-path.cc:99) For utterance srihari_5_3_3, best cost 24.6696 + 2434.46 = 2459.13 over 229 frames.
LOG (lattice-best-path[5.5.1074~1-71f3]:main():lattice-best-path.cc:99) For utterance srihari_5_9_8, best cost 33.2559 + 2110.28 = 2143.54 over 209 frames.
LOG (lattice-best-path[5.5.1074~1-71f3]:main():lattice-best-path.cc:99) For utterance srihari_6_7_7, best cost 33.8107 + 2687.7 = 2721.51 over 270 frames.
LOG (lattice-best-path[5.5.1074~1-71f3]:main():lattice-best-path.cc:99) For utterance srihari_8_4_6, best cost 29.5219 + 1826.96 = 1856.48 over 187 frames.
LOG (lattice-best-path[5.5.1074~1-71f3]:main():lattice-best-path.cc:99) For utterance srihari_8_4_7, best cost 22.882 + 2207.56 = 2230.44 over 228 frames.
LOG (lattice-best-path[5.5.1074~1-71f3]:main():lattice-best-path.cc:124) Overall cost per frame is 10.0589 = 0.128799 [graph] + 9.93012 [acoustic] over 2085 frames.
LOG (lattice-best-path[5.5.1074~1-71f3]:main():lattice-best-path.cc:128) Done 10 lattices, failed for 0
# Accounting: time=0 threads=1
# Ended (code 0) at Sat Dec  9 11:39:43 IST 2023, elapsed time 0 seconds
