# gmm-est-gaussians-ebw exp/tri2b_mpe/2.mdl "gmm-ismooth-stats --smooth-from-model=true --tau=400 exp/tri2b_mpe/2.mdl exp/tri2b_mpe/num_acc.2.acc -|" exp/tri2b_mpe/den_acc.2.acc - | gmm-est-weights-ebw - exp/tri2b_mpe/num_acc.2.acc exp/tri2b_mpe/den_acc.2.acc exp/tri2b_mpe/3.mdl 
# Started at Sat Dec  9 11:39:54 IST 2023
#
gmm-est-weights-ebw - exp/tri2b_mpe/num_acc.2.acc exp/tri2b_mpe/den_acc.2.acc exp/tri2b_mpe/3.mdl 
gmm-est-gaussians-ebw exp/tri2b_mpe/2.mdl 'gmm-ismooth-stats --smooth-from-model=true --tau=400 exp/tri2b_mpe/2.mdl exp/tri2b_mpe/num_acc.2.acc -|' exp/tri2b_mpe/den_acc.2.acc - 
gmm-ismooth-stats --smooth-from-model=true --tau=400 exp/tri2b_mpe/2.mdl exp/tri2b_mpe/num_acc.2.acc - 
LOG (gmm-ismooth-stats[5.5.1074~1-71f3]:main():gmm-ismooth-stats.cc:126) Smoothed stats with tau = 400, count changed from 7.45244 to 554807
LOG (gmm-est-gaussians-ebw[5.5.1074~1-71f3]:main():gmm-est-gaussians-ebw.cc:98) Num count 554807, den count 7.45244
LOG (gmm-est-gaussians-ebw[5.5.1074~1-71f3]:main():gmm-est-gaussians-ebw.cc:100) Overall auxf impr/frame from Gaussian update is 0.0492001 over 7.45244 frames; floored D for 0 Gaussians.
LOG (gmm-est-gaussians-ebw[5.5.1074~1-71f3]:main():gmm-est-gaussians-ebw.cc:111) Written model to -
LOG (gmm-est-weights-ebw[5.5.1074~1-71f3]:UpdateEbwWeightsDiagGmm():ebw-diag-gmm.cc:223) Not updating weights for this state because total count is 2.3856 < 10
LOG (gmm-est-weights-ebw[5.5.1074~1-71f3]:UpdateEbwWeightsDiagGmm():ebw-diag-gmm.cc:223) Not updating weights for this state because total count is 0 < 10
LOG (gmm-est-weights-ebw[5.5.1074~1-71f3]:UpdateEbwWeightsDiagGmm():ebw-diag-gmm.cc:223) Not updating weights for this state because total count is 0 < 10
LOG (gmm-est-weights-ebw[5.5.1074~1-71f3]:UpdateEbwWeightsDiagGmm():ebw-diag-gmm.cc:223) Not updating weights for this state because total count is 0 < 10
LOG (gmm-est-weights-ebw[5.5.1074~1-71f3]:UpdateEbwWeightsDiagGmm():ebw-diag-gmm.cc:223) Not updating weights for this state because total count is 0.00106753 < 10
LOG (gmm-est-weights-ebw[5.5.1074~1-71f3]:UpdateEbwWeightsDiagGmm():ebw-diag-gmm.cc:223) Not updating weights for this state because total count is 0.0989814 < 10
LOG (gmm-est-weights-ebw[5.5.1074~1-71f3]:UpdateEbwWeightsDiagGmm():ebw-diag-gmm.cc:223) Not updating weights for this state because total count is 0.0973666 < 10
LOG (gmm-est-weights-ebw[5.5.1074~1-71f3]:UpdateEbwWeightsDiagGmm():ebw-diag-gmm.cc:223) Not updating weights for this state because total count is 0.0623795 < 10
LOG (gmm-est-weights-ebw[5.5.1074~1-71f3]:UpdateEbwWeightsDiagGmm():ebw-diag-gmm.cc:223) Not updating weights for this state because total count is 7.27414e-09 < 10
LOG (gmm-est-weights-ebw[5.5.1074~1-71f3]:UpdateEbwWeightsDiagGmm():ebw-diag-gmm.cc:223) Not updating weights for this state because total count is 0.144996 < 10
LOG (gmm-est-weights-ebw[5.5.1074~1-71f3]:UpdateEbwWeightsDiagGmm():ebw-diag-gmm.cc:223) Not updating weights for this state because total count is 0 < 10
LOG (gmm-est-weights-ebw[5.5.1074~1-71f3]:UpdateEbwWeightsDiagGmm():ebw-diag-gmm.cc:223) Not updating weights for this state because total count is 0 < 10
LOG (gmm-est-weights-ebw[5.5.1074~1-71f3]:UpdateEbwWeightsDiagGmm():ebw-diag-gmm.cc:223) Not updating weights for this state because total count is 0 < 10
LOG (gmm-est-weights-ebw[5.5.1074~1-71f3]:UpdateEbwWeightsDiagGmm():ebw-diag-gmm.cc:223) Not updating weights for this state because total count is 0.0120824 < 10
LOG (gmm-est-weights-ebw[5.5.1074~1-71f3]:UpdateEbwWeightsDiagGmm():ebw-diag-gmm.cc:223) Not updating weights for this state because total count is 3.31113e-09 < 10
LOG (gmm-est-weights-ebw[5.5.1074~1-71f3]:UpdateEbwWeightsDiagGmm():ebw-diag-gmm.cc:223) Not updating weights for this state because total count is 0.749331 < 10
LOG (gmm-est-weights-ebw[5.5.1074~1-71f3]:UpdateEbwWeightsDiagGmm():ebw-diag-gmm.cc:223) Not updating weights for this state because total count is 0 < 10
LOG (gmm-est-weights-ebw[5.5.1074~1-71f3]:UpdateEbwWeightsDiagGmm():ebw-diag-gmm.cc:223) Not updating weights for this state because total count is 0.0120678 < 10
LOG (gmm-est-weights-ebw[5.5.1074~1-71f3]:UpdateEbwWeightsDiagGmm():ebw-diag-gmm.cc:223) Not updating weights for this state because total count is 0.00603388 < 10
LOG (gmm-est-weights-ebw[5.5.1074~1-71f3]:UpdateEbwWeightsDiagGmm():ebw-diag-gmm.cc:223) Not updating weights for this state because total count is 0.0258165 < 10
LOG (gmm-est-weights-ebw[5.5.1074~1-71f3]:UpdateEbwWeightsDiagGmm():ebw-diag-gmm.cc:223) Not updating weights for this state because total count is 1.16565 < 10
LOG (gmm-est-weights-ebw[5.5.1074~1-71f3]:UpdateEbwWeightsDiagGmm():ebw-diag-gmm.cc:223) Not updating weights for this state because total count is 0.0368199 < 10
LOG (gmm-est-weights-ebw[5.5.1074~1-71f3]:UpdateEbwWeightsDiagGmm():ebw-diag-gmm.cc:223) Not updating weights for this state because total count is 0.235492 < 10
LOG (gmm-est-weights-ebw[5.5.1074~1-71f3]:UpdateEbwWeightsDiagGmm():ebw-diag-gmm.cc:223) Not updating weights for this state because total count is 0.137599 < 10
LOG (gmm-est-weights-ebw[5.5.1074~1-71f3]:UpdateEbwWeightsDiagGmm():ebw-diag-gmm.cc:223) Not updating weights for this state because total count is 0.00603388 < 10
LOG (gmm-est-weights-ebw[5.5.1074~1-71f3]:UpdateEbwWeightsDiagGmm():ebw-diag-gmm.cc:223) Not updating weights for this state because total count is 2.93312e-11 < 10
LOG (gmm-est-weights-ebw[5.5.1074~1-71f3]:UpdateEbwWeightsDiagGmm():ebw-diag-gmm.cc:223) Not updating weights for this state because total count is 0 < 10
LOG (gmm-est-weights-ebw[5.5.1074~1-71f3]:UpdateEbwWeightsDiagGmm():ebw-diag-gmm.cc:223) Not updating weights for this state because total count is 0.185702 < 10
LOG (gmm-est-weights-ebw[5.5.1074~1-71f3]:UpdateEbwWeightsDiagGmm():ebw-diag-gmm.cc:223) Not updating weights for this state because total count is 0 < 10
LOG (gmm-est-weights-ebw[5.5.1074~1-71f3]:UpdateEbwWeightsDiagGmm():ebw-diag-gmm.cc:223) Not updating weights for this state because total count is 0.197843 < 10
LOG (gmm-est-weights-ebw[5.5.1074~1-71f3]:UpdateEbwWeightsDiagGmm():ebw-diag-gmm.cc:223) Not updating weights for this state because total count is 0.0623795 < 10
LOG (gmm-est-weights-ebw[5.5.1074~1-71f3]:UpdateEbwWeightsDiagGmm():ebw-diag-gmm.cc:223) Not updating weights for this state because total count is 0.537995 < 10
LOG (gmm-est-weights-ebw[5.5.1074~1-71f3]:UpdateEbwWeightsDiagGmm():ebw-diag-gmm.cc:223) Not updating weights for this state because total count is 0.00213507 < 10
LOG (gmm-est-weights-ebw[5.5.1074~1-71f3]:UpdateEbwWeightsDiagGmm():ebw-diag-gmm.cc:223) Not updating weights for this state because total count is 0 < 10
LOG (gmm-est-weights-ebw[5.5.1074~1-71f3]:UpdateEbwWeightsDiagGmm():ebw-diag-gmm.cc:223) Not updating weights for this state because total count is 0.283981 < 10
LOG (gmm-est-weights-ebw[5.5.1074~1-71f3]:UpdateEbwWeightsDiagGmm():ebw-diag-gmm.cc:223) Not updating weights for this state because total count is 0 < 10
LOG (gmm-est-weights-ebw[5.5.1074~1-71f3]:UpdateEbwWeightsDiagGmm():ebw-diag-gmm.cc:223) Not updating weights for this state because total count is 0.0120678 < 10
LOG (gmm-est-weights-ebw[5.5.1074~1-71f3]:UpdateEbwWeightsDiagGmm():ebw-diag-gmm.cc:223) Not updating weights for this state because total count is 0.260654 < 10
LOG (gmm-est-weights-ebw[5.5.1074~1-71f3]:UpdateEbwWeightsDiagGmm():ebw-diag-gmm.cc:223) Not updating weights for this state because total count is 0.0694809 < 10
LOG (gmm-est-weights-ebw[5.5.1074~1-71f3]:UpdateEbwWeightsDiagGmm():ebw-diag-gmm.cc:223) Not updating weights for this state because total count is 0 < 10
LOG (gmm-est-weights-ebw[5.5.1074~1-71f3]:UpdateEbwWeightsDiagGmm():ebw-diag-gmm.cc:223) Not updating weights for this state because total count is 0 < 10
LOG (gmm-est-weights-ebw[5.5.1074~1-71f3]:UpdateEbwWeightsDiagGmm():ebw-diag-gmm.cc:223) Not updating weights for this state because total count is 0 < 10
LOG (gmm-est-weights-ebw[5.5.1074~1-71f3]:UpdateEbwWeightsDiagGmm():ebw-diag-gmm.cc:223) Not updating weights for this state because total count is 2.31921e-10 < 10
LOG (gmm-est-weights-ebw[5.5.1074~1-71f3]:UpdateEbwWeightsDiagGmm():ebw-diag-gmm.cc:223) Not updating weights for this state because total count is 0.00735962 < 10
LOG (gmm-est-weights-ebw[5.5.1074~1-71f3]:UpdateEbwWeightsDiagGmm():ebw-diag-gmm.cc:223) Not updating weights for this state because total count is 0.0181016 < 10
LOG (gmm-est-weights-ebw[5.5.1074~1-71f3]:UpdateEbwWeightsDiagGmm():ebw-diag-gmm.cc:223) Not updating weights for this state because total count is 0.166522 < 10
LOG (gmm-est-weights-ebw[5.5.1074~1-71f3]:UpdateEbwWeightsDiagGmm():ebw-diag-gmm.cc:223) Not updating weights for this state because total count is 0.044434 < 10
LOG (gmm-est-weights-ebw[5.5.1074~1-71f3]:UpdateEbwWeightsDiagGmm():ebw-diag-gmm.cc:223) Not updating weights for this state because total count is 0.697408 < 10
LOG (gmm-est-weights-ebw[5.5.1074~1-71f3]:UpdateEbwWeightsDiagGmm():ebw-diag-gmm.cc:223) Not updating weights for this state because total count is 0.0623795 < 10
LOG (gmm-est-weights-ebw[5.5.1074~1-71f3]:UpdateEbwWeightsDiagGmm():ebw-diag-gmm.cc:223) Not updating weights for this state because total count is 0 < 10
LOG (gmm-est-weights-ebw[5.5.1074~1-71f3]:UpdateEbwWeightsDiagGmm():ebw-diag-gmm.cc:223) Not updating weights for this state because total count is 0.311898 < 10
LOG (gmm-est-weights-ebw[5.5.1074~1-71f3]:UpdateEbwWeightsDiagGmm():ebw-diag-gmm.cc:223) Not updating weights for this state because total count is 0.197843 < 10
LOG (gmm-est-weights-ebw[5.5.1074~1-71f3]:UpdateEbwWeightsDiagGmm():ebw-diag-gmm.cc:223) Not updating weights for this state because total count is 0.0473485 < 10
LOG (gmm-est-weights-ebw[5.5.1074~1-71f3]:UpdateEbwWeightsDiagGmm():ebw-diag-gmm.cc:223) Not updating weights for this state because total count is 0.0427858 < 10
LOG (gmm-est-weights-ebw[5.5.1074~1-71f3]:UpdateEbwWeightsDiagGmm():ebw-diag-gmm.cc:223) Not updating weights for this state because total count is 0.0623795 < 10
LOG (gmm-est-weights-ebw[5.5.1074~1-71f3]:UpdateEbwWeightsDiagGmm():ebw-diag-gmm.cc:223) Not updating weights for this state because total count is 0.0225877 < 10
LOG (gmm-est-weights-ebw[5.5.1074~1-71f3]:UpdateEbwWeightsDiagGmm():ebw-diag-gmm.cc:223) Not updating weights for this state because total count is 0.0473485 < 10
LOG (gmm-est-weights-ebw[5.5.1074~1-71f3]:UpdateEbwWeightsDiagGmm():ebw-diag-gmm.cc:223) Not updating weights for this state because total count is 0 < 10
LOG (gmm-est-weights-ebw[5.5.1074~1-71f3]:UpdateEbwWeightsDiagGmm():ebw-diag-gmm.cc:223) Not updating weights for this state because total count is 0 < 10
LOG (gmm-est-weights-ebw[5.5.1074~1-71f3]:UpdateEbwWeightsDiagGmm():ebw-diag-gmm.cc:223) Not updating weights for this state because total count is 0.327276 < 10
LOG (gmm-est-weights-ebw[5.5.1074~1-71f3]:UpdateEbwWeightsDiagGmm():ebw-diag-gmm.cc:223) Not updating weights for this state because total count is 0 < 10
LOG (gmm-est-weights-ebw[5.5.1074~1-71f3]:UpdateEbwWeightsDiagGmm():ebw-diag-gmm.cc:223) Not updating weights for this state because total count is 0.0301694 < 10
LOG (gmm-est-weights-ebw[5.5.1074~1-71f3]:UpdateEbwWeightsDiagGmm():ebw-diag-gmm.cc:223) Not updating weights for this state because total count is 0.00761402 < 10
LOG (gmm-est-weights-ebw[5.5.1074~1-71f3]:UpdateEbwWeightsDiagGmm():ebw-diag-gmm.cc:223) Not updating weights for this state because total count is 0 < 10
LOG (gmm-est-weights-ebw[5.5.1074~1-71f3]:UpdateEbwWeightsDiagGmm():ebw-diag-gmm.cc:223) Not updating weights for this state because total count is 0 < 10
LOG (gmm-est-weights-ebw[5.5.1074~1-71f3]:UpdateEbwWeightsDiagGmm():ebw-diag-gmm.cc:223) Not updating weights for this state because total count is 0 < 10
LOG (gmm-est-weights-ebw[5.5.1074~1-71f3]:UpdateEbwWeightsDiagGmm():ebw-diag-gmm.cc:223) Not updating weights for this state because total count is 0.0334305 < 10
LOG (gmm-est-weights-ebw[5.5.1074~1-71f3]:UpdateEbwWeightsDiagGmm():ebw-diag-gmm.cc:223) Not updating weights for this state because total count is 1.52058e-07 < 10
LOG (gmm-est-weights-ebw[5.5.1074~1-71f3]:UpdateEbwWeightsDiagGmm():ebw-diag-gmm.cc:223) Not updating weights for this state because total count is 0.0897525 < 10
LOG (gmm-est-weights-ebw[5.5.1074~1-71f3]:UpdateEbwWeightsDiagGmm():ebw-diag-gmm.cc:223) Not updating weights for this state because total count is 0 < 10
LOG (gmm-est-weights-ebw[5.5.1074~1-71f3]:UpdateEbwWeightsDiagGmm():ebw-diag-gmm.cc:223) Not updating weights for this state because total count is 0.0605465 < 10
LOG (gmm-est-weights-ebw[5.5.1074~1-71f3]:UpdateEbwWeightsDiagGmm():ebw-diag-gmm.cc:223) Not updating weights for this state because total count is 1.51553e-07 < 10
LOG (gmm-est-weights-ebw[5.5.1074~1-71f3]:UpdateEbwWeightsDiagGmm():ebw-diag-gmm.cc:223) Not updating weights for this state because total count is 0.00604121 < 10
LOG (gmm-est-weights-ebw[5.5.1074~1-71f3]:UpdateEbwWeightsDiagGmm():ebw-diag-gmm.cc:223) Not updating weights for this state because total count is 0 < 10
LOG (gmm-est-weights-ebw[5.5.1074~1-71f3]:UpdateEbwWeightsDiagGmm():ebw-diag-gmm.cc:223) Not updating weights for this state because total count is 0.0149736 < 10
LOG (gmm-est-weights-ebw[5.5.1074~1-71f3]:UpdateEbwWeightsDiagGmm():ebw-diag-gmm.cc:223) Not updating weights for this state because total count is 0 < 10
LOG (gmm-est-weights-ebw[5.5.1074~1-71f3]:UpdateEbwWeightsDiagGmm():ebw-diag-gmm.cc:223) Not updating weights for this state because total count is 0.395685 < 10
LOG (gmm-est-weights-ebw[5.5.1074~1-71f3]:UpdateEbwWeightsDiagGmm():ebw-diag-gmm.cc:223) Not updating weights for this state because total count is 0.0120678 < 10
LOG (gmm-est-weights-ebw[5.5.1074~1-71f3]:UpdateEbwWeightsDiagGmm():ebw-diag-gmm.cc:223) Not updating weights for this state because total count is 0 < 10
LOG (gmm-est-weights-ebw[5.5.1074~1-71f3]:UpdateEbwWeightsDiagGmm():ebw-diag-gmm.cc:223) Not updating weights for this state because total count is 0.399431 < 10
LOG (gmm-est-weights-ebw[5.5.1074~1-71f3]:UpdateEbwWeightsDiagGmm():ebw-diag-gmm.cc:223) Not updating weights for this state because total count is 0.052933 < 10
LOG (gmm-est-weights-ebw[5.5.1074~1-71f3]:UpdateEbwWeightsDiagGmm():ebw-diag-gmm.cc:223) Not updating weights for this state because total count is 0.250778 < 10
LOG (gmm-est-weights-ebw[5.5.1074~1-71f3]:UpdateEbwWeightsDiagGmm():ebw-diag-gmm.cc:223) Not updating weights for this state because total count is 0.612302 < 10
LOG (gmm-est-weights-ebw[5.5.1074~1-71f3]:UpdateEbwWeightsDiagGmm():ebw-diag-gmm.cc:223) Not updating weights for this state because total count is 0.0554374 < 10
LOG (gmm-est-weights-ebw[5.5.1074~1-71f3]:UpdateEbwWeightsDiagGmm():ebw-diag-gmm.cc:223) Not updating weights for this state because total count is 1.37546 < 10
LOG (gmm-est-weights-ebw[5.5.1074~1-71f3]:UpdateEbwWeightsDiagGmm():ebw-diag-gmm.cc:223) Not updating weights for this state because total count is 0.483483 < 10
LOG (gmm-est-weights-ebw[5.5.1074~1-71f3]:UpdateEbwWeightsDiagGmm():ebw-diag-gmm.cc:223) Not updating weights for this state because total count is 0.544767 < 10
LOG (gmm-est-weights-ebw[5.5.1074~1-71f3]:UpdateEbwWeightsDiagGmm():ebw-diag-gmm.cc:223) Not updating weights for this state because total count is 0.234942 < 10
LOG (gmm-est-weights-ebw[5.5.1074~1-71f3]:UpdateEbwWeightsDiagGmm():ebw-diag-gmm.cc:223) Not updating weights for this state because total count is 0.281098 < 10
LOG (gmm-est-weights-ebw[5.5.1074~1-71f3]:UpdateEbwWeightsDiagGmm():ebw-diag-gmm.cc:223) Not updating weights for this state because total count is 0.0473485 < 10
LOG (gmm-est-weights-ebw[5.5.1074~1-71f3]:UpdateEbwWeightsDiagGmm():ebw-diag-gmm.cc:223) Not updating weights for this state because total count is 0 < 10
LOG (gmm-est-weights-ebw[5.5.1074~1-71f3]:UpdateEbwWeightsDiagGmm():ebw-diag-gmm.cc:223) Not updating weights for this state because total count is 0.0623795 < 10
LOG (gmm-est-weights-ebw[5.5.1074~1-71f3]:UpdateEbwWeightsDiagGmm():ebw-diag-gmm.cc:223) Not updating weights for this state because total count is 0.0529327 < 10
LOG (gmm-est-weights-ebw[5.5.1074~1-71f3]:UpdateEbwWeightsDiagGmm():ebw-diag-gmm.cc:223) Not updating weights for this state because total count is 0.908745 < 10
LOG (gmm-est-weights-ebw[5.5.1074~1-71f3]:UpdateEbwWeightsDiagGmm():ebw-diag-gmm.cc:223) Not updating weights for this state because total count is 0 < 10
LOG (gmm-est-weights-ebw[5.5.1074~1-71f3]:UpdateEbwWeightsDiagGmm():ebw-diag-gmm.cc:223) Not updating weights for this state because total count is 0.0473485 < 10
LOG (gmm-est-weights-ebw[5.5.1074~1-71f3]:main():gmm-est-weights-ebw.cc:96) Num count 7.45244, den count 7.45244
LOG (gmm-est-weights-ebw[5.5.1074~1-71f3]:main():gmm-est-weights-ebw.cc:98) Overall auxf impr/frame from weight update is 0 over 7.45244 frames.
LOG (gmm-est-weights-ebw[5.5.1074~1-71f3]:main():gmm-est-weights-ebw.cc:110) Written model to exp/tri2b_mpe/3.mdl
# Accounting: time=0 threads=1
# Ended (code 0) at Sat Dec  9 11:39:54 IST 2023, elapsed time 0 seconds
