# lattice-best-path --lm-scale=17 --word-symbol-table=exp/tri2b/graph/words.txt "ark:gunzip -c exp/tri2b_mmi_b0.05/decode_it3/lat.*.gz|" ark,t:exp/tri2b_mmi_b0.05/decode_it3/scoring/17.tra 
# Started at Sat Dec  9 11:39:53 IST 2023
#
lattice-best-path --lm-scale=17 --word-symbol-table=exp/tri2b/graph/words.txt 'ark:gunzip -c exp/tri2b_mmi_b0.05/decode_it3/lat.*.gz|' ark,t:exp/tri2b_mmi_b0.05/decode_it3/scoring/17.tra 
LOG (lattice-best-path[5.5.1074~1-71f3]:main():lattice-best-path.cc:99) For utterance pramod_2_3_0, best cost 366.473 + 12850.1 = 13216.6 over 161 frames.
pramod_2_3_0 2 3 0 
LOG (lattice-best-path[5.5.1074~1-71f3]:main():lattice-best-path.cc:99) For utterance pramod_2_5_6, best cost 419.68 + 13547.6 = 13967.3 over 161 frames.
pramod_2_5_6 2 8 6 
LOG (lattice-best-path[5.5.1074~1-71f3]:main():lattice-best-path.cc:99) For utterance pramod_3_9_2, best cost 412.223 + 14661.2 = 15073.4 over 151 frames.
pramod_3_9_2 3 3 2 2 
LOG (lattice-best-path[5.5.1074~1-71f3]:main():lattice-best-path.cc:99) For utterance pramod_4_5_7, best cost 363.891 + 13450.8 = 13814.7 over 186 frames.
pramod_4_5_7 4 8 7 
LOG (lattice-best-path[5.5.1074~1-71f3]:main():lattice-best-path.cc:99) For utterance pramod_4_8_3, best cost 267.01 + 11210 = 11477 over 152 frames.
pramod_4_8_3 4 3 
LOG (lattice-best-path[5.5.1074~1-71f3]:main():lattice-best-path.cc:99) For utterance pramod_5_2_5, best cost 348.443 + 13061.5 = 13409.9 over 170 frames.
pramod_5_2_5 7 2 7 
LOG (lattice-best-path[5.5.1074~1-71f3]:main():lattice-best-path.cc:99) For utterance pramod_6_1_1, best cost 214.254 + 13786.1 = 14000.4 over 165 frames.
pramod_6_1_1 1 
LOG (lattice-best-path[5.5.1074~1-71f3]:main():lattice-best-path.cc:99) For utterance pramod_6_7_1, best cost 389.422 + 11703.6 = 12093 over 151 frames.
pramod_6_7_1 6 7 1 
LOG (lattice-best-path[5.5.1074~1-71f3]:main():lattice-best-path.cc:99) For utterance pramod_7_0_9, best cost 427.454 + 13362.2 = 13789.7 over 162 frames.
pramod_7_0_9 3 4 0 9 
LOG (lattice-best-path[5.5.1074~1-71f3]:main():lattice-best-path.cc:99) For utterance pramod_7_4_6, best cost 366.142 + 12708.7 = 13074.8 over 170 frames.
pramod_7_4_6 7 7 6 
LOG (lattice-best-path[5.5.1074~1-71f3]:main():lattice-best-path.cc:99) For utterance srihari_2_3_3, best cost 320.79 + 11040.8 = 11361.6 over 141 frames.
srihari_2_3_3 2 3 3 
LOG (lattice-best-path[5.5.1074~1-71f3]:main():lattice-best-path.cc:99) For utterance srihari_3_4_1, best cost 531.712 + 16078 = 16609.7 over 223 frames.
srihari_3_4_1 3 3 4 1 3 
LOG (lattice-best-path[5.5.1074~1-71f3]:main():lattice-best-path.cc:99) For utterance srihari_3_6_6, best cost 486.026 + 15114.3 = 15600.4 over 223 frames.
srihari_3_6_6 3 3 6 1 6 
LOG (lattice-best-path[5.5.1074~1-71f3]:main():lattice-best-path.cc:99) For utterance srihari_4_1_3, best cost 342.893 + 12425 = 12767.9 over 171 frames.
srihari_4_1_3 7 6 3 
LOG (lattice-best-path[5.5.1074~1-71f3]:main():lattice-best-path.cc:99) For utterance srihari_4_5_6, best cost 422.155 + 14159.8 = 14581.9 over 204 frames.
srihari_4_5_6 3 4 6 0 
LOG (lattice-best-path[5.5.1074~1-71f3]:main():lattice-best-path.cc:99) For utterance srihari_5_3_3, best cost 532.585 + 19058.1 = 19590.7 over 229 frames.
srihari_5_3_3 7 6 3 3 
LOG (lattice-best-path[5.5.1074~1-71f3]:main():lattice-best-path.cc:99) For utterance srihari_5_9_8, best cost 455.799 + 15980.1 = 16435.9 over 209 frames.
srihari_5_9_8 3 0 8 
LOG (lattice-best-path[5.5.1074~1-71f3]:main():lattice-best-path.cc:99) For utterance srihari_6_7_7, best cost 499.295 + 19859.2 = 20358.5 over 270 frames.
srihari_6_7_7 3 6 7 7 
LOG (lattice-best-path[5.5.1074~1-71f3]:main():lattice-best-path.cc:99) For utterance srihari_8_4_6, best cost 564.598 + 13579.1 = 14143.7 over 187 frames.
srihari_8_4_6 3 4 4 6 0 
LOG (lattice-best-path[5.5.1074~1-71f3]:main():lattice-best-path.cc:99) For utterance srihari_8_4_7, best cost 450.997 + 16155.8 = 16606.8 over 228 frames.
srihari_8_4_7 3 7 4 7 
LOG (lattice-best-path[5.5.1074~1-71f3]:main():lattice-best-path.cc:124) Overall cost per frame is 78.6144 = 2.20297 [graph] + 76.4115 [acoustic] over 3714 frames.
LOG (lattice-best-path[5.5.1074~1-71f3]:main():lattice-best-path.cc:128) Done 20 lattices, failed for 0
# Accounting: time=0 threads=1
# Ended (code 0) at Sat Dec  9 11:39:53 IST 2023, elapsed time 0 seconds
