# gunzip -c exp/tri3b/decode.si/depth_tmp.*.gz | steps/diagnostic/analyze_lattice_depth_stats.py exp/tri3b/graph exp/tri3b/decode.si/ali_frame_tmp.gz 
# Started at Sat Dec  9 11:40:00 IST 2023
#
The total amount of data analyzed assuming 100 frames per second is 0.0 hours
Overall, lattice depth (10,50,90-percentile)=(1,3,6) and mean=3.2
Nonsilence phones as a group account for 84.7% of frames, with lattice depth (10,50,90-percentile)=(1,3,6) and mean=3.1
Phone AH_I accounts for 17.0% of frames, with lattice depth (10,50,90-percentile)=(1,3,6) and mean=3.6
Phone sil accounts for 15.3% of frames, with lattice depth (10,50,90-percentile)=(1,4,7) and mean=3.7
Phone CH_B accounts for 10.6% of frames, with lattice depth (10,50,90-percentile)=(1,2,6) and mean=2.7
Phone EY_E accounts for 8.3% of frames, with lattice depth (10,50,90-percentile)=(1,3,5) and mean=3.1
Phone TH_B accounts for 7.4% of frames, with lattice depth (10,50,90-percentile)=(1,3,6) and mean=3.1
Phone N_E accounts for 6.4% of frames, with lattice depth (10,50,90-percentile)=(1,3,4) and mean=2.8
Phone IY_I accounts for 5.2% of frames, with lattice depth (10,50,90-percentile)=(1,4,6) and mean=3.1
Phone EY_B accounts for 4.4% of frames, with lattice depth (10,50,90-percentile)=(1,2,8) and mean=3.3
Phone OW_E accounts for 4.2% of frames, with lattice depth (10,50,90-percentile)=(1,2,7) and mean=3.0
Phone S_B accounts for 3.3% of frames, with lattice depth (10,50,90-percentile)=(1,3,4) and mean=3.0
Phone AH_B accounts for 3.2% of frames, with lattice depth (10,50,90-percentile)=(1,3,6) and mean=3.3
Phone DH_B accounts for 2.9% of frames, with lattice depth (10,50,90-percentile)=(1,2,7) and mean=2.4
Phone T_E accounts for 2.4% of frames, with lattice depth (10,50,90-percentile)=(1,3,6) and mean=2.9
Phone AW_E accounts for 2.0% of frames, with lattice depth (10,50,90-percentile)=(1,4,4) and mean=2.5
Phone UW_I accounts for 1.2% of frames, with lattice depth (10,50,90-percentile)=(1,1,1) and mean=1.0
Phone TH_E accounts for 1.1% of frames, with lattice depth (10,50,90-percentile)=(1,4,4) and mean=3.5
Phone K_E accounts for 1.0% of frames, with lattice depth (10,50,90-percentile)=(1,5,5) and mean=4.8
Phone R_E accounts for 0.9% of frames, with lattice depth (10,50,90-percentile)=(2,4,5) and mean=4.0
Phone N_I accounts for 0.8% of frames, with lattice depth (10,50,90-percentile)=(1,1,1) and mean=1.2
Phone SH_B accounts for 0.6% of frames, with lattice depth (10,50,90-percentile)=(1,1,1) and mean=1.0
Phone CH_E accounts for 0.6% of frames, with lattice depth (10,50,90-percentile)=(3,3,6) and mean=4.6
Phone P_B accounts for 0.6% of frames, with lattice depth (10,50,90-percentile)=(3,3,3) and mean=3.0
# Accounting: time=0 threads=1
# Ended (code 0) at Sat Dec  9 11:40:00 IST 2023, elapsed time 0 seconds
