# compute-mfcc-feats --write-utt2dur=ark,t:exp/make_mfcc/train/utt2dur.1 --verbose=2 --config=conf/mfcc.conf scp,p:exp/make_mfcc/train/wav_train.1.scp ark:- | copy-feats --write-num-frames=ark,t:exp/make_mfcc/train/utt2num_frames.1 --compress=true ark:- ark,scp:/home/srihari/kaldi/egs/Hindi-Digit-ASR/mfcc/raw_mfcc_train.1.ark,/home/srihari/kaldi/egs/Hindi-Digit-ASR/mfcc/raw_mfcc_train.1.scp 
# Started at Sat Dec  9 11:39:27 IST 2023
#
copy-feats --write-num-frames=ark,t:exp/make_mfcc/train/utt2num_frames.1 --compress=true ark:- ark,scp:/home/srihari/kaldi/egs/Hindi-Digit-ASR/mfcc/raw_mfcc_train.1.ark,/home/srihari/kaldi/egs/Hindi-Digit-ASR/mfcc/raw_mfcc_train.1.scp 
compute-mfcc-feats --write-utt2dur=ark,t:exp/make_mfcc/train/utt2dur.1 --verbose=2 --config=conf/mfcc.conf scp,p:exp/make_mfcc/train/wav_train.1.scp ark:- 
WARNING (compute-mfcc-feats[5.5.1074~1-71f3]:main():compute-mfcc-feats.cc:122) Channel not specified but you have data with 2 channels; defaulting to zero
VLOG[2] (compute-mfcc-feats[5.5.1074~1-71f3]:main():compute-mfcc-feats.cc:182) Processed features for key akarsh_0_4_8
WARNING (compute-mfcc-feats[5.5.1074~1-71f3]:main():compute-mfcc-feats.cc:122) Channel not specified but you have data with 2 channels; defaulting to zero
VLOG[2] (compute-mfcc-feats[5.5.1074~1-71f3]:main():compute-mfcc-feats.cc:182) Processed features for key akarsh_1_1_7
WARNING (compute-mfcc-feats[5.5.1074~1-71f3]:main():compute-mfcc-feats.cc:122) Channel not specified but you have data with 2 channels; defaulting to zero
VLOG[2] (compute-mfcc-feats[5.5.1074~1-71f3]:main():compute-mfcc-feats.cc:182) Processed features for key akarsh_1_4_6
WARNING (compute-mfcc-feats[5.5.1074~1-71f3]:main():compute-mfcc-feats.cc:122) Channel not specified but you have data with 2 channels; defaulting to zero
VLOG[2] (compute-mfcc-feats[5.5.1074~1-71f3]:main():compute-mfcc-feats.cc:182) Processed features for key akarsh_2_2_7
WARNING (compute-mfcc-feats[5.5.1074~1-71f3]:main():compute-mfcc-feats.cc:122) Channel not specified but you have data with 2 channels; defaulting to zero
VLOG[2] (compute-mfcc-feats[5.5.1074~1-71f3]:main():compute-mfcc-feats.cc:182) Processed features for key akarsh_3_3_8
WARNING (compute-mfcc-feats[5.5.1074~1-71f3]:main():compute-mfcc-feats.cc:122) Channel not specified but you have data with 2 channels; defaulting to zero
VLOG[2] (compute-mfcc-feats[5.5.1074~1-71f3]:main():compute-mfcc-feats.cc:182) Processed features for key akarsh_4_7_0
WARNING (compute-mfcc-feats[5.5.1074~1-71f3]:main():compute-mfcc-feats.cc:122) Channel not specified but you have data with 2 channels; defaulting to zero
VLOG[2] (compute-mfcc-feats[5.5.1074~1-71f3]:main():compute-mfcc-feats.cc:182) Processed features for key akarsh_5_1_7
WARNING (compute-mfcc-feats[5.5.1074~1-71f3]:main():compute-mfcc-feats.cc:122) Channel not specified but you have data with 2 channels; defaulting to zero
VLOG[2] (compute-mfcc-feats[5.5.1074~1-71f3]:main():compute-mfcc-feats.cc:182) Processed features for key akarsh_5_6_4
WARNING (compute-mfcc-feats[5.5.1074~1-71f3]:main():compute-mfcc-feats.cc:122) Channel not specified but you have data with 2 channels; defaulting to zero
VLOG[2] (compute-mfcc-feats[5.5.1074~1-71f3]:main():compute-mfcc-feats.cc:182) Processed features for key akarsh_6_5_8
WARNING (compute-mfcc-feats[5.5.1074~1-71f3]:main():compute-mfcc-feats.cc:122) Channel not specified but you have data with 2 channels; defaulting to zero
LOG (compute-mfcc-feats[5.5.1074~1-71f3]:main():compute-mfcc-feats.cc:181) Processed 10 utterances
VLOG[2] (compute-mfcc-feats[5.5.1074~1-71f3]:main():compute-mfcc-feats.cc:182) Processed features for key akarsh_7_0_1
WARNING (compute-mfcc-feats[5.5.1074~1-71f3]:main():compute-mfcc-feats.cc:122) Channel not specified but you have data with 2 channels; defaulting to zero
VLOG[2] (compute-mfcc-feats[5.5.1074~1-71f3]:main():compute-mfcc-feats.cc:182) Processed features for key anindita_0_2_8
WARNING (compute-mfcc-feats[5.5.1074~1-71f3]:main():compute-mfcc-feats.cc:122) Channel not specified but you have data with 2 channels; defaulting to zero
VLOG[2] (compute-mfcc-feats[5.5.1074~1-71f3]:main():compute-mfcc-feats.cc:182) Processed features for key anindita_0_8_5
WARNING (compute-mfcc-feats[5.5.1074~1-71f3]:main():compute-mfcc-feats.cc:122) Channel not specified but you have data with 2 channels; defaulting to zero
VLOG[2] (compute-mfcc-feats[5.5.1074~1-71f3]:main():compute-mfcc-feats.cc:182) Processed features for key anindita_4_5_1
WARNING (compute-mfcc-feats[5.5.1074~1-71f3]:main():compute-mfcc-feats.cc:122) Channel not specified but you have data with 2 channels; defaulting to zero
VLOG[2] (compute-mfcc-feats[5.5.1074~1-71f3]:main():compute-mfcc-feats.cc:182) Processed features for key anindita_4_9_2
WARNING (compute-mfcc-feats[5.5.1074~1-71f3]:main():compute-mfcc-feats.cc:122) Channel not specified but you have data with 2 channels; defaulting to zero
VLOG[2] (compute-mfcc-feats[5.5.1074~1-71f3]:main():compute-mfcc-feats.cc:182) Processed features for key anindita_5_1_7
WARNING (compute-mfcc-feats[5.5.1074~1-71f3]:main():compute-mfcc-feats.cc:122) Channel not specified but you have data with 2 channels; defaulting to zero
VLOG[2] (compute-mfcc-feats[5.5.1074~1-71f3]:main():compute-mfcc-feats.cc:182) Processed features for key anindita_5_9_5
WARNING (compute-mfcc-feats[5.5.1074~1-71f3]:main():compute-mfcc-feats.cc:122) Channel not specified but you have data with 2 channels; defaulting to zero
VLOG[2] (compute-mfcc-feats[5.5.1074~1-71f3]:main():compute-mfcc-feats.cc:182) Processed features for key anindita_6_7_8
WARNING (compute-mfcc-feats[5.5.1074~1-71f3]:main():compute-mfcc-feats.cc:122) Channel not specified but you have data with 2 channels; defaulting to zero
VLOG[2] (compute-mfcc-feats[5.5.1074~1-71f3]:main():compute-mfcc-feats.cc:182) Processed features for key anindita_7_1_0
WARNING (compute-mfcc-feats[5.5.1074~1-71f3]:main():compute-mfcc-feats.cc:122) Channel not specified but you have data with 2 channels; defaulting to zero
VLOG[2] (compute-mfcc-feats[5.5.1074~1-71f3]:main():compute-mfcc-feats.cc:182) Processed features for key anindita_9_6_9
WARNING (compute-mfcc-feats[5.5.1074~1-71f3]:main():compute-mfcc-feats.cc:122) Channel not specified but you have data with 2 channels; defaulting to zero
LOG (compute-mfcc-feats[5.5.1074~1-71f3]:main():compute-mfcc-feats.cc:181) Processed 20 utterances
VLOG[2] (compute-mfcc-feats[5.5.1074~1-71f3]:main():compute-mfcc-feats.cc:182) Processed features for key anindita_9_9_5
WARNING (compute-mfcc-feats[5.5.1074~1-71f3]:main():compute-mfcc-feats.cc:122) Channel not specified but you have data with 2 channels; defaulting to zero
VLOG[2] (compute-mfcc-feats[5.5.1074~1-71f3]:main():compute-mfcc-feats.cc:182) Processed features for key anirudh_0_2_4
WARNING (compute-mfcc-feats[5.5.1074~1-71f3]:main():compute-mfcc-feats.cc:122) Channel not specified but you have data with 2 channels; defaulting to zero
VLOG[2] (compute-mfcc-feats[5.5.1074~1-71f3]:main():compute-mfcc-feats.cc:182) Processed features for key anirudh_0_6_7
WARNING (compute-mfcc-feats[5.5.1074~1-71f3]:main():compute-mfcc-feats.cc:122) Channel not specified but you have data with 2 channels; defaulting to zero
VLOG[2] (compute-mfcc-feats[5.5.1074~1-71f3]:main():compute-mfcc-feats.cc:182) Processed features for key anirudh_1_3_9
WARNING (compute-mfcc-feats[5.5.1074~1-71f3]:main():compute-mfcc-feats.cc:122) Channel not specified but you have data with 2 channels; defaulting to zero
VLOG[2] (compute-mfcc-feats[5.5.1074~1-71f3]:main():compute-mfcc-feats.cc:182) Processed features for key anirudh_2_1_7
WARNING (compute-mfcc-feats[5.5.1074~1-71f3]:main():compute-mfcc-feats.cc:122) Channel not specified but you have data with 2 channels; defaulting to zero
VLOG[2] (compute-mfcc-feats[5.5.1074~1-71f3]:main():compute-mfcc-feats.cc:182) Processed features for key anirudh_2_3_5
WARNING (compute-mfcc-feats[5.5.1074~1-71f3]:main():compute-mfcc-feats.cc:122) Channel not specified but you have data with 2 channels; defaulting to zero
VLOG[2] (compute-mfcc-feats[5.5.1074~1-71f3]:main():compute-mfcc-feats.cc:182) Processed features for key anirudh_2_9_2
WARNING (compute-mfcc-feats[5.5.1074~1-71f3]:main():compute-mfcc-feats.cc:122) Channel not specified but you have data with 2 channels; defaulting to zero
VLOG[2] (compute-mfcc-feats[5.5.1074~1-71f3]:main():compute-mfcc-feats.cc:182) Processed features for key anirudh_7_8_9
WARNING (compute-mfcc-feats[5.5.1074~1-71f3]:main():compute-mfcc-feats.cc:122) Channel not specified but you have data with 2 channels; defaulting to zero
VLOG[2] (compute-mfcc-feats[5.5.1074~1-71f3]:main():compute-mfcc-feats.cc:182) Processed features for key anirudh_8_4_8
WARNING (compute-mfcc-feats[5.5.1074~1-71f3]:main():compute-mfcc-feats.cc:122) Channel not specified but you have data with 2 channels; defaulting to zero
VLOG[2] (compute-mfcc-feats[5.5.1074~1-71f3]:main():compute-mfcc-feats.cc:182) Processed features for key anirudh_8_7_2
WARNING (compute-mfcc-feats[5.5.1074~1-71f3]:main():compute-mfcc-feats.cc:122) Channel not specified but you have data with 2 channels; defaulting to zero
LOG (compute-mfcc-feats[5.5.1074~1-71f3]:main():compute-mfcc-feats.cc:181) Processed 30 utterances
VLOG[2] (compute-mfcc-feats[5.5.1074~1-71f3]:main():compute-mfcc-feats.cc:182) Processed features for key anirudh_9_8_2
WARNING (compute-mfcc-feats[5.5.1074~1-71f3]:main():compute-mfcc-feats.cc:122) Channel not specified but you have data with 2 channels; defaulting to zero
VLOG[2] (compute-mfcc-feats[5.5.1074~1-71f3]:main():compute-mfcc-feats.cc:182) Processed features for key harinie_1_0_7
WARNING (compute-mfcc-feats[5.5.1074~1-71f3]:main():compute-mfcc-feats.cc:122) Channel not specified but you have data with 2 channels; defaulting to zero
VLOG[2] (compute-mfcc-feats[5.5.1074~1-71f3]:main():compute-mfcc-feats.cc:182) Processed features for key harinie_2_2_3
WARNING (compute-mfcc-feats[5.5.1074~1-71f3]:main():compute-mfcc-feats.cc:122) Channel not specified but you have data with 2 channels; defaulting to zero
VLOG[2] (compute-mfcc-feats[5.5.1074~1-71f3]:main():compute-mfcc-feats.cc:182) Processed features for key harinie_4_4_8
WARNING (compute-mfcc-feats[5.5.1074~1-71f3]:main():compute-mfcc-feats.cc:122) Channel not specified but you have data with 2 channels; defaulting to zero
VLOG[2] (compute-mfcc-feats[5.5.1074~1-71f3]:main():compute-mfcc-feats.cc:182) Processed features for key harinie_6_2_1
WARNING (compute-mfcc-feats[5.5.1074~1-71f3]:main():compute-mfcc-feats.cc:122) Channel not specified but you have data with 2 channels; defaulting to zero
VLOG[2] (compute-mfcc-feats[5.5.1074~1-71f3]:main():compute-mfcc-feats.cc:182) Processed features for key harinie_6_5_1
WARNING (compute-mfcc-feats[5.5.1074~1-71f3]:main():compute-mfcc-feats.cc:122) Channel not specified but you have data with 2 channels; defaulting to zero
VLOG[2] (compute-mfcc-feats[5.5.1074~1-71f3]:main():compute-mfcc-feats.cc:182) Processed features for key harinie_6_8_6
WARNING (compute-mfcc-feats[5.5.1074~1-71f3]:main():compute-mfcc-feats.cc:122) Channel not specified but you have data with 2 channels; defaulting to zero
VLOG[2] (compute-mfcc-feats[5.5.1074~1-71f3]:main():compute-mfcc-feats.cc:182) Processed features for key harinie_7_4_3
WARNING (compute-mfcc-feats[5.5.1074~1-71f3]:main():compute-mfcc-feats.cc:122) Channel not specified but you have data with 2 channels; defaulting to zero
VLOG[2] (compute-mfcc-feats[5.5.1074~1-71f3]:main():compute-mfcc-feats.cc:182) Processed features for key harinie_7_8_1
WARNING (compute-mfcc-feats[5.5.1074~1-71f3]:main():compute-mfcc-feats.cc:122) Channel not specified but you have data with 2 channels; defaulting to zero
VLOG[2] (compute-mfcc-feats[5.5.1074~1-71f3]:main():compute-mfcc-feats.cc:182) Processed features for key harinie_8_4_6
WARNING (compute-mfcc-feats[5.5.1074~1-71f3]:main():compute-mfcc-feats.cc:122) Channel not specified but you have data with 2 channels; defaulting to zero
LOG (compute-mfcc-feats[5.5.1074~1-71f3]:main():compute-mfcc-feats.cc:181) Processed 40 utterances
VLOG[2] (compute-mfcc-feats[5.5.1074~1-71f3]:main():compute-mfcc-feats.cc:182) Processed features for key harinie_9_2_1
WARNING (compute-mfcc-feats[5.5.1074~1-71f3]:main():compute-mfcc-feats.cc:122) Channel not specified but you have data with 2 channels; defaulting to zero
VLOG[2] (compute-mfcc-feats[5.5.1074~1-71f3]:main():compute-mfcc-feats.cc:182) Processed features for key manogna_0_6_2
WARNING (compute-mfcc-feats[5.5.1074~1-71f3]:main():compute-mfcc-feats.cc:122) Channel not specified but you have data with 2 channels; defaulting to zero
VLOG[2] (compute-mfcc-feats[5.5.1074~1-71f3]:main():compute-mfcc-feats.cc:182) Processed features for key manogna_2_2_9
WARNING (compute-mfcc-feats[5.5.1074~1-71f3]:main():compute-mfcc-feats.cc:122) Channel not specified but you have data with 2 channels; defaulting to zero
VLOG[2] (compute-mfcc-feats[5.5.1074~1-71f3]:main():compute-mfcc-feats.cc:182) Processed features for key manogna_2_5_3
WARNING (compute-mfcc-feats[5.5.1074~1-71f3]:main():compute-mfcc-feats.cc:122) Channel not specified but you have data with 2 channels; defaulting to zero
VLOG[2] (compute-mfcc-feats[5.5.1074~1-71f3]:main():compute-mfcc-feats.cc:182) Processed features for key manogna_3_1_0
WARNING (compute-mfcc-feats[5.5.1074~1-71f3]:main():compute-mfcc-feats.cc:122) Channel not specified but you have data with 2 channels; defaulting to zero
VLOG[2] (compute-mfcc-feats[5.5.1074~1-71f3]:main():compute-mfcc-feats.cc:182) Processed features for key manogna_3_1_7
WARNING (compute-mfcc-feats[5.5.1074~1-71f3]:main():compute-mfcc-feats.cc:122) Channel not specified but you have data with 2 channels; defaulting to zero
VLOG[2] (compute-mfcc-feats[5.5.1074~1-71f3]:main():compute-mfcc-feats.cc:182) Processed features for key manogna_3_8_3
WARNING (compute-mfcc-feats[5.5.1074~1-71f3]:main():compute-mfcc-feats.cc:122) Channel not specified but you have data with 2 channels; defaulting to zero
VLOG[2] (compute-mfcc-feats[5.5.1074~1-71f3]:main():compute-mfcc-feats.cc:182) Processed features for key manogna_4_1_3
WARNING (compute-mfcc-feats[5.5.1074~1-71f3]:main():compute-mfcc-feats.cc:122) Channel not specified but you have data with 2 channels; defaulting to zero
VLOG[2] (compute-mfcc-feats[5.5.1074~1-71f3]:main():compute-mfcc-feats.cc:182) Processed features for key manogna_4_9_9
WARNING (compute-mfcc-feats[5.5.1074~1-71f3]:main():compute-mfcc-feats.cc:122) Channel not specified but you have data with 2 channels; defaulting to zero
VLOG[2] (compute-mfcc-feats[5.5.1074~1-71f3]:main():compute-mfcc-feats.cc:182) Processed features for key manogna_5_1_9
WARNING (compute-mfcc-feats[5.5.1074~1-71f3]:main():compute-mfcc-feats.cc:122) Channel not specified but you have data with 2 channels; defaulting to zero
LOG (compute-mfcc-feats[5.5.1074~1-71f3]:main():compute-mfcc-feats.cc:181) Processed 50 utterances
VLOG[2] (compute-mfcc-feats[5.5.1074~1-71f3]:main():compute-mfcc-feats.cc:182) Processed features for key manogna_9_0_2
LOG (compute-mfcc-feats[5.5.1074~1-71f3]:main():compute-mfcc-feats.cc:185)  Done 50 out of 50 utterances.
LOG (copy-feats[5.5.1074~1-71f3]:main():copy-feats.cc:143) Copied 50 feature matrices.
# Accounting: time=0 threads=1
# Ended (code 0) at Sat Dec  9 11:39:27 IST 2023, elapsed time 0 seconds
