# lattice-best-path --lm-scale=11 --word-symbol-table=exp/tri2b/graph/words.txt "ark:gunzip -c exp/tri2b_mmi_b0.05/decode_it4/lat.*.gz|" ark,t:exp/tri2b_mmi_b0.05/decode_it4/scoring/11.tra 
# Started at Sat Dec  9 11:39:52 IST 2023
#
lattice-best-path --lm-scale=11 --word-symbol-table=exp/tri2b/graph/words.txt 'ark:gunzip -c exp/tri2b_mmi_b0.05/decode_it4/lat.*.gz|' ark,t:exp/tri2b_mmi_b0.05/decode_it4/scoring/11.tra 
LOG (lattice-best-path[5.5.1074~1-71f3]:main():lattice-best-path.cc:99) For utterance pramod_2_3_0, best cost 237.129 + 12855.6 = 13092.7 over 161 frames.
pramod_2_3_0 2 3 0 
LOG (lattice-best-path[5.5.1074~1-71f3]:main():lattice-best-path.cc:99) For utterance pramod_2_5_6, best cost 244.631 + 13577.3 = 13822 over 161 frames.
pramod_2_5_6 2 8 6 
LOG (lattice-best-path[5.5.1074~1-71f3]:main():lattice-best-path.cc:99) For utterance pramod_3_9_2, best cost 265.9 + 14665.1 = 14931 over 151 frames.
pramod_3_9_2 3 3 2 2 
LOG (lattice-best-path[5.5.1074~1-71f3]:main():lattice-best-path.cc:99) For utterance pramod_4_5_7, best cost 235.694 + 13452.3 = 13688 over 186 frames.
pramod_4_5_7 4 8 7 
LOG (lattice-best-path[5.5.1074~1-71f3]:main():lattice-best-path.cc:99) For utterance pramod_4_8_3, best cost 172.771 + 11218.1 = 11390.9 over 152 frames.
pramod_4_8_3 4 3 
LOG (lattice-best-path[5.5.1074~1-71f3]:main():lattice-best-path.cc:99) For utterance pramod_5_2_5, best cost 283.507 + 12990.8 = 13274.3 over 170 frames.
pramod_5_2_5 3 8 2 7 
LOG (lattice-best-path[5.5.1074~1-71f3]:main():lattice-best-path.cc:99) For utterance pramod_6_1_1, best cost 138.635 + 13792.2 = 13930.9 over 165 frames.
pramod_6_1_1 1 
LOG (lattice-best-path[5.5.1074~1-71f3]:main():lattice-best-path.cc:99) For utterance pramod_6_7_1, best cost 251.979 + 11721.7 = 11973.7 over 151 frames.
pramod_6_7_1 6 7 1 
LOG (lattice-best-path[5.5.1074~1-71f3]:main():lattice-best-path.cc:99) For utterance pramod_7_0_9, best cost 275.805 + 13368.1 = 13643.9 over 162 frames.
pramod_7_0_9 3 4 0 9 
LOG (lattice-best-path[5.5.1074~1-71f3]:main():lattice-best-path.cc:99) For utterance pramod_7_4_6, best cost 284.481 + 12661.5 = 12946 over 170 frames.
pramod_7_4_6 7 7 6 3 
LOG (lattice-best-path[5.5.1074~1-71f3]:main():lattice-best-path.cc:99) For utterance srihari_2_3_3, best cost 207.57 + 11054.6 = 11262.2 over 141 frames.
srihari_2_3_3 2 3 3 
LOG (lattice-best-path[5.5.1074~1-71f3]:main():lattice-best-path.cc:99) For utterance srihari_3_4_1, best cost 375.572 + 16048.7 = 16424.2 over 223 frames.
srihari_3_4_1 3 3 4 8 1 3 
LOG (lattice-best-path[5.5.1074~1-71f3]:main():lattice-best-path.cc:99) For utterance srihari_3_6_6, best cost 350.24 + 15068.4 = 15418.6 over 223 frames.
srihari_3_6_6 3 3 6 1 6 0 
LOG (lattice-best-path[5.5.1074~1-71f3]:main():lattice-best-path.cc:99) For utterance srihari_4_1_3, best cost 222.027 + 12433.5 = 12655.5 over 171 frames.
srihari_4_1_3 7 6 3 
LOG (lattice-best-path[5.5.1074~1-71f3]:main():lattice-best-path.cc:99) For utterance srihari_4_5_6, best cost 319.73 + 14126.5 = 14446.3 over 204 frames.
srihari_4_5_6 3 4 8 6 0 
LOG (lattice-best-path[5.5.1074~1-71f3]:main():lattice-best-path.cc:99) For utterance srihari_5_3_3, best cost 346.653 + 19058.5 = 19405.2 over 229 frames.
srihari_5_3_3 3 6 3 3 
LOG (lattice-best-path[5.5.1074~1-71f3]:main():lattice-best-path.cc:99) For utterance srihari_5_9_8, best cost 294.929 + 15987.8 = 16282.7 over 209 frames.
srihari_5_9_8 3 0 8 
LOG (lattice-best-path[5.5.1074~1-71f3]:main():lattice-best-path.cc:99) For utterance srihari_6_7_7, best cost 363.914 + 19820.1 = 20184 over 270 frames.
srihari_6_7_7 3 6 7 3 7 
LOG (lattice-best-path[5.5.1074~1-71f3]:main():lattice-best-path.cc:99) For utterance srihari_8_4_6, best cost 365.908 + 13589.7 = 13955.6 over 187 frames.
srihari_8_4_6 3 4 4 6 0 
LOG (lattice-best-path[5.5.1074~1-71f3]:main():lattice-best-path.cc:99) For utterance srihari_8_4_7, best cost 291.823 + 16172.4 = 16464.2 over 228 frames.
srihari_8_4_7 3 7 4 7 
LOG (lattice-best-path[5.5.1074~1-71f3]:main():lattice-best-path.cc:124) Overall cost per frame is 77.8653 = 1.48866 [graph] + 76.3767 [acoustic] over 3714 frames.
LOG (lattice-best-path[5.5.1074~1-71f3]:main():lattice-best-path.cc:128) Done 20 lattices, failed for 0
# Accounting: time=0 threads=1
# Ended (code 0) at Sat Dec  9 11:39:52 IST 2023, elapsed time 0 seconds
