# lattice-best-path --lm-scale=9 --word-symbol-table=exp/tri2b/graph/words.txt "ark:gunzip -c exp/tri2b_mmi_b0.05/decode_it4/lat.*.gz|" ark,t:exp/tri2b_mmi_b0.05/decode_it4/scoring/9.tra 
# Started at Sat Dec  9 11:39:52 IST 2023
#
lattice-best-path --lm-scale=9 --word-symbol-table=exp/tri2b/graph/words.txt 'ark:gunzip -c exp/tri2b_mmi_b0.05/decode_it4/lat.*.gz|' ark,t:exp/tri2b_mmi_b0.05/decode_it4/scoring/9.tra 
LOG (lattice-best-path[5.5.1074~1-71f3]:main():lattice-best-path.cc:99) For utterance pramod_2_3_0, best cost 194.015 + 12855.6 = 13049.6 over 161 frames.
pramod_2_3_0 2 3 0 
LOG (lattice-best-path[5.5.1074~1-71f3]:main():lattice-best-path.cc:99) For utterance pramod_2_5_6, best cost 229.949 + 13544.3 = 13774.2 over 161 frames.
pramod_2_5_6 3 2 8 6 
LOG (lattice-best-path[5.5.1074~1-71f3]:main():lattice-best-path.cc:99) For utterance pramod_3_9_2, best cost 217.555 + 14665.1 = 14882.7 over 151 frames.
pramod_3_9_2 3 3 2 2 
LOG (lattice-best-path[5.5.1074~1-71f3]:main():lattice-best-path.cc:99) For utterance pramod_4_5_7, best cost 192.84 + 13452.3 = 13645.2 over 186 frames.
pramod_4_5_7 4 8 7 
LOG (lattice-best-path[5.5.1074~1-71f3]:main():lattice-best-path.cc:99) For utterance pramod_4_8_3, best cost 141.358 + 11218.1 = 11359.5 over 152 frames.
pramod_4_8_3 4 3 
LOG (lattice-best-path[5.5.1074~1-71f3]:main():lattice-best-path.cc:99) For utterance pramod_5_2_5, best cost 231.961 + 12990.8 = 13222.8 over 170 frames.
pramod_5_2_5 3 8 2 7 
LOG (lattice-best-path[5.5.1074~1-71f3]:main():lattice-best-path.cc:99) For utterance pramod_6_1_1, best cost 113.428 + 13792.2 = 13905.7 over 165 frames.
pramod_6_1_1 1 
LOG (lattice-best-path[5.5.1074~1-71f3]:main():lattice-best-path.cc:99) For utterance pramod_6_7_1, best cost 206.165 + 11721.7 = 11927.8 over 151 frames.
pramod_6_7_1 6 7 1 
LOG (lattice-best-path[5.5.1074~1-71f3]:main():lattice-best-path.cc:99) For utterance pramod_7_0_9, best cost 225.658 + 13368.1 = 13593.7 over 162 frames.
pramod_7_0_9 3 4 0 9 
LOG (lattice-best-path[5.5.1074~1-71f3]:main():lattice-best-path.cc:99) For utterance pramod_7_4_6, best cost 232.757 + 12661.5 = 12894.3 over 170 frames.
pramod_7_4_6 7 7 6 3 
LOG (lattice-best-path[5.5.1074~1-71f3]:main():lattice-best-path.cc:99) For utterance srihari_2_3_3, best cost 169.83 + 11054.6 = 11224.5 over 141 frames.
srihari_2_3_3 2 3 3 
LOG (lattice-best-path[5.5.1074~1-71f3]:main():lattice-best-path.cc:99) For utterance srihari_3_4_1, best cost 307.286 + 16048.7 = 16356 over 223 frames.
srihari_3_4_1 3 3 4 8 1 3 
LOG (lattice-best-path[5.5.1074~1-71f3]:main():lattice-best-path.cc:99) For utterance srihari_3_6_6, best cost 286.56 + 15068.4 = 15355 over 223 frames.
srihari_3_6_6 3 3 6 1 6 0 
LOG (lattice-best-path[5.5.1074~1-71f3]:main():lattice-best-path.cc:99) For utterance srihari_4_1_3, best cost 181.658 + 12433.5 = 12615.1 over 171 frames.
srihari_4_1_3 7 6 3 
LOG (lattice-best-path[5.5.1074~1-71f3]:main():lattice-best-path.cc:99) For utterance srihari_4_5_6, best cost 261.598 + 14126.5 = 14388.1 over 204 frames.
srihari_4_5_6 3 4 8 6 0 
LOG (lattice-best-path[5.5.1074~1-71f3]:main():lattice-best-path.cc:99) For utterance srihari_5_3_3, best cost 320.365 + 19017.7 = 19338 over 229 frames.
srihari_5_3_3 4 3 6 3 3 
LOG (lattice-best-path[5.5.1074~1-71f3]:main():lattice-best-path.cc:99) For utterance srihari_5_9_8, best cost 241.305 + 15987.8 = 16229.1 over 209 frames.
srihari_5_9_8 3 0 8 
LOG (lattice-best-path[5.5.1074~1-71f3]:main():lattice-best-path.cc:99) For utterance srihari_6_7_7, best cost 297.748 + 19820.1 = 20117.8 over 270 frames.
srihari_6_7_7 3 6 7 3 7 
LOG (lattice-best-path[5.5.1074~1-71f3]:main():lattice-best-path.cc:99) For utterance srihari_8_4_6, best cost 299.379 + 13589.7 = 13889 over 187 frames.
srihari_8_4_6 3 4 4 6 0 
LOG (lattice-best-path[5.5.1074~1-71f3]:main():lattice-best-path.cc:99) For utterance srihari_8_4_7, best cost 238.764 + 16172.4 = 16411.2 over 228 frames.
srihari_8_4_7 3 7 4 7 
LOG (lattice-best-path[5.5.1074~1-71f3]:main():lattice-best-path.cc:124) Overall cost per frame is 77.5927 = 1.23591 [graph] + 76.3568 [acoustic] over 3714 frames.
LOG (lattice-best-path[5.5.1074~1-71f3]:main():lattice-best-path.cc:128) Done 20 lattices, failed for 0
# Accounting: time=0 threads=1
# Ended (code 0) at Sat Dec  9 11:39:52 IST 2023, elapsed time 0 seconds
