# lattice-best-path --lm-scale=15 --word-symbol-table=exp/tri2b/graph/words.txt "ark:gunzip -c exp/tri2b_mmi_b0.05/decode_it4/lat.*.gz|" ark,t:exp/tri2b_mmi_b0.05/decode_it4/scoring/15.tra 
# Started at Sat Dec  9 11:39:52 IST 2023
#
lattice-best-path --lm-scale=15 --word-symbol-table=exp/tri2b/graph/words.txt 'ark:gunzip -c exp/tri2b_mmi_b0.05/decode_it4/lat.*.gz|' ark,t:exp/tri2b_mmi_b0.05/decode_it4/scoring/15.tra 
LOG (lattice-best-path[5.5.1074~1-71f3]:main():lattice-best-path.cc:99) For utterance pramod_2_3_0, best cost 323.358 + 12855.6 = 13179 over 161 frames.
pramod_2_3_0 2 3 0 
LOG (lattice-best-path[5.5.1074~1-71f3]:main():lattice-best-path.cc:99) For utterance pramod_2_5_6, best cost 333.588 + 13577.3 = 13910.9 over 161 frames.
pramod_2_5_6 2 8 6 
LOG (lattice-best-path[5.5.1074~1-71f3]:main():lattice-best-path.cc:99) For utterance pramod_3_9_2, best cost 362.591 + 14665.1 = 15027.7 over 151 frames.
pramod_3_9_2 3 3 2 2 
LOG (lattice-best-path[5.5.1074~1-71f3]:main():lattice-best-path.cc:99) For utterance pramod_4_5_7, best cost 321.4 + 13452.3 = 13773.7 over 186 frames.
pramod_4_5_7 4 8 7 
LOG (lattice-best-path[5.5.1074~1-71f3]:main():lattice-best-path.cc:99) For utterance pramod_4_8_3, best cost 235.597 + 11218.1 = 11453.7 over 152 frames.
pramod_4_8_3 4 3 
LOG (lattice-best-path[5.5.1074~1-71f3]:main():lattice-best-path.cc:99) For utterance pramod_5_2_5, best cost 307.661 + 13061.1 = 13368.7 over 170 frames.
pramod_5_2_5 7 2 7 
LOG (lattice-best-path[5.5.1074~1-71f3]:main():lattice-best-path.cc:99) For utterance pramod_6_1_1, best cost 189.047 + 13792.2 = 13981.3 over 165 frames.
pramod_6_1_1 1 
LOG (lattice-best-path[5.5.1074~1-71f3]:main():lattice-best-path.cc:99) For utterance pramod_6_7_1, best cost 343.608 + 11721.7 = 12065.3 over 151 frames.
pramod_6_7_1 6 7 1 
LOG (lattice-best-path[5.5.1074~1-71f3]:main():lattice-best-path.cc:99) For utterance pramod_7_0_9, best cost 376.097 + 13368.1 = 13744.2 over 162 frames.
pramod_7_0_9 3 4 0 9 
LOG (lattice-best-path[5.5.1074~1-71f3]:main():lattice-best-path.cc:99) For utterance pramod_7_4_6, best cost 322.943 + 12714.4 = 13037.3 over 170 frames.
pramod_7_4_6 7 7 6 
LOG (lattice-best-path[5.5.1074~1-71f3]:main():lattice-best-path.cc:99) For utterance srihari_2_3_3, best cost 283.05 + 11054.6 = 11337.7 over 141 frames.
srihari_2_3_3 2 3 3 
LOG (lattice-best-path[5.5.1074~1-71f3]:main():lattice-best-path.cc:99) For utterance srihari_3_4_1, best cost 449.446 + 16104.9 = 16554.3 over 223 frames.
srihari_3_4_1 3 3 4 1 3 
LOG (lattice-best-path[5.5.1074~1-71f3]:main():lattice-best-path.cc:99) For utterance srihari_3_6_6, best cost 477.601 + 15068.4 = 15546 over 223 frames.
srihari_3_6_6 3 3 6 1 6 0 
LOG (lattice-best-path[5.5.1074~1-71f3]:main():lattice-best-path.cc:99) For utterance srihari_4_1_3, best cost 302.764 + 12433.5 = 12736.2 over 171 frames.
srihari_4_1_3 7 6 3 
LOG (lattice-best-path[5.5.1074~1-71f3]:main():lattice-best-path.cc:99) For utterance srihari_4_5_6, best cost 372.479 + 14179 = 14551.5 over 204 frames.
srihari_4_5_6 3 4 6 0 
LOG (lattice-best-path[5.5.1074~1-71f3]:main():lattice-best-path.cc:99) For utterance srihari_5_3_3, best cost 472.709 + 19058.5 = 19531.2 over 229 frames.
srihari_5_3_3 3 6 3 3 
LOG (lattice-best-path[5.5.1074~1-71f3]:main():lattice-best-path.cc:99) For utterance srihari_5_9_8, best cost 402.176 + 15987.8 = 16390 over 209 frames.
srihari_5_9_8 3 0 8 
LOG (lattice-best-path[5.5.1074~1-71f3]:main():lattice-best-path.cc:99) For utterance srihari_6_7_7, best cost 496.247 + 19820.1 = 20316.3 over 270 frames.
srihari_6_7_7 3 6 7 3 7 
LOG (lattice-best-path[5.5.1074~1-71f3]:main():lattice-best-path.cc:99) For utterance srihari_8_4_6, best cost 498.965 + 13589.7 = 14088.6 over 187 frames.
srihari_8_4_6 3 4 4 6 0 
LOG (lattice-best-path[5.5.1074~1-71f3]:main():lattice-best-path.cc:99) For utterance srihari_8_4_7, best cost 397.94 + 16172.4 = 16570.3 over 228 frames.
srihari_8_4_7 3 7 4 7 
LOG (lattice-best-path[5.5.1074~1-71f3]:main():lattice-best-path.cc:124) Overall cost per frame is 78.3964 = 1.95726 [graph] + 76.4391 [acoustic] over 3714 frames.
LOG (lattice-best-path[5.5.1074~1-71f3]:main():lattice-best-path.cc:128) Done 20 lattices, failed for 0
# Accounting: time=0 threads=1
# Ended (code 0) at Sat Dec  9 11:39:52 IST 2023, elapsed time 0 seconds
