# gunzip -c exp/tri2b_mpe/decode_it3/depth_tmp.*.gz | steps/diagnostic/analyze_lattice_depth_stats.py exp/tri2b/graph exp/tri2b_mpe/decode_it3/ali_frame_tmp.gz 
# Started at Sat Dec  9 11:39:55 IST 2023
#
The total amount of data analyzed assuming 100 frames per second is 0.0 hours
Overall, lattice depth (10,50,90-percentile)=(1,2,5) and mean=2.9
Nonsilence phones as a group account for 84.9% of frames, with lattice depth (10,50,90-percentile)=(1,2,5) and mean=2.9
Phone AH_I accounts for 20.1% of frames, with lattice depth (10,50,90-percentile)=(1,3,5) and mean=3.3
Phone sil accounts for 15.1% of frames, with lattice depth (10,50,90-percentile)=(1,2,5) and mean=2.8
Phone CH_B accounts for 11.1% of frames, with lattice depth (10,50,90-percentile)=(1,2,5) and mean=2.9
Phone IY_I accounts for 11.0% of frames, with lattice depth (10,50,90-percentile)=(1,2,3) and mean=2.4
Phone TH_B accounts for 6.2% of frames, with lattice depth (10,50,90-percentile)=(1,2,3) and mean=2.2
Phone S_B accounts for 5.3% of frames, with lattice depth (10,50,90-percentile)=(2,3,4) and mean=2.7
Phone EY_B accounts for 5.2% of frames, with lattice depth (10,50,90-percentile)=(1,2,5) and mean=2.3
Phone TH_E accounts for 4.4% of frames, with lattice depth (10,50,90-percentile)=(2,4,5) and mean=3.5
Phone DH_B accounts for 3.9% of frames, with lattice depth (10,50,90-percentile)=(1,1,3) and mean=1.8
Phone EY_E accounts for 3.9% of frames, with lattice depth (10,50,90-percentile)=(2,2,6) and mean=3.3
Phone AH_B accounts for 2.2% of frames, with lattice depth (10,50,90-percentile)=(2,3,5) and mean=3.4
Phone N_E accounts for 2.1% of frames, with lattice depth (10,50,90-percentile)=(1,2,5) and mean=2.4
Phone UW_I accounts for 1.6% of frames, with lattice depth (10,50,90-percentile)=(2,2,3) and mean=2.4
Phone Y_E accounts for 1.5% of frames, with lattice depth (10,50,90-percentile)=(1,3,4) and mean=2.6
Phone SH_B accounts for 1.3% of frames, with lattice depth (10,50,90-percentile)=(2,3,5) and mean=3.3
Phone R_E accounts for 1.2% of frames, with lattice depth (10,50,90-percentile)=(2,3,5) and mean=3.2
Phone OW_E accounts for 1.1% of frames, with lattice depth (10,50,90-percentile)=(2,4,4) and mean=3.3
Phone T_E accounts for 1.1% of frames, with lattice depth (10,50,90-percentile)=(3,3,8) and mean=4.5
Phone K_E accounts for 0.7% of frames, with lattice depth (10,50,90-percentile)=(1,10,10) and mean=7.0
# Accounting: time=0 threads=1
# Ended (code 0) at Sat Dec  9 11:39:55 IST 2023, elapsed time 0 seconds
