# lattice-depth-per-frame "ark:gunzip -c exp/tri2b_mmi/decode_it4/lat.1.gz|" "ark,t:|gzip -c > exp/tri2b_mmi/decode_it4/depth_tmp.1.gz" ark:- | lattice-best-path --acoustic-scale=0.1 ark:- ark:/dev/null "ark,t:|gzip -c >exp/tri2b_mmi/decode_it4/ali_tmp.1.gz" 
# Started at Sat Dec  9 11:39:50 IST 2023
#
lattice-depth-per-frame 'ark:gunzip -c exp/tri2b_mmi/decode_it4/lat.1.gz|' 'ark,t:|gzip -c > exp/tri2b_mmi/decode_it4/depth_tmp.1.gz' ark:- 
lattice-best-path --acoustic-scale=0.1 ark:- ark:/dev/null 'ark,t:|gzip -c >exp/tri2b_mmi/decode_it4/ali_tmp.1.gz' 
LOG (lattice-best-path[5.5.1074~1-71f3]:main():lattice-best-path.cc:99) For utterance pramod_2_3_0, best cost 21.5572 + 1284.76 = 1306.32 over 161 frames.
LOG (lattice-best-path[5.5.1074~1-71f3]:main():lattice-best-path.cc:99) For utterance pramod_2_5_6, best cost 26.8621 + 1352.56 = 1379.43 over 161 frames.
LOG (lattice-depth-per-frame[5.5.1074~1-71f3]:main():lattice-depth-per-frame.cc:82) Done 10 lattices.
LOG (lattice-best-path[5.5.1074~1-71f3]:main():lattice-best-path.cc:99) For utterance pramod_3_9_2, best cost 24.2484 + 1465.75 = 1490 over 151 frames.
LOG (lattice-best-path[5.5.1074~1-71f3]:main():lattice-best-path.cc:99) For utterance pramod_4_5_7, best cost 21.3862 + 1344.75 = 1366.13 over 186 frames.
LOG (lattice-best-path[5.5.1074~1-71f3]:main():lattice-best-path.cc:99) For utterance pramod_4_8_3, best cost 15.7065 + 1122.1 = 1137.81 over 152 frames.
LOG (lattice-best-path[5.5.1074~1-71f3]:main():lattice-best-path.cc:99) For utterance pramod_5_2_5, best cost 25.7734 + 1298.84 = 1324.61 over 170 frames.
LOG (lattice-best-path[5.5.1074~1-71f3]:main():lattice-best-path.cc:99) For utterance pramod_6_1_1, best cost 12.6032 + 1379.3 = 1391.9 over 165 frames.
LOG (lattice-best-path[5.5.1074~1-71f3]:main():lattice-best-path.cc:99) For utterance pramod_6_7_1, best cost 22.9072 + 1172.18 = 1195.08 over 151 frames.
LOG (lattice-best-path[5.5.1074~1-71f3]:main():lattice-best-path.cc:99) For utterance pramod_7_0_9, best cost 25.1444 + 1336.22 = 1361.36 over 162 frames.
LOG (lattice-best-path[5.5.1074~1-71f3]:main():lattice-best-path.cc:99) For utterance pramod_7_4_6, best cost 25.8671 + 1266.16 = 1292.02 over 170 frames.
LOG (lattice-best-path[5.5.1074~1-71f3]:main():lattice-best-path.cc:124) Overall cost per frame is 8.13056 = 0.136314 [graph] + 7.99424 [acoustic] over 1629 frames.
LOG (lattice-best-path[5.5.1074~1-71f3]:main():lattice-best-path.cc:128) Done 10 lattices, failed for 0
# Accounting: time=0 threads=1
# Ended (code 0) at Sat Dec  9 11:39:50 IST 2023, elapsed time 0 seconds
